[   41139ms] [ERROR] Warning: Text content did not match. Server: "%s" Client: "%s"%s PM 1:27:05 오후 1:27:06 
    at div
    at div
    at CustomerDashboardPage (webpack-internal:///(app-pages-browser)/./src/app/s/[code]/admin/page.tsx:58:78)
    at ClientPageRoot (webpack-internal:///(app-pages-browser)/./node_modules/next/dist/client/components/client-page.js:14:11)
    at InnerLayoutRouter (webpack-internal:///(app-pages-browser)/./node_modules/next/dist/client/components/layout-router.js:243:11)
    at RedirectErrorBoundary (webpack-internal:///(app-pages-browser)/./node_modules/next/dist/client/components/redirect-boundary.js:74:9)
    at RedirectBoundary (webpack-internal:///(app-pages-browser)/./node_modules/next/dist/client/components/redirect-boundary.js:82:11)
    at NotFoundBoundary (webpack-internal:///(app-pages-browser)/./node_modules/next/dist/client/components/not-found-boundary.js:84:11)
    at LoadingBoundary (webpack-internal:///(app-pages-browser)/./node_modules/next/dist/client/components/layout-router.js:349:11)
    at ErrorBoundary (webpack-internal:///(app-pages-browser)/./node_modules/next/dist/client/components/error-boundary.js:160:11)
    at InnerScrollAndFocusHandler (webpack-internal:///(app-pages-browser)/./node_modules/next/dist/client/components/layout-router.js:153:9)
    at ScrollAndFocusHandler (webpack-internal:///(app-pages-browser)/./node_modules/next/dist/client/components/layout-router.js:228:11)
    at RenderFromTemplateContext (webpack-internal:///(app-pages-browser)/./node_modules/next/dist/client/components/render-from-template-context.js:16:44)
    at OuterLayoutRouter (webpack-internal:///(app-pages-browser)/./node_modules/next/dist/client/components/layout-router.js:370:11)
    at main
    at div
    at div
    at CustomerAdminLayout (webpack-internal:///(app-pages-browser)/./src/app/s/[code]/admin/layout.tsx:38:11)
    at InnerLayoutRouter (webpack-internal:///(app-pages-browser)/./node_modules/next/dist/client/components/layout-router.js:243:11)
    at RedirectErrorBoundary (webpack-internal:///(app-pages-browser)/./node_modules/next/dist/client/components/redirect-boundary.js:74:9)
    at RedirectBoundary (webpack-internal:///(app-pages-browser)/./node_modules/next/dist/client/components/redirect-boundary.js:82:11)
    at NotFoundBoundary (webpack-internal:///(app-pages-browser)/./node_modules/next/dist/client/components/not-found-boundary.js:84:11)
    at LoadingBoundary (webpack-internal:///(app-pages-browser)/./node_modules/next/dist/client/components/layout-router.js:349:11)
    at ErrorBoundary (webpack-internal:///(app-pages-browser)/./node_modules/next/dist/client/components/error-boundary.js:160:11)
    at InnerScrollAndFocusHandler (webpack-internal:///(app-pages-browser)/./node_modules/next/dist/client/components/layout-router.js:153:9)
    at ScrollAndFocusHandler (webpack-internal:///(app-pages-browser)/./node_modules/next/dist/client/components/layout-router.js:228:11)
    at RenderFromTemplateContext (webpack-internal:///(app-pages-browser)/./node_modules/next/dist/client/components/render-from-template-context.js:16:44)
    at OuterLayoutRouter (webpack-internal:///(app-pages-browser)/./node_modules/next/dist/client/components/layout-router.js:370:11)
    at div
    at SiteLayout (Server)
    at InnerLayoutRouter (webpack-internal:///(app-pages-browser)/./node_modules/next/dist/client/components/layout-router.js:243:11)
    at RedirectErrorBoundary (webpack-internal:///(app-pages-browser)/./node_modules/next/dist/client/components/redirect-boundary.js:74:9)
    at RedirectBoundary (webpack-internal:///(app-pages-browser)/./node_modules/next/dist/client/components/redirect-boundary.js:82:11)
    at NotFoundBoundary (webpack-internal:///(app-pages-browser)/./node_modules/next/dist/client/components/not-found-boundary.js:84:11)
    at LoadingBoundary (webpack-internal:///(app-pages-browser)/./node_modules/next/dist/client/components/layout-router.js:349:11)
    at ErrorBoundary (webpack-internal:///(app-pages-browser)/./node_modules/next/dist/client/components/error-boundary.js:160:11)
    at InnerScrollAndFocusHandler (webpack-internal:///(app-pages-browser)/./node_modules/next/dist/client/components/layout-router.js:153:9)
    at ScrollAndFocusHandler (webpack-internal:///(app-pages-browser)/./node_modules/next/dist/client/components/layout-router.js:228:11)
    at RenderFromTemplateContext (webpack-internal:///(app-pages-browser)/./node_modules/next/dist/client/components/render-from-template-context.js:16:44)
    at OuterLayoutRouter (webpack-internal:///(app-pages-browser)/./node_modules/next/dist/client/components/layout-router.js:370:11)
    at InnerLayoutRouter (webpack-internal:///(app-pages-browser)/./node_modules/next/dist/client/components/layout-router.js:243:11)
    at RedirectErrorBoundary (webpack-internal:///(app-pages-browser)/./node_modules/next/dist/client/components/redirect-boundary.js:74:9)
    at RedirectBoundary (webpack-internal:///(app-pages-browser)/./node_modules/next/dist/client/components/redirect-boundary.js:82:11)
    at NotFoundErrorBoundary (webpack-internal:///(app-pages-browser)/./node_modules/next/dist/client/components/not-found-boundary.js:76:9)
    at NotFoundBoundary (webpack-internal:///(app-pages-browser)/./node_modules/next/dist/client/components/not-found-boundary.js:84:11)
    at LoadingBoundary (webpack-internal:///(app-pages-browser)/./node_modules/next/dist/client/components/layout-router.js:349:11)
    at ErrorBoundary (webpack-internal:///(app-pages-browser)/./node_modules/next/dist/client/components/error-boundary.js:160:11)
    at InnerScrollAndFocusHandler (webpack-internal:///(app-pages-browser)/./node_modules/next/dist/client/components/layout-router.js:153:9)
    at ScrollAndFocusHandler (webpack-internal:///(app-pages-browser)/./node_modules/next/dist/client/components/layout-router.js:228:11)
    at RenderFromTemplateContext (webpack-internal:///(app-pages-browser)/./node_modules/next/dist/client/components/render-from-template-context.js:16:44)
    at OuterLayoutRouter (webpack-internal:///(app-pages-browser)/./node_modules/next/dist/client/components/layout-router.js:370:11)
    at body
    at html
    at RootLayout (Server)
    at RedirectErrorBoundary (webpack-internal:///(app-pages-browser)/./node_modules/next/dist/client/components/redirect-boundary.js:74:9)
    at RedirectBoundary (webpack-internal:///(app-pages-browser)/./node_modules/next/dist/client/components/redirect-boundary.js:82:11)
    at NotFoundErrorBoundary (webpack-internal:///(app-pages-browser)/./node_modules/next/dist/client/components/not-found-boundary.js:76:9)
    at NotFoundBoundary (webpack-internal:///(app-pages-browser)/./node_modules/next/dist/client/components/not-found-boundary.js:84:11)
    at DevRootNotFoundBoundary (webpack-internal:///(app-pages-browser)/./node_modules/next/dist/client/components/dev-root-not-found-boundary.js:33:11)
    at ReactDevOverlay (webpack-internal:///(app-pages-browser)/./node_modules/next/dist/client/components/react-dev-overlay/app/ReactDevOverlay.js:87:9)
    at HotReload (webpack-internal:///(app-pages-browser)/./node_modules/next/dist/client/components/react-dev-overlay/app/hot-reloader-client.js:321:11)
    at Router (webpack-internal:///(app-pages-browser)/./node_modules/next/dist/client/components/app-router.js:207:11)
    at ErrorBoundaryHandler (webpack-internal:///(app-pages-browser)/./node_modules/next/dist/client/components/error-boundary.js:113:9)
    at ErrorBoundary (webpack-internal:///(app-pages-browser)/./node_modules/next/dist/client/components/error-boundary.js:160:11)
    at AppRouter (webpack-internal:///(app-pages-browser)/./node_modules/next/dist/client/components/app-router.js:585:13)
    at ServerRoot (webpack-internal:///(app-pages-browser)/./node_modules/next/dist/client/app-index.js:112:27)
    at Root (webpack-internal:///(app-pages-browser)/./node_modules/next/dist/client/app-index.js:117:11) @ webpack-internal:///(app-pages-browser)/./node_modules/next/dist/client/app-index.js:32
[   41141ms] [ERROR] Warning: An error occurred during hydration. The server HTML was replaced with client content in <%s>. #document @ webpack-internal:///(app-pages-browser)/./node_modules/next/dist/client/app-index.js:32
[   41184ms] Error: Text content does not match server-rendered HTML.
See more info here: https://nextjs.org/docs/messages/react-hydration-error
    at checkForUnmatchedText (webpack-internal:///(app-pages-browser)/./node_modules/next/dist/compiled/react-dom/cjs/react-dom.development.js:32797:11)
    at didNotMatchHydratedTextInstance (webpack-internal:///(app-pages-browser)/./node_modules/next/dist/compiled/react-dom/cjs/react-dom.development.js:36222:5)
    at prepareToHydrateHostTextInstance (webpack-internal:///(app-pages-browser)/./node_modules/next/dist/compiled/react-dom/cjs/react-dom.development.js:7288:13)
    at completeWork (webpack-internal:///(app-pages-browser)/./node_modules/next/dist/compiled/react-dom/cjs/react-dom.development.js:19821:17)
    at completeUnitOfWork (webpack-internal:///(app-pages-browser)/./node_modules/next/dist/compiled/react-dom/cjs/react-dom.development.js:25963:14)
    at performUnitOfWork (webpack-internal:///(app-pages-browser)/./node_modules/next/dist/compiled/react-dom/cjs/react-dom.development.js:25759:5)
    at workLoopConcurrent (webpack-internal:///(app-pages-browser)/./node_modules/next/dist/compiled/react-dom/cjs/react-dom.development.js:25734:5)
    at renderRootConcurrent (webpack-internal:///(app-pages-browser)/./node_modules/next/dist/compiled/react-dom/cjs/react-dom.development.js:25690:9)
    at performConcurrentWorkOnRoot (webpack-internal:///(app-pages-browser)/./node_modules/next/dist/compiled/react-dom/cjs/react-dom.development.js:24504:38)
    at workLoop (webpack-internal:///(app-pages-browser)/./node_modules/next/dist/compiled/scheduler/cjs/scheduler.development.js:256:34)
    at flushWork (webpack-internal:///(app-pages-browser)/./node_modules/next/dist/compiled/scheduler/cjs/scheduler.development.js:225:14)
    at MessagePort.performWorkUntilDeadline (webpack-internal:///(app-pages-browser)/./node_modules/next/dist/compiled/scheduler/cjs/scheduler.development.js:534:21)
[   41184ms] Error: Text content does not match server-rendered HTML.
See more info here: https://nextjs.org/docs/messages/react-hydration-error
    at checkForUnmatchedText (webpack-internal:///(app-pages-browser)/./node_modules/next/dist/compiled/react-dom/cjs/react-dom.development.js:32797:11)
    at didNotMatchHydratedTextInstance (webpack-internal:///(app-pages-browser)/./node_modules/next/dist/compiled/react-dom/cjs/react-dom.development.js:36222:5)
    at prepareToHydrateHostTextInstance (webpack-internal:///(app-pages-browser)/./node_modules/next/dist/compiled/react-dom/cjs/react-dom.development.js:7288:13)
    at completeWork (webpack-internal:///(app-pages-browser)/./node_modules/next/dist/compiled/react-dom/cjs/react-dom.development.js:19821:17)
    at completeUnitOfWork (webpack-internal:///(app-pages-browser)/./node_modules/next/dist/compiled/react-dom/cjs/react-dom.development.js:25963:14)
    at performUnitOfWork (webpack-internal:///(app-pages-browser)/./node_modules/next/dist/compiled/react-dom/cjs/react-dom.development.js:25759:5)
    at workLoopConcurrent (webpack-internal:///(app-pages-browser)/./node_modules/next/dist/compiled/react-dom/cjs/react-dom.development.js:25734:5)
    at renderRootConcurrent (webpack-internal:///(app-pages-browser)/./node_modules/next/dist/compiled/react-dom/cjs/react-dom.development.js:25690:9)
    at performConcurrentWorkOnRoot (webpack-internal:///(app-pages-browser)/./node_modules/next/dist/compiled/react-dom/cjs/react-dom.development.js:24504:38)
    at workLoop (webpack-internal:///(app-pages-browser)/./node_modules/next/dist/compiled/scheduler/cjs/scheduler.development.js:256:34)
    at flushWork (webpack-internal:///(app-pages-browser)/./node_modules/next/dist/compiled/scheduler/cjs/scheduler.development.js:225:14)
    at MessagePort.performWorkUntilDeadline (webpack-internal:///(app-pages-browser)/./node_modules/next/dist/compiled/scheduler/cjs/scheduler.development.js:534:21)
[   41185ms] Error: Text content does not match server-rendered HTML.
See more info here: https://nextjs.org/docs/messages/react-hydration-error
    at checkForUnmatchedText (webpack-internal:///(app-pages-browser)/./node_modules/next/dist/compiled/react-dom/cjs/react-dom.development.js:32797:11)
    at didNotMatchHydratedTextInstance (webpack-internal:///(app-pages-browser)/./node_modules/next/dist/compiled/react-dom/cjs/react-dom.development.js:36222:5)
    at prepareToHydrateHostTextInstance (webpack-internal:///(app-pages-browser)/./node_modules/next/dist/compiled/react-dom/cjs/react-dom.development.js:7288:13)
    at completeWork (webpack-internal:///(app-pages-browser)/./node_modules/next/dist/compiled/react-dom/cjs/react-dom.development.js:19821:17)
    at completeUnitOfWork (webpack-internal:///(app-pages-browser)/./node_modules/next/dist/compiled/react-dom/cjs/react-dom.development.js:25963:14)
    at performUnitOfWork (webpack-internal:///(app-pages-browser)/./node_modules/next/dist/compiled/react-dom/cjs/react-dom.development.js:25759:5)
    at workLoopConcurrent (webpack-internal:///(app-pages-browser)/./node_modules/next/dist/compiled/react-dom/cjs/react-dom.development.js:25734:5)
    at renderRootConcurrent (webpack-internal:///(app-pages-browser)/./node_modules/next/dist/compiled/react-dom/cjs/react-dom.development.js:25690:9)
    at performConcurrentWorkOnRoot (webpack-internal:///(app-pages-browser)/./node_modules/next/dist/compiled/react-dom/cjs/react-dom.development.js:24504:38)
    at workLoop (webpack-internal:///(app-pages-browser)/./node_modules/next/dist/compiled/scheduler/cjs/scheduler.development.js:256:34)
    at flushWork (webpack-internal:///(app-pages-browser)/./node_modules/next/dist/compiled/scheduler/cjs/scheduler.development.js:225:14)
    at MessagePort.performWorkUntilDeadline (webpack-internal:///(app-pages-browser)/./node_modules/next/dist/compiled/scheduler/cjs/scheduler.development.js:534:21)
[   41185ms] Error: Text content does not match server-rendered HTML.
See more info here: https://nextjs.org/docs/messages/react-hydration-error
    at checkForUnmatchedText (webpack-internal:///(app-pages-browser)/./node_modules/next/dist/compiled/react-dom/cjs/react-dom.development.js:32797:11)
    at didNotMatchHydratedTextInstance (webpack-internal:///(app-pages-browser)/./node_modules/next/dist/compiled/react-dom/cjs/react-dom.development.js:36222:5)
    at prepareToHydrateHostTextInstance (webpack-internal:///(app-pages-browser)/./node_modules/next/dist/compiled/react-dom/cjs/react-dom.development.js:7288:13)
    at completeWork (webpack-internal:///(app-pages-browser)/./node_modules/next/dist/compiled/react-dom/cjs/react-dom.development.js:19821:17)
    at completeUnitOfWork (webpack-internal:///(app-pages-browser)/./node_modules/next/dist/compiled/react-dom/cjs/react-dom.development.js:25963:14)
    at performUnitOfWork (webpack-internal:///(app-pages-browser)/./node_modules/next/dist/compiled/react-dom/cjs/react-dom.development.js:25759:5)
    at workLoopConcurrent (webpack-internal:///(app-pages-browser)/./node_modules/next/dist/compiled/react-dom/cjs/react-dom.development.js:25734:5)
    at renderRootConcurrent (webpack-internal:///(app-pages-browser)/./node_modules/next/dist/compiled/react-dom/cjs/react-dom.development.js:25690:9)
    at performConcurrentWorkOnRoot (webpack-internal:///(app-pages-browser)/./node_modules/next/dist/compiled/react-dom/cjs/react-dom.development.js:24504:38)
    at workLoop (webpack-internal:///(app-pages-browser)/./node_modules/next/dist/compiled/scheduler/cjs/scheduler.development.js:256:34)
    at flushWork (webpack-internal:///(app-pages-browser)/./node_modules/next/dist/compiled/scheduler/cjs/scheduler.development.js:225:14)
    at MessagePort.performWorkUntilDeadline (webpack-internal:///(app-pages-browser)/./node_modules/next/dist/compiled/scheduler/cjs/scheduler.development.js:534:21)
[   41185ms] Error: Text content does not match server-rendered HTML.
See more info here: https://nextjs.org/docs/messages/react-hydration-error
    at checkForUnmatchedText (webpack-internal:///(app-pages-browser)/./node_modules/next/dist/compiled/react-dom/cjs/react-dom.development.js:32797:11)
    at didNotMatchHydratedTextInstance (webpack-internal:///(app-pages-browser)/./node_modules/next/dist/compiled/react-dom/cjs/react-dom.development.js:36222:5)
    at prepareToHydrateHostTextInstance (webpack-internal:///(app-pages-browser)/./node_modules/next/dist/compiled/react-dom/cjs/react-dom.development.js:7288:13)
    at completeWork (webpack-internal:///(app-pages-browser)/./node_modules/next/dist/compiled/react-dom/cjs/react-dom.development.js:19821:17)
    at completeUnitOfWork (webpack-internal:///(app-pages-browser)/./node_modules/next/dist/compiled/react-dom/cjs/react-dom.development.js:25963:14)
    at performUnitOfWork (webpack-internal:///(app-pages-browser)/./node_modules/next/dist/compiled/react-dom/cjs/react-dom.development.js:25759:5)
    at workLoopConcurrent (webpack-internal:///(app-pages-browser)/./node_modules/next/dist/compiled/react-dom/cjs/react-dom.development.js:25734:5)
    at renderRootConcurrent (webpack-internal:///(app-pages-browser)/./node_modules/next/dist/compiled/react-dom/cjs/react-dom.development.js:25690:9)
    at performConcurrentWorkOnRoot (webpack-internal:///(app-pages-browser)/./node_modules/next/dist/compiled/react-dom/cjs/react-dom.development.js:24504:38)
    at workLoop (webpack-internal:///(app-pages-browser)/./node_modules/next/dist/compiled/scheduler/cjs/scheduler.development.js:256:34)
    at flushWork (webpack-internal:///(app-pages-browser)/./node_modules/next/dist/compiled/scheduler/cjs/scheduler.development.js:225:14)
    at MessagePort.performWorkUntilDeadline (webpack-internal:///(app-pages-browser)/./node_modules/next/dist/compiled/scheduler/cjs/scheduler.development.js:534:21)
[   41185ms] Error: Text content does not match server-rendered HTML.
See more info here: https://nextjs.org/docs/messages/react-hydration-error
    at checkForUnmatchedText (webpack-internal:///(app-pages-browser)/./node_modules/next/dist/compiled/react-dom/cjs/react-dom.development.js:32797:11)
    at didNotMatchHydratedTextInstance (webpack-internal:///(app-pages-browser)/./node_modules/next/dist/compiled/react-dom/cjs/react-dom.development.js:36222:5)
    at prepareToHydrateHostTextInstance (webpack-internal:///(app-pages-browser)/./node_modules/next/dist/compiled/react-dom/cjs/react-dom.development.js:7288:13)
    at completeWork (webpack-internal:///(app-pages-browser)/./node_modules/next/dist/compiled/react-dom/cjs/react-dom.development.js:19821:17)
    at completeUnitOfWork (webpack-internal:///(app-pages-browser)/./node_modules/next/dist/compiled/react-dom/cjs/react-dom.development.js:25963:14)
    at performUnitOfWork (webpack-internal:///(app-pages-browser)/./node_modules/next/dist/compiled/react-dom/cjs/react-dom.development.js:25759:5)
    at workLoopConcurrent (webpack-internal:///(app-pages-browser)/./node_modules/next/dist/compiled/react-dom/cjs/react-dom.development.js:25734:5)
    at renderRootConcurrent (webpack-internal:///(app-pages-browser)/./node_modules/next/dist/compiled/react-dom/cjs/react-dom.development.js:25690:9)
    at performConcurrentWorkOnRoot (webpack-internal:///(app-pages-browser)/./node_modules/next/dist/compiled/react-dom/cjs/react-dom.development.js:24504:38)
    at workLoop (webpack-internal:///(app-pages-browser)/./node_modules/next/dist/compiled/scheduler/cjs/scheduler.development.js:256:34)
    at flushWork (webpack-internal:///(app-pages-browser)/./node_modules/next/dist/compiled/scheduler/cjs/scheduler.development.js:225:14)
    at MessagePort.performWorkUntilDeadline (webpack-internal:///(app-pages-browser)/./node_modules/next/dist/compiled/scheduler/cjs/scheduler.development.js:534:21)
[   41185ms] Error: Text content does not match server-rendered HTML.
See more info here: https://nextjs.org/docs/messages/react-hydration-error
    at checkForUnmatchedText (webpack-internal:///(app-pages-browser)/./node_modules/next/dist/compiled/react-dom/cjs/react-dom.development.js:32797:11)
    at didNotMatchHydratedTextInstance (webpack-internal:///(app-pages-browser)/./node_modules/next/dist/compiled/react-dom/cjs/react-dom.development.js:36222:5)
    at prepareToHydrateHostTextInstance (webpack-internal:///(app-pages-browser)/./node_modules/next/dist/compiled/react-dom/cjs/react-dom.development.js:7288:13)
    at completeWork (webpack-internal:///(app-pages-browser)/./node_modules/next/dist/compiled/react-dom/cjs/react-dom.development.js:19821:17)
    at completeUnitOfWork (webpack-internal:///(app-pages-browser)/./node_modules/next/dist/compiled/react-dom/cjs/react-dom.development.js:25963:14)
    at performUnitOfWork (webpack-internal:///(app-pages-browser)/./node_modules/next/dist/compiled/react-dom/cjs/react-dom.development.js:25759:5)
    at workLoopConcurrent (webpack-internal:///(app-pages-browser)/./node_modules/next/dist/compiled/react-dom/cjs/react-dom.development.js:25734:5)
    at renderRootConcurrent (webpack-internal:///(app-pages-browser)/./node_modules/next/dist/compiled/react-dom/cjs/react-dom.development.js:25690:9)
    at performConcurrentWorkOnRoot (webpack-internal:///(app-pages-browser)/./node_modules/next/dist/compiled/react-dom/cjs/react-dom.development.js:24504:38)
    at workLoop (webpack-internal:///(app-pages-browser)/./node_modules/next/dist/compiled/scheduler/cjs/scheduler.development.js:256:34)
    at flushWork (webpack-internal:///(app-pages-browser)/./node_modules/next/dist/compiled/scheduler/cjs/scheduler.development.js:225:14)
    at MessagePort.performWorkUntilDeadline (webpack-internal:///(app-pages-browser)/./node_modules/next/dist/compiled/scheduler/cjs/scheduler.development.js:534:21)
[   41185ms] Error: Text content does not match server-rendered HTML.
See more info here: https://nextjs.org/docs/messages/react-hydration-error
    at checkForUnmatchedText (webpack-internal:///(app-pages-browser)/./node_modules/next/dist/compiled/react-dom/cjs/react-dom.development.js:32797:11)
    at didNotMatchHydratedTextInstance (webpack-internal:///(app-pages-browser)/./node_modules/next/dist/compiled/react-dom/cjs/react-dom.development.js:36222:5)
    at prepareToHydrateHostTextInstance (webpack-internal:///(app-pages-browser)/./node_modules/next/dist/compiled/react-dom/cjs/react-dom.development.js:7288:13)
    at completeWork (webpack-internal:///(app-pages-browser)/./node_modules/next/dist/compiled/react-dom/cjs/react-dom.development.js:19821:17)
    at completeUnitOfWork (webpack-internal:///(app-pages-browser)/./node_modules/next/dist/compiled/react-dom/cjs/react-dom.development.js:25963:14)
    at performUnitOfWork (webpack-internal:///(app-pages-browser)/./node_modules/next/dist/compiled/react-dom/cjs/react-dom.development.js:25759:5)
    at workLoopConcurrent (webpack-internal:///(app-pages-browser)/./node_modules/next/dist/compiled/react-dom/cjs/react-dom.development.js:25734:5)
    at renderRootConcurrent (webpack-internal:///(app-pages-browser)/./node_modules/next/dist/compiled/react-dom/cjs/react-dom.development.js:25690:9)
    at performConcurrentWorkOnRoot (webpack-internal:///(app-pages-browser)/./node_modules/next/dist/compiled/react-dom/cjs/react-dom.development.js:24504:38)
    at workLoop (webpack-internal:///(app-pages-browser)/./node_modules/next/dist/compiled/scheduler/cjs/scheduler.development.js:256:34)
    at flushWork (webpack-internal:///(app-pages-browser)/./node_modules/next/dist/compiled/scheduler/cjs/scheduler.development.js:225:14)
    at MessagePort.performWorkUntilDeadline (webpack-internal:///(app-pages-browser)/./node_modules/next/dist/compiled/scheduler/cjs/scheduler.development.js:534:21)
[   41186ms] Error: There was an error while hydrating. Because the error happened outside of a Suspense boundary, the entire root will switch to client rendering.
See more info here: https://nextjs.org/docs/messages/react-hydration-error
    at updateHostRoot (webpack-internal:///(app-pages-browser)/./node_modules/next/dist/compiled/react-dom/cjs/react-dom.development.js:16571:57)
    at beginWork$1 (webpack-internal:///(app-pages-browser)/./node_modules/next/dist/compiled/react-dom/cjs/react-dom.development.js:18486:14)
    at beginWork (webpack-internal:///(app-pages-browser)/./node_modules/next/dist/compiled/react-dom/cjs/react-dom.development.js:26927:14)
    at performUnitOfWork (webpack-internal:///(app-pages-browser)/./node_modules/next/dist/compiled/react-dom/cjs/react-dom.development.js:25748:12)
    at workLoopSync (webpack-internal:///(app-pages-browser)/./node_modules/next/dist/compiled/react-dom/cjs/react-dom.development.js:25464:5)
    at renderRootSync (webpack-internal:///(app-pages-browser)/./node_modules/next/dist/compiled/react-dom/cjs/react-dom.development.js:25419:7)
    at recoverFromConcurrentError (webpack-internal:///(app-pages-browser)/./node_modules/next/dist/compiled/react-dom/cjs/react-dom.development.js:24597:20)
    at performConcurrentWorkOnRoot (webpack-internal:///(app-pages-browser)/./node_modules/next/dist/compiled/react-dom/cjs/react-dom.development.js:24542:26)
    at workLoop (webpack-internal:///(app-pages-browser)/./node_modules/next/dist/compiled/scheduler/cjs/scheduler.development.js:256:34)
    at flushWork (webpack-internal:///(app-pages-browser)/./node_modules/next/dist/compiled/scheduler/cjs/scheduler.development.js:225:14)
    at MessagePort.performWorkUntilDeadline (webpack-internal:///(app-pages-browser)/./node_modules/next/dist/compiled/scheduler/cjs/scheduler.development.js:534:21)
[   67064ms] [ERROR] Failed to load resource: the server responded with a status of 403 (Forbidden) @ http://localhost:3001/api/site/settings:0
[   67075ms] [ERROR] Failed to load resource: the server responded with a status of 403 (Forbidden) @ http://localhost:3001/api/site/settings:0
[   74337ms] [ERROR] Failed to load resource: the server responded with a status of 403 (Forbidden) @ http://localhost:3001/api/site/profiles:0
[   74343ms] [ERROR] Failed to load resource: the server responded with a status of 403 (Forbidden) @ http://localhost:3001/api/site/profiles:0
[   75393ms] [ERROR] Failed to load resource: the server responded with a status of 403 (Forbidden) @ http://localhost:3001/api/site/pledges:0
[   75401ms] [ERROR] Failed to load resource: the server responded with a status of 403 (Forbidden) @ http://localhost:3001/api/site/pledges:0
[   77323ms] [ERROR] Failed to load resource: the server responded with a status of 403 (Forbidden) @ http://localhost:3001/api/site/contacts:0
[   77330ms] [ERROR] Failed to load resource: the server responded with a status of 403 (Forbidden) @ http://localhost:3001/api/site/contacts:0
[   81506ms] [ERROR] Failed to load resource: the server responded with a status of 403 (Forbidden) @ http://localhost:3001/api/site/settings:0
[   81514ms] [ERROR] Failed to load resource: the server responded with a status of 403 (Forbidden) @ http://localhost:3001/api/site/settings:0
[   88638ms] [ERROR] ./src/app/s/[code]/admin/page.tsx
Error: 
  x the name `useState` is defined multiple times
    ,-[/Users/jojo/pro/myhome/src/app/s/[code]/admin/page.tsx:1:1]
  1 | "use client";
  2 | 
  3 | import { useState, useEffect } from "react";
    :          ^^^^|^^^
    :              `-- previous definition of `useState` here
  4 | import { useParams } from "next/navigation";
  5 | import Link from "next/link";
  6 | import { IconifyIcon } from "@/components/ui/iconify-icon";
  7 | 
  8 | const STAT_CARDS = [
  9 |   { label: "오늘 방문자", icon: "solar:eye-bold", color: "text-blue-400", value: 0 },
 10 |   { label: "이번 주", icon: "solar:calendar-bold", color: "text-green-400", value: 0 },
 11 |   { label: "이번 달", icon: "solar:chart-2-bold", color: "text-purple-400", value: 0 },
 12 | ];
 13 | 
 14 | const QUICK_LINKS = [
 15 |   { label: "기본설정", icon: "solar:settings-bold", tab: "settings" },
 16 |   { label: "프로필 관리", icon: "solar:user-bold", tab: "profile" },
 17 |   { label: "공약 관리", icon: "solar:clipboard-list-bold", tab: "pledges" },
 18 |   { label: "연락처 관리", icon: "solar:phone-bold", tab: "contacts" },
 19 | ];
 20 | 
 21 | import { useState, useEffect } from "react";
    :          ^^^^|^^^
    :              `-- `useState` redefined here
 22 | 
 23 | export default function CustomerDashboardPage() {
 24 |   const params = useParams();
    `----

  x the name `useEffect` is defined multiple times
    ,-[/Users/jojo/pro/myhome/src/app/s/[code]/admin/page.tsx:1:1]
  1 | "use client";
  2 | 
  3 | import { useState, useEffect } from "react";
    :                    ^^^^|^^^^
    :                        `-- previous definition of `useEffect` here
  4 | import { useParams } from "next/navigation";
  5 | import Link from "next/link";
  6 | import { IconifyIcon } from "@/components/ui/iconify-icon";
  7 | 
  8 | const STAT_CARDS = [
  9 |   { label: "오늘 방문자", icon: "solar:eye-bold", color: "text-blue-400", value: 0 },
 10 |   { label: "이번 주", icon: "solar:calendar-bold", color: "text-green-400", value: 0 },
 11 |   { label: "이번 달", icon: "solar:chart-2-bold", color: "text-purple-400", value: 0 },
 12 | ];
 13 | 
 14 | const QUICK_LINKS = [
 15 |   { label: "기본설정", icon: "solar:settings-bold", tab: "settings" },
 16 |   { label: "프로필 관리", icon: "solar:user-bold", tab: "profile" },
 17 |   { label: "공약 관리", icon: "solar:clipboard-list-bold", tab: "pledges" },
 18 |   { label: "연락처 관리", icon: "solar:phone-bold", tab: "contacts" },
 19 | ];
 20 | 
 21 | import { useState, useEffect } from "react";
    :                    ^^^^|^^^^
    :                        `-- `useEffect` redefined here
 22 | 
 23 | export default function CustomerDashboardPage() {
 24 |   const params = useParams();
    `----

Import trace for requested module:
./src/app/s/[code]/admin/page.tsx @ webpack-internal:///(app-pages-browser)/./node_modules/next/dist/client/app-index.js:32
[   88737ms] [ERROR] ./src/app/s/[code]/admin/page.tsx
Error: 
  x the name `useState` is defined multiple times
    ,-[/Users/jojo/pro/myhome/src/app/s/[code]/admin/page.tsx:1:1]
  1 | "use client";
  2 | 
  3 | import { useState, useEffect } from "react";
    :          ^^^^|^^^
    :              `-- previous definition of `useState` here
  4 | import { useParams } from "next/navigation";
  5 | import Link from "next/link";
  6 | import { IconifyIcon } from "@/components/ui/iconify-icon";
  7 | 
  8 | const STAT_CARDS = [
  9 |   { label: "오늘 방문자", icon: "solar:eye-bold", color: "text-blue-400", value: 0 },
 10 |   { label: "이번 주", icon: "solar:calendar-bold", color: "text-green-400", value: 0 },
 11 |   { label: "이번 달", icon: "solar:chart-2-bold", color: "text-purple-400", value: 0 },
 12 | ];
 13 | 
 14 | const QUICK_LINKS = [
 15 |   { label: "기본설정", icon: "solar:settings-bold", tab: "settings" },
 16 |   { label: "프로필 관리", icon: "solar:user-bold", tab: "profile" },
 17 |   { label: "공약 관리", icon: "solar:clipboard-list-bold", tab: "pledges" },
 18 |   { label: "연락처 관리", icon: "solar:phone-bold", tab: "contacts" },
 19 | ];
 20 | 
 21 | import { useState, useEffect } from "react";
    :          ^^^^|^^^
    :              `-- `useState` redefined here
 22 | 
 23 | export default function CustomerDashboardPage() {
 24 |   const params = useParams();
    `----

  x the name `useEffect` is defined multiple times
    ,-[/Users/jojo/pro/myhome/src/app/s/[code]/admin/page.tsx:1:1]
  1 | "use client";
  2 | 
  3 | import { useState, useEffect } from "react";
    :                    ^^^^|^^^^
    :                        `-- previous definition of `useEffect` here
  4 | import { useParams } from "next/navigation";
  5 | import Link from "next/link";
  6 | import { IconifyIcon } from "@/components/ui/iconify-icon";
  7 | 
  8 | const STAT_CARDS = [
  9 |   { label: "오늘 방문자", icon: "solar:eye-bold", color: "text-blue-400", value: 0 },
 10 |   { label: "이번 주", icon: "solar:calendar-bold", color: "text-green-400", value: 0 },
 11 |   { label: "이번 달", icon: "solar:chart-2-bold", color: "text-purple-400", value: 0 },
 12 | ];
 13 | 
 14 | const QUICK_LINKS = [
 15 |   { label: "기본설정", icon: "solar:settings-bold", tab: "settings" },
 16 |   { label: "프로필 관리", icon: "solar:user-bold", tab: "profile" },
 17 |   { label: "공약 관리", icon: "solar:clipboard-list-bold", tab: "pledges" },
 18 |   { label: "연락처 관리", icon: "solar:phone-bold", tab: "contacts" },
 19 | ];
 20 | 
 21 | import { useState, useEffect } from "react";
    :                    ^^^^|^^^^
    :                        `-- `useEffect` redefined here
 22 | 
 23 | export default function CustomerDashboardPage() {
 24 |   const params = useParams();
    `----

Import trace for requested module:
./src/app/s/[code]/admin/page.tsx @ webpack-internal:///(app-pages-browser)/./node_modules/next/dist/client/app-index.js:32
[   90597ms] [ERROR] ./src/app/s/[code]/admin/page.tsx
Error: 
  x the name `useState` is defined multiple times
    ,-[/Users/jojo/pro/myhome/src/app/s/[code]/admin/page.tsx:1:1]
  1 | "use client";
  2 | 
  3 | import { useState, useEffect } from "react";
    :          ^^^^|^^^
    :              `-- previous definition of `useState` here
  4 | import { useParams } from "next/navigation";
  5 | import Link from "next/link";
  6 | import { IconifyIcon } from "@/components/ui/iconify-icon";
  7 | 
  8 | const STAT_CARDS = [
  9 |   { label: "오늘 방문자", icon: "solar:eye-bold", color: "text-blue-400", value: 0 },
 10 |   { label: "이번 주", icon: "solar:calendar-bold", color: "text-green-400", value: 0 },
 11 |   { label: "이번 달", icon: "solar:chart-2-bold", color: "text-purple-400", value: 0 },
 12 | ];
 13 | 
 14 | const QUICK_LINKS = [
 15 |   { label: "기본설정", icon: "solar:settings-bold", tab: "settings" },
 16 |   { label: "프로필 관리", icon: "solar:user-bold", tab: "profile" },
 17 |   { label: "공약 관리", icon: "solar:clipboard-list-bold", tab: "pledges" },
 18 |   { label: "연락처 관리", icon: "solar:phone-bold", tab: "contacts" },
 19 | ];
 20 | 
 21 | import { useState, useEffect } from "react";
    :          ^^^^|^^^
    :              `-- `useState` redefined here
 22 | 
 23 | export default function CustomerDashboardPage() {
 24 |   const params = useParams();
    `----

  x the name `useEffect` is defined multiple times
    ,-[/Users/jojo/pro/myhome/src/app/s/[code]/admin/page.tsx:1:1]
  1 | "use client";
  2 | 
  3 | import { useState, useEffect } from "react";
    :                    ^^^^|^^^^
    :                        `-- previous definition of `useEffect` here
  4 | import { useParams } from "next/navigation";
  5 | import Link from "next/link";
  6 | import { IconifyIcon } from "@/components/ui/iconify-icon";
  7 | 
  8 | const STAT_CARDS = [
  9 |   { label: "오늘 방문자", icon: "solar:eye-bold", color: "text-blue-400", value: 0 },
 10 |   { label: "이번 주", icon: "solar:calendar-bold", color: "text-green-400", value: 0 },
 11 |   { label: "이번 달", icon: "solar:chart-2-bold", color: "text-purple-400", value: 0 },
 12 | ];
 13 | 
 14 | const QUICK_LINKS = [
 15 |   { label: "기본설정", icon: "solar:settings-bold", tab: "settings" },
 16 |   { label: "프로필 관리", icon: "solar:user-bold", tab: "profile" },
 17 |   { label: "공약 관리", icon: "solar:clipboard-list-bold", tab: "pledges" },
 18 |   { label: "연락처 관리", icon: "solar:phone-bold", tab: "contacts" },
 19 | ];
 20 | 
 21 | import { useState, useEffect } from "react";
    :                    ^^^^|^^^^
    :                        `-- `useEffect` redefined here
 22 | 
 23 | export default function CustomerDashboardPage() {
 24 |   const params = useParams();
    `----

Import trace for requested module:
./src/app/s/[code]/admin/page.tsx @ webpack-internal:///(app-pages-browser)/./node_modules/next/dist/client/app-index.js:32
[   90773ms] [ERROR] Failed to load resource: the server responded with a status of 500 (Internal Server Error) @ http://localhost:3001/s/demo/admin?_rsc=l05k6:0
[   90781ms] [ERROR] Failed to load resource: the server responded with a status of 500 (Internal Server Error) @ http://localhost:3001/s/demo/admin?_rsc=l05k6:0
[   90807ms] [ERROR] Failed to load resource: the server responded with a status of 500 (Internal Server Error) @ http://localhost:3001/s/demo/admin?_rsc=l05k6:0
[   90911ms] [ERROR] Failed to load resource: the server responded with a status of 500 (Internal Server Error) @ http://localhost:3001/s/demo/admin:0
[   91189ms] ModuleBuildError: Module build failed (from ./node_modules/next/dist/build/webpack/loaders/next-swc-loader.js):
Error: 
  x the name `useState` is defined multiple times
    ,-[/Users/jojo/pro/myhome/src/app/s/[code]/admin/page.tsx:1:1]
  1 | "use client";
  2 | 
  3 | import { useState, useEffect } from "react";
    :          ^^^^|^^^
    :              `-- previous definition of `useState` here
  4 | import { useParams } from "next/navigation";
  5 | import Link from "next/link";
  6 | import { IconifyIcon } from "@/components/ui/iconify-icon";
  7 | 
  8 | const STAT_CARDS = [
  9 |   { label: "오늘 방문자", icon: "solar:eye-bold", color: "text-blue-400", value: 0 },
 10 |   { label: "이번 주", icon: "solar:calendar-bold", color: "text-green-400", value: 0 },
 11 |   { label: "이번 달", icon: "solar:chart-2-bold", color: "text-purple-400", value: 0 },
 12 | ];
 13 | 
 14 | const QUICK_LINKS = [
 15 |   { label: "기본설정", icon: "solar:settings-bold", tab: "settings" },
 16 |   { label: "프로필 관리", icon: "solar:user-bold", tab: "profile" },
 17 |   { label: "공약 관리", icon: "solar:clipboard-list-bold", tab: "pledges" },
 18 |   { label: "연락처 관리", icon: "solar:phone-bold", tab: "contacts" },
 19 | ];
 20 | 
 21 | import { useState, useEffect } from "react";
    :          ^^^^|^^^
    :              `-- `useState` redefined here
 22 | 
 23 | export default function CustomerDashboardPage() {
 24 |   const params = useParams();
    `----

  x the name `useEffect` is defined multiple times
    ,-[/Users/jojo/pro/myhome/src/app/s/[code]/admin/page.tsx:1:1]
  1 | "use client";
  2 | 
  3 | import { useState, useEffect } from "react";
    :                    ^^^^|^^^^
    :                        `-- previous definition of `useEffect` here
  4 | import { useParams } from "next/navigation";
  5 | import Link from "next/link";
  6 | import { IconifyIcon } from "@/components/ui/iconify-icon";
  7 | 
  8 | const STAT_CARDS = [
  9 |   { label: "오늘 방문자", icon: "solar:eye-bold", color: "text-blue-400", value: 0 },
 10 |   { label: "이번 주", icon: "solar:calendar-bold", color: "text-green-400", value: 0 },
 11 |   { label: "이번 달", icon: "solar:chart-2-bold", color: "text-purple-400", value: 0 },
 12 | ];
 13 | 
 14 | const QUICK_LINKS = [
 15 |   { label: "기본설정", icon: "solar:settings-bold", tab: "settings" },
 16 |   { label: "프로필 관리", icon: "solar:user-bold", tab: "profile" },
 17 |   { label: "공약 관리", icon: "solar:clipboard-list-bold", tab: "pledges" },
 18 |   { label: "연락처 관리", icon: "solar:phone-bold", tab: "contacts" },
 19 | ];
 20 | 
 21 | import { useState, useEffect } from "react";
    :                    ^^^^|^^^^
    :                        `-- `useEffect` redefined here
 22 | 
 23 | export default function CustomerDashboardPage() {
 24 |   const params = useParams();
    `----

    at processResult (file:///Users/jojo/pro/myhome/node_modules/next/dist/compiled/webpack/bundle5.js:28:400590)
    at <unknown> (file:///Users/jojo/pro/myhome/node_modules/next/dist/compiled/webpack/bundle5.js:28:402302)
    at <unknown> (file:///Users/jojo/pro/myhome/node_modules/next/dist/compiled/loader-runner/LoaderRunner.js:1:8645)
    at <unknown> (file:///Users/jojo/pro/myhome/node_modules/next/dist/compiled/loader-runner/LoaderRunner.js:1:5019)
    at r.callback (file:///Users/jojo/pro/myhome/node_modules/next/dist/compiled/loader-runner/LoaderRunner.js:1:4039)
[   91187ms] [ERROR] ./src/app/s/[code]/admin/page.tsx
Error: 
  x the name `useState` is defined multiple times
    ,-[/Users/jojo/pro/myhome/src/app/s/[code]/admin/page.tsx:1:1]
  1 | "use client";
  2 | 
  3 | import { useState, useEffect } from "react";
    :          ^^^^|^^^
    :              `-- previous definition of `useState` here
  4 | import { useParams } from "next/navigation";
  5 | import Link from "next/link";
  6 | import { IconifyIcon } from "@/components/ui/iconify-icon";
  7 | 
  8 | const STAT_CARDS = [
  9 |   { label: "오늘 방문자", icon: "solar:eye-bold", color: "text-blue-400", value: 0 },
 10 |   { label: "이번 주", icon: "solar:calendar-bold", color: "text-green-400", value: 0 },
 11 |   { label: "이번 달", icon: "solar:chart-2-bold", color: "text-purple-400", value: 0 },
 12 | ];
 13 | 
 14 | const QUICK_LINKS = [
 15 |   { label: "기본설정", icon: "solar:settings-bold", tab: "settings" },
 16 |   { label: "프로필 관리", icon: "solar:user-bold", tab: "profile" },
 17 |   { label: "공약 관리", icon: "solar:clipboard-list-bold", tab: "pledges" },
 18 |   { label: "연락처 관리", icon: "solar:phone-bold", tab: "contacts" },
 19 | ];
 20 | 
 21 | import { useState, useEffect } from "react";
    :          ^^^^|^^^
    :              `-- `useState` redefined here
 22 | 
 23 | export default function CustomerDashboardPage() {
 24 |   const params = useParams();
    `----

  x the name `useEffect` is defined multiple times
    ,-[/Users/jojo/pro/myhome/src/app/s/[code]/admin/page.tsx:1:1]
  1 | "use client";
  2 | 
  3 | import { useState, useEffect } from "react";
    :                    ^^^^|^^^^
    :                        `-- previous definition of `useEffect` here
  4 | import { useParams } from "next/navigation";
  5 | import Link from "next/link";
  6 | import { IconifyIcon } from "@/components/ui/iconify-icon";
  7 | 
  8 | const STAT_CARDS = [
  9 |   { label: "오늘 방문자", icon: "solar:eye-bold", color: "text-blue-400", value: 0 },
 10 |   { label: "이번 주", icon: "solar:calendar-bold", color: "text-green-400", value: 0 },
 11 |   { label: "이번 달", icon: "solar:chart-2-bold", color: "text-purple-400", value: 0 },
 12 | ];
 13 | 
 14 | const QUICK_LINKS = [
 15 |   { label: "기본설정", icon: "solar:settings-bold", tab: "settings" },
 16 |   { label: "프로필 관리", icon: "solar:user-bold", tab: "profile" },
 17 |   { label: "공약 관리", icon: "solar:clipboard-list-bold", tab: "pledges" },
 18 |   { label: "연락처 관리", icon: "solar:phone-bold", tab: "contacts" },
 19 | ];
 20 | 
 21 | import { useState, useEffect } from "react";
    :                    ^^^^|^^^^
    :                        `-- `useEffect` redefined here
 22 | 
 23 | export default function CustomerDashboardPage() {
 24 |   const params = useParams();
    `---- @ webpack-internal:///./node_modules/next/dist/client/components/react-dev-overlay/internal/helpers/hydration-error-info.js:62
[  102531ms] [ERROR] Failed to load resource: the server responded with a status of 404 (Not Found) @ http://localhost:3001/_next/static/webpack/b047ddbcc889202b.webpack.hot-update.json:0
[  102531ms] [WARNING] [Fast Refresh] performing full reload because your application had an unrecoverable error @ webpack-internal:///./node_modules/next/dist/client/components/react-dev-overlay/pages/hot-reloader-client.js:349
