[    8903ms] [ERROR] Failed to load resource: net::ERR_FAILED @ chrome://favicon2/?size=16&scaleFactor=1x&pageUrl=chrome%3A%2F%2Fchrome-urls%2F&allowGoogleServerFallback=0&forceLightMode=true&forceEmptyDefaultFavicon=1:0
[   14566ms] [WARNING] Failed to execute 'postMessage' on 'DOMWindow': The target origin provided ('https://www.youtube.com') does not match the recipient window's origin ('https://www.google.com'). @ https://www.youtube.com/s/player/8e54e4ea/www-widgetapi.vflset/www-widgetapi.js:209
[   15464ms] [ERROR] [TangerineBox] Telemetry configuration is missing. Error: Error: Session data meta tag not found @ https://a.b.cdn.console.awsstatic.com/a/v1/CEQ753HGI4VIEBGCDVTGJAUVQGBTUEBLQAPUZKXOPUCG73VLELWQ/4f9d21011c2f449797c97ad39e28d981db54e8abc2d447ce9b3129dbc8be99c4.js:1
[   15464ms] [ERROR] [TangerineBox] Telemetry configuration is missing. Error: Error: Session data meta tag not found @ https://a.b.cdn.console.awsstatic.com/a/v1/CEQ753HGI4VIEBGCDVTGJAUVQGBTUEBLQAPUZKXOPUCG73VLELWQ/4f9d21011c2f449797c97ad39e28d981db54e8abc2d447ce9b3129dbc8be99c4.js:1
[   15468ms] [WARNING] Unable to parse the data using legacy methods @ https://a.b.cdn.console.awsstatic.com/a/v1/CEQ753HGI4VIEBGCDVTGJAUVQGBTUEBLQAPUZKXOPUCG73VLELWQ/4f9d21011c2f449797c97ad39e28d981db54e8abc2d447ce9b3129dbc8be99c4.js:1
[   15468ms] [ERROR] Couldn't determine console domain and dual-stack values. @ https://a.b.cdn.console.awsstatic.com/a/v1/CEQ753HGI4VIEBGCDVTGJAUVQGBTUEBLQAPUZKXOPUCG73VLELWQ/4f9d21011c2f449797c97ad39e28d981db54e8abc2d447ce9b3129dbc8be99c4.js:1
[   19565ms] [ERROR] The Content-Security-Policy directive 'default-src' contains the keyword 'none' alongside with other source expressions. The keyword 'none' must be the only source expression in the directive value, otherwise it is ignored. @ https://ap-southeast-2.signin.aws.amazon.com/oauth?client_id=arn%3Aaws%3Asignin%3A%3A%3Aconsole%2Fcanvas&code_challenge=EMG0kMsf1qp5_UR8uJjaqQO7seU4cjrSHvQKhVIA8Vs&code_challenge_method=SHA-256&response_type=code&redirect_uri=https%3A%2F%2Fconsole.aws.amazon.com%2Fconsole%2Fhome%3Fca-oauth-flow-id%3Deae0%26hashArgs%3D%2523%26isauthcode%3Dtrue%26nc2%3Dh_si%26oauthStart%3D1774675713981%26refid%3D06dd4e64-3ddf-405e-bec9-d2414185926c%26src%3Dheader-signin%26state%3DhashArgsFromTB_ap-southeast-2_2ac81e75629be8b6:0
[   31496ms] [ERROR] [TangerineBox] Telemetry configuration is missing. Error: Error: Session data meta tag not found @ https://a.b.cdn.console.awsstatic.com/a/v1/CEQ753HGI4VIEBGCDVTGJAUVQGBTUEBLQAPUZKXOPUCG73VLELWQ/4f9d21011c2f449797c97ad39e28d981db54e8abc2d447ce9b3129dbc8be99c4.js:1
[   31497ms] [ERROR] [TangerineBox] Telemetry configuration is missing. Error: Error: Session data meta tag not found @ https://a.b.cdn.console.awsstatic.com/a/v1/CEQ753HGI4VIEBGCDVTGJAUVQGBTUEBLQAPUZKXOPUCG73VLELWQ/4f9d21011c2f449797c97ad39e28d981db54e8abc2d447ce9b3129dbc8be99c4.js:1
[   31498ms] [WARNING] Unable to parse the data using legacy methods @ https://a.b.cdn.console.awsstatic.com/a/v1/CEQ753HGI4VIEBGCDVTGJAUVQGBTUEBLQAPUZKXOPUCG73VLELWQ/4f9d21011c2f449797c97ad39e28d981db54e8abc2d447ce9b3129dbc8be99c4.js:1
[   31498ms] [ERROR] Couldn't determine console domain and dual-stack values. @ https://a.b.cdn.console.awsstatic.com/a/v1/CEQ753HGI4VIEBGCDVTGJAUVQGBTUEBLQAPUZKXOPUCG73VLELWQ/4f9d21011c2f449797c97ad39e28d981db54e8abc2d447ce9b3129dbc8be99c4.js:1
[   32818ms] [ERROR] The Content-Security-Policy directive 'default-src' contains the keyword 'none' alongside with other source expressions. The keyword 'none' must be the only source expression in the directive value, otherwise it is ignored. @ https://signin.aws.amazon.com/signup?request_type=register:0
[   33830ms] Error: Minified React error #418; visit https://reactjs.org/docs/error-decoder.html?invariant=418 for the full message or use the non-minified dev environment for full errors and additional helpful warnings.
    at lg (https://signin.aws.amazon.com/v2/assets/_next/static/chunks/framework-945b357d4a851f4b.js:1:46435)
    at i (https://signin.aws.amazon.com/v2/assets/_next/static/chunks/framework-945b357d4a851f4b.js:1:121150)
    at oO (https://signin.aws.amazon.com/v2/assets/_next/static/chunks/framework-945b357d4a851f4b.js:1:99117)
    at https://signin.aws.amazon.com/v2/assets/_next/static/chunks/framework-945b357d4a851f4b.js:1:98984
    at oF (https://signin.aws.amazon.com/v2/assets/_next/static/chunks/framework-945b357d4a851f4b.js:1:98991)
    at oS (https://signin.aws.amazon.com/v2/assets/_next/static/chunks/framework-945b357d4a851f4b.js:1:94030)
    at x (https://signin.aws.amazon.com/v2/assets/_next/static/chunks/framework-945b357d4a851f4b.js:1:137528)
    at MessagePort.T (https://signin.aws.amazon.com/v2/assets/_next/static/chunks/framework-945b357d4a851f4b.js:1:138058)
[   33830ms] Error: Minified React error #423; visit https://reactjs.org/docs/error-decoder.html?invariant=423 for the full message or use the non-minified dev environment for full errors and additional helpful warnings.
    at i (https://signin.aws.amazon.com/v2/assets/_next/static/chunks/framework-945b357d4a851f4b.js:1:120819)
    at oO (https://signin.aws.amazon.com/v2/assets/_next/static/chunks/framework-945b357d4a851f4b.js:1:99117)
    at https://signin.aws.amazon.com/v2/assets/_next/static/chunks/framework-945b357d4a851f4b.js:1:98984
    at oF (https://signin.aws.amazon.com/v2/assets/_next/static/chunks/framework-945b357d4a851f4b.js:1:98991)
    at ox (https://signin.aws.amazon.com/v2/assets/_next/static/chunks/framework-945b357d4a851f4b.js:1:95743)
    at oS (https://signin.aws.amazon.com/v2/assets/_next/static/chunks/framework-945b357d4a851f4b.js:1:94298)
    at x (https://signin.aws.amazon.com/v2/assets/_next/static/chunks/framework-945b357d4a851f4b.js:1:137528)
    at MessagePort.T (https://signin.aws.amazon.com/v2/assets/_next/static/chunks/framework-945b357d4a851f4b.js:1:138058)
[   36648ms] [ERROR] The Content-Security-Policy directive 'default-src' contains the keyword 'none' alongside with other source expressions. The keyword 'none' must be the only source expression in the directive value, otherwise it is ignored. @ https://ap-southeast-2.signin.aws.amazon.com/oauth?client_id=arn%3Aaws%3Asignin%3A%3A%3Aconsole%2Fcanvas&code_challenge=EMG0kMsf1qp5_UR8uJjaqQO7seU4cjrSHvQKhVIA8Vs&code_challenge_method=SHA-256&response_type=code&redirect_uri=https%3A%2F%2Fconsole.aws.amazon.com%2Fconsole%2Fhome%3Fca-oauth-flow-id%3Deae0%26hashArgs%3D%2523%26isauthcode%3Dtrue%26nc2%3Dh_si%26oauthStart%3D1774675713981%26refid%3D06dd4e64-3ddf-405e-bec9-d2414185926c%26src%3Dheader-signin%26state%3DhashArgsFromTB_ap-southeast-2_2ac81e75629be8b6:0
[   47123ms] [ERROR] The Content-Security-Policy directive 'default-src' contains the keyword 'none' alongside with other source expressions. The keyword 'none' must be the only source expression in the directive value, otherwise it is ignored. @ https://signin.aws.amazon.com/signin?client_id=arn%3Aaws%3Asignin%3A%3A%3Aconsole%2Fcanvas&redirect_uri=https%3A%2F%2Fconsole.aws.amazon.com%2Fconsole%2Fhome%3Fca-oauth-flow-id%3Deae0%26hashArgs%3D%2523%26isauthcode%3Dtrue%26nc2%3Dh_si%26oauthStart%3D1774675713981%26refid%3D06dd4e64-3ddf-405e-bec9-d2414185926c%26src%3Dheader-signin%26state%3DhashArgsFromTB_ap-southeast-2_2ac81e75629be8b6&page=resolve&code_challenge=EMG0kMsf1qp5_UR8uJjaqQO7seU4cjrSHvQKhVIA8Vs&code_challenge_method=SHA-256&backwards_compatible=true:0
