[  229947ms] [ERROR] ./src/components/templates/election/election-template.tsx:3:1
Module not found: Can't resolve './election-keywords'
  1 | import type { SiteData } from "@/types/site";
  2 | import ElectionHero from "./election-hero";
> 3 | import ElectionKeywords from "./election-keywords";
    | ^
  4 | import ElectionProfile from "./election-profile";
  5 | import ElectionPledges from "./election-pledges";
  6 | import ElectionGallery from "./election-gallery";

https://nextjs.org/docs/messages/module-not-found

Import trace for requested module:
./src/app/s/[code]/page.tsx @ webpack-internal:///(app-pages-browser)/./node_modules/next/dist/client/app-index.js:32
[  229947ms] [ERROR] ./src/components/templates/election/election-template.tsx:12:1
Module not found: Can't resolve './election-nav'
  10 | import ElectionContacts from "./election-contacts";
  11 | import ElectionFooter from "./election-footer";
> 12 | import ElectionNav from "./election-nav";
     | ^
  13 |
  14 | interface Props {
  15 |   data: SiteData;

https://nextjs.org/docs/messages/module-not-found

Import trace for requested module:
./src/app/s/[code]/page.tsx @ webpack-internal:///(app-pages-browser)/./node_modules/next/dist/client/app-index.js:32
[  230139ms] [ERROR] Failed to load resource: the server responded with a status of 500 (Internal Server Error) @ http://localhost:3001/s/demo?_rsc=1epne:0
[  230520ms] [ERROR] Failed to load resource: the server responded with a status of 500 (Internal Server Error) @ http://localhost:3001/s/demo:0
[  230927ms] Error: Module not found: Can't resolve './election-keywords'
  1 | import type { SiteData } from "@/types/site";
  2 | import ElectionHero from "./election-hero";
> 3 | import ElectionKeywords from "./election-keywords";
    | ^
  4 | import ElectionProfile from "./election-profile";
  5 | import ElectionPledges from "./election-pledges";
  6 | import ElectionGallery from "./election-gallery";

https://nextjs.org/docs/messages/module-not-found

Import trace for requested module:
./src/app/s/[code]/page.tsx
    at <unknown> (https://nextjs.org/docs/messages/module-not-found)
    at getNotFoundError (file:///Users/jojo/pro/myhome/node_modules/next/dist/build/webpack/plugins/wellknown-errors-plugin/parseNotFoundError.js:124:16)
    at async getModuleBuildError (file:///Users/jojo/pro/myhome/node_modules/next/dist/build/webpack/plugins/wellknown-errors-plugin/webpackModuleError.js:104:27)
    at async (file:///Users/jojo/pro/myhome/node_modules/next/dist/build/webpack/plugins/wellknown-errors-plugin/index.js:29:49)
    at async (file:///Users/jojo/pro/myhome/node_modules/next/dist/build/webpack/plugins/wellknown-errors-plugin/index.js:27:21)
[  230910ms] [ERROR] ./src/components/templates/election/election-template.tsx:3:1
Module not found: Can't resolve './election-keywords'
  1 | import type { SiteData } from "@/types/site";
  2 | import ElectionHero from "./election-hero";
> 3 | import ElectionKeywords from "./election-keywords";
    | ^
  4 | import ElectionProfile from "./election-profile";
  5 | import ElectionPledges from "./election-pledges";
  6 | import ElectionGallery from "./election-gallery";

https://nextjs.org/docs/messages/module-not-found

Import trace for requested module:
./src/app/s/[code]/page.tsx @ webpack-internal:///./node_modules/next/dist/client/components/react-dev-overlay/internal/helpers/hydration-error-info.js:62
[  230910ms] [ERROR] ./src/components/templates/election/election-template.tsx:12:1
Module not found: Can't resolve './election-nav'
  10 | import ElectionContacts from "./election-contacts";
  11 | import ElectionFooter from "./election-footer";
> 12 | import ElectionNav from "./election-nav";
     | ^
  13 |
  14 | interface Props {
  15 |   data: SiteData;

https://nextjs.org/docs/messages/module-not-found

Import trace for requested module:
./src/app/s/[code]/page.tsx @ webpack-internal:///./node_modules/next/dist/client/components/react-dev-overlay/internal/helpers/hydration-error-info.js:62
[  252883ms] [ERROR] ./src/components/templates/election/election-template.tsx:3:1
Module not found: Can't resolve './election-keywords'
  1 | import type { SiteData } from "@/types/site";
  2 | import ElectionHero from "./election-hero";
> 3 | import ElectionKeywords from "./election-keywords";
    | ^
  4 | import ElectionProfile from "./election-profile";
  5 | import ElectionPledges from "./election-pledges";
  6 | import ElectionGallery from "./election-gallery";

https://nextjs.org/docs/messages/module-not-found

Import trace for requested module:
./src/app/s/[code]/page.tsx @ webpack-internal:///./node_modules/next/dist/client/components/react-dev-overlay/internal/helpers/hydration-error-info.js:62
[  252883ms] [ERROR] ./src/components/templates/election/election-template.tsx:12:1
Module not found: Can't resolve './election-nav'
  10 | import ElectionContacts from "./election-contacts";
  11 | import ElectionFooter from "./election-footer";
> 12 | import ElectionNav from "./election-nav";
     | ^
  13 |
  14 | interface Props {
  15 |   data: SiteData;

https://nextjs.org/docs/messages/module-not-found

Import trace for requested module:
./src/app/s/[code]/page.tsx @ webpack-internal:///./node_modules/next/dist/client/components/react-dev-overlay/internal/helpers/hydration-error-info.js:62
[  253021ms] [ERROR] Failed to load resource: the server responded with a status of 500 (Internal Server Error) @ http://localhost:3001/_next/static/webpack/b047ddbcc889202b.webpack.hot-update.json:0
[  253021ms] [WARNING] [Fast Refresh] performing full reload

Fast Refresh will perform a full reload when you edit a file that's imported by modules outside of the React rendering tree.
You might have a file which exports a React component but also exports a value that is imported by a non-React component file.
Consider migrating the non-React component export to a separate file and importing it into both files.

It is also possible the parent component of the component you edited is a class component, which disables Fast Refresh.
Fast Refresh requires at least one parent function component in your React tree. @ webpack-internal:///./node_modules/next/dist/client/components/react-dev-overlay/pages/hot-reloader-client.js:347
[  253209ms] [ERROR] Failed to load resource: the server responded with a status of 500 (Internal Server Error) @ http://localhost:3001/s/demo:0
[  253523ms] Error: Module not found: Can't resolve './election-keywords'
  1 | import type { SiteData } from "@/types/site";
  2 | import ElectionHero from "./election-hero";
> 3 | import ElectionKeywords from "./election-keywords";
    | ^
  4 | import ElectionProfile from "./election-profile";
  5 | import ElectionPledges from "./election-pledges";
  6 | import ElectionGallery from "./election-gallery";

https://nextjs.org/docs/messages/module-not-found

Import trace for requested module:
./src/app/s/[code]/page.tsx
    at <unknown> (https://nextjs.org/docs/messages/module-not-found)
    at getNotFoundError (file:///Users/jojo/pro/myhome/node_modules/next/dist/build/webpack/plugins/wellknown-errors-plugin/parseNotFoundError.js:124:16)
    at async getModuleBuildError (file:///Users/jojo/pro/myhome/node_modules/next/dist/build/webpack/plugins/wellknown-errors-plugin/webpackModuleError.js:104:27)
    at async (file:///Users/jojo/pro/myhome/node_modules/next/dist/build/webpack/plugins/wellknown-errors-plugin/index.js:29:49)
    at async (file:///Users/jojo/pro/myhome/node_modules/next/dist/build/webpack/plugins/wellknown-errors-plugin/index.js:27:21)
[  253549ms] [ERROR] ./src/components/templates/election/election-template.tsx:3:1
Module not found: Can't resolve './election-keywords'
  1 | import type { SiteData } from "@/types/site";
  2 | import ElectionHero from "./election-hero";
> 3 | import ElectionKeywords from "./election-keywords";
    | ^
  4 | import ElectionProfile from "./election-profile";
  5 | import ElectionPledges from "./election-pledges";
  6 | import ElectionGallery from "./election-gallery";

https://nextjs.org/docs/messages/module-not-found

Import trace for requested module:
./src/app/s/[code]/page.tsx @ webpack-internal:///./node_modules/next/dist/client/components/react-dev-overlay/internal/helpers/hydration-error-info.js:62
[  253549ms] [ERROR] ./src/components/templates/election/election-template.tsx:12:1
Module not found: Can't resolve './election-nav'
  10 | import ElectionContacts from "./election-contacts";
  11 | import ElectionFooter from "./election-footer";
> 12 | import ElectionNav from "./election-nav";
     | ^
  13 |
  14 | interface Props {
  15 |   data: SiteData;

https://nextjs.org/docs/messages/module-not-found

Import trace for requested module:
./src/app/s/[code]/page.tsx @ webpack-internal:///./node_modules/next/dist/client/components/react-dev-overlay/internal/helpers/hydration-error-info.js:62
[  253618ms] [ERROR] ./src/components/templates/election/election-template.tsx:3:1
Module not found: Can't resolve './election-keywords'
  1 | import type { SiteData } from "@/types/site";
  2 | import ElectionHero from "./election-hero";
> 3 | import ElectionKeywords from "./election-keywords";
    | ^
  4 | import ElectionProfile from "./election-profile";
  5 | import ElectionPledges from "./election-pledges";
  6 | import ElectionGallery from "./election-gallery";

https://nextjs.org/docs/messages/module-not-found

Import trace for requested module:
./src/app/s/[code]/page.tsx @ webpack-internal:///./node_modules/next/dist/client/components/react-dev-overlay/internal/helpers/hydration-error-info.js:62
[  253618ms] [ERROR] ./src/components/templates/election/election-template.tsx:12:1
Module not found: Can't resolve './election-nav'
  10 | import ElectionContacts from "./election-contacts";
  11 | import ElectionFooter from "./election-footer";
> 12 | import ElectionNav from "./election-nav";
     | ^
  13 |
  14 | interface Props {
  15 |   data: SiteData;

https://nextjs.org/docs/messages/module-not-found

Import trace for requested module:
./src/app/s/[code]/page.tsx @ webpack-internal:///./node_modules/next/dist/client/components/react-dev-overlay/internal/helpers/hydration-error-info.js:62
[  253641ms] [ERROR] Failed to load resource: the server responded with a status of 404 (Not Found) @ http://localhost:3001/favicon.ico:0
[  253810ms] [ERROR] ./src/components/templates/election/election-template.tsx:3:1
Module not found: Can't resolve './election-keywords'
  1 | import type { SiteData } from "@/types/site";
  2 | import ElectionHero from "./election-hero";
> 3 | import ElectionKeywords from "./election-keywords";
    | ^
  4 | import ElectionProfile from "./election-profile";
  5 | import ElectionPledges from "./election-pledges";
  6 | import ElectionGallery from "./election-gallery";

https://nextjs.org/docs/messages/module-not-found

Import trace for requested module:
./src/app/s/[code]/page.tsx @ webpack-internal:///./node_modules/next/dist/client/components/react-dev-overlay/internal/helpers/hydration-error-info.js:62
[  253810ms] [ERROR] ./src/components/templates/election/election-template.tsx:12:1
Module not found: Can't resolve './election-nav'
  10 | import ElectionContacts from "./election-contacts";
  11 | import ElectionFooter from "./election-footer";
> 12 | import ElectionNav from "./election-nav";
     | ^
  13 |
  14 | interface Props {
  15 |   data: SiteData;

https://nextjs.org/docs/messages/module-not-found

Import trace for requested module:
./src/app/s/[code]/page.tsx @ webpack-internal:///./node_modules/next/dist/client/components/react-dev-overlay/internal/helpers/hydration-error-info.js:62
[  253821ms] [ERROR] ./src/components/templates/election/election-template.tsx:3:1
Module not found: Can't resolve './election-keywords'
  1 | import type { SiteData } from "@/types/site";
  2 | import ElectionHero from "./election-hero";
> 3 | import ElectionKeywords from "./election-keywords";
    | ^
  4 | import ElectionProfile from "./election-profile";
  5 | import ElectionPledges from "./election-pledges";
  6 | import ElectionGallery from "./election-gallery";

https://nextjs.org/docs/messages/module-not-found

Import trace for requested module:
./src/app/s/[code]/page.tsx @ webpack-internal:///./node_modules/next/dist/client/components/react-dev-overlay/internal/helpers/hydration-error-info.js:62
[  253821ms] [ERROR] ./src/components/templates/election/election-template.tsx:12:1
Module not found: Can't resolve './election-nav'
  10 | import ElectionContacts from "./election-contacts";
  11 | import ElectionFooter from "./election-footer";
> 12 | import ElectionNav from "./election-nav";
     | ^
  13 |
  14 | interface Props {
  15 |   data: SiteData;

https://nextjs.org/docs/messages/module-not-found

Import trace for requested module:
./src/app/s/[code]/page.tsx @ webpack-internal:///./node_modules/next/dist/client/components/react-dev-overlay/internal/helpers/hydration-error-info.js:62
[  273210ms] [ERROR] ./src/components/templates/election/election-template.tsx:12:1
Module not found: Can't resolve './election-nav'
  10 | import ElectionContacts from "./election-contacts";
  11 | import ElectionFooter from "./election-footer";
> 12 | import ElectionNav from "./election-nav";
     | ^
  13 |
  14 | interface Props {
  15 |   data: SiteData;

https://nextjs.org/docs/messages/module-not-found

Import trace for requested module:
./src/app/s/[code]/page.tsx @ webpack-internal:///./node_modules/next/dist/client/components/react-dev-overlay/internal/helpers/hydration-error-info.js:62
[  273263ms] [ERROR] Failed to load resource: the server responded with a status of 500 (Internal Server Error) @ http://localhost:3001/_next/static/webpack/b047ddbcc889202b.webpack.hot-update.json:0
[  273263ms] [WARNING] [Fast Refresh] performing full reload

Fast Refresh will perform a full reload when you edit a file that's imported by modules outside of the React rendering tree.
You might have a file which exports a React component but also exports a value that is imported by a non-React component file.
Consider migrating the non-React component export to a separate file and importing it into both files.

It is also possible the parent component of the component you edited is a class component, which disables Fast Refresh.
Fast Refresh requires at least one parent function component in your React tree. @ webpack-internal:///./node_modules/next/dist/client/components/react-dev-overlay/pages/hot-reloader-client.js:347
[  273532ms] [ERROR] Failed to load resource: the server responded with a status of 500 (Internal Server Error) @ http://localhost:3001/s/demo:0
[  273799ms] Error: Module not found: Can't resolve './election-nav'
  10 | import ElectionContacts from "./election-contacts";
  11 | import ElectionFooter from "./election-footer";
> 12 | import ElectionNav from "./election-nav";
     | ^
  13 |
  14 | interface Props {
  15 |   data: SiteData;

https://nextjs.org/docs/messages/module-not-found

Import trace for requested module:
./src/app/s/[code]/page.tsx
    at <unknown> (https://nextjs.org/docs/messages/module-not-found)
    at getNotFoundError (file:///Users/jojo/pro/myhome/node_modules/next/dist/build/webpack/plugins/wellknown-errors-plugin/parseNotFoundError.js:124:16)
    at async getModuleBuildError (file:///Users/jojo/pro/myhome/node_modules/next/dist/build/webpack/plugins/wellknown-errors-plugin/webpackModuleError.js:104:27)
    at async (file:///Users/jojo/pro/myhome/node_modules/next/dist/build/webpack/plugins/wellknown-errors-plugin/index.js:29:49)
    at async (file:///Users/jojo/pro/myhome/node_modules/next/dist/build/webpack/plugins/wellknown-errors-plugin/index.js:27:21)
[  273790ms] [ERROR] ./src/components/templates/election/election-template.tsx:12:1
Module not found: Can't resolve './election-nav'
  10 | import ElectionContacts from "./election-contacts";
  11 | import ElectionFooter from "./election-footer";
> 12 | import ElectionNav from "./election-nav";
     | ^
  13 |
  14 | interface Props {
  15 |   data: SiteData;

https://nextjs.org/docs/messages/module-not-found

Import trace for requested module:
./src/app/s/[code]/page.tsx @ webpack-internal:///./node_modules/next/dist/client/components/react-dev-overlay/internal/helpers/hydration-error-info.js:62
[  273870ms] [ERROR] ./src/components/templates/election/election-template.tsx:12:1
Module not found: Can't resolve './election-nav'
  10 | import ElectionContacts from "./election-contacts";
  11 | import ElectionFooter from "./election-footer";
> 12 | import ElectionNav from "./election-nav";
     | ^
  13 |
  14 | interface Props {
  15 |   data: SiteData;

https://nextjs.org/docs/messages/module-not-found

Import trace for requested module:
./src/app/s/[code]/page.tsx @ webpack-internal:///./node_modules/next/dist/client/components/react-dev-overlay/internal/helpers/hydration-error-info.js:62
[  300076ms] [ERROR] ./src/components/templates/election/election-template.tsx:12:1
Module not found: Can't resolve './election-nav'
  10 | import ElectionContacts from "./election-contacts";
  11 | import ElectionFooter from "./election-footer";
> 12 | import ElectionNav from "./election-nav";
     | ^
  13 |
  14 | interface Props {
  15 |   data: SiteData;

https://nextjs.org/docs/messages/module-not-found

Import trace for requested module:
./src/app/s/[code]/page.tsx @ webpack-internal:///./node_modules/next/dist/client/components/react-dev-overlay/internal/helpers/hydration-error-info.js:62
[  300130ms] [ERROR] Failed to load resource: the server responded with a status of 500 (Internal Server Error) @ http://localhost:3001/_next/static/webpack/b047ddbcc889202b.webpack.hot-update.json:0
[  300131ms] [WARNING] [Fast Refresh] performing full reload

Fast Refresh will perform a full reload when you edit a file that's imported by modules outside of the React rendering tree.
You might have a file which exports a React component but also exports a value that is imported by a non-React component file.
Consider migrating the non-React component export to a separate file and importing it into both files.

It is also possible the parent component of the component you edited is a class component, which disables Fast Refresh.
Fast Refresh requires at least one parent function component in your React tree. @ webpack-internal:///./node_modules/next/dist/client/components/react-dev-overlay/pages/hot-reloader-client.js:347
[  300326ms] [ERROR] Failed to load resource: the server responded with a status of 500 (Internal Server Error) @ http://localhost:3001/s/demo:0
[  300545ms] Error: Module not found: Can't resolve './election-nav'
  10 | import ElectionContacts from "./election-contacts";
  11 | import ElectionFooter from "./election-footer";
> 12 | import ElectionNav from "./election-nav";
     | ^
  13 |
  14 | interface Props {
  15 |   data: SiteData;

https://nextjs.org/docs/messages/module-not-found

Import trace for requested module:
./src/app/s/[code]/page.tsx
    at <unknown> (https://nextjs.org/docs/messages/module-not-found)
    at getNotFoundError (file:///Users/jojo/pro/myhome/node_modules/next/dist/build/webpack/plugins/wellknown-errors-plugin/parseNotFoundError.js:124:16)
    at async getModuleBuildError (file:///Users/jojo/pro/myhome/node_modules/next/dist/build/webpack/plugins/wellknown-errors-plugin/webpackModuleError.js:104:27)
    at async (file:///Users/jojo/pro/myhome/node_modules/next/dist/build/webpack/plugins/wellknown-errors-plugin/index.js:29:49)
    at async (file:///Users/jojo/pro/myhome/node_modules/next/dist/build/webpack/plugins/wellknown-errors-plugin/index.js:27:21)
[  300539ms] [ERROR] ./src/components/templates/election/election-template.tsx:12:1
Module not found: Can't resolve './election-nav'
  10 | import ElectionContacts from "./election-contacts";
  11 | import ElectionFooter from "./election-footer";
> 12 | import ElectionNav from "./election-nav";
     | ^
  13 |
  14 | interface Props {
  15 |   data: SiteData;

https://nextjs.org/docs/messages/module-not-found

Import trace for requested module:
./src/app/s/[code]/page.tsx @ webpack-internal:///./node_modules/next/dist/client/components/react-dev-overlay/internal/helpers/hydration-error-info.js:62
[  300614ms] [ERROR] ./src/components/templates/election/election-template.tsx:12:1
Module not found: Can't resolve './election-nav'
  10 | import ElectionContacts from "./election-contacts";
  11 | import ElectionFooter from "./election-footer";
> 12 | import ElectionNav from "./election-nav";
     | ^
  13 |
  14 | interface Props {
  15 |   data: SiteData;

https://nextjs.org/docs/messages/module-not-found

Import trace for requested module:
./src/app/s/[code]/page.tsx @ webpack-internal:///./node_modules/next/dist/client/components/react-dev-overlay/internal/helpers/hydration-error-info.js:62
[  315101ms] [ERROR] ./src/components/templates/election/election-template.tsx:12:1
Module not found: Can't resolve './election-nav'
  10 | import ElectionContacts from "./election-contacts";
  11 | import ElectionFooter from "./election-footer";
> 12 | import ElectionNav from "./election-nav";
     | ^
  13 |
  14 | interface Props {
  15 |   data: SiteData;

https://nextjs.org/docs/messages/module-not-found

Import trace for requested module:
./src/app/s/[code]/page.tsx @ webpack-internal:///./node_modules/next/dist/client/components/react-dev-overlay/internal/helpers/hydration-error-info.js:62
[  315233ms] [ERROR] Failed to load resource: the server responded with a status of 500 (Internal Server Error) @ http://localhost:3001/_next/static/webpack/b047ddbcc889202b.webpack.hot-update.json:0
[  315234ms] [WARNING] [Fast Refresh] performing full reload

Fast Refresh will perform a full reload when you edit a file that's imported by modules outside of the React rendering tree.
You might have a file which exports a React component but also exports a value that is imported by a non-React component file.
Consider migrating the non-React component export to a separate file and importing it into both files.

It is also possible the parent component of the component you edited is a class component, which disables Fast Refresh.
Fast Refresh requires at least one parent function component in your React tree. @ webpack-internal:///./node_modules/next/dist/client/components/react-dev-overlay/pages/hot-reloader-client.js:347
[  315409ms] [ERROR] Failed to load resource: the server responded with a status of 500 (Internal Server Error) @ http://localhost:3001/s/demo:0
[  315653ms] Error: Module not found: Can't resolve './election-nav'
  10 | import ElectionContacts from "./election-contacts";
  11 | import ElectionFooter from "./election-footer";
> 12 | import ElectionNav from "./election-nav";
     | ^
  13 |
  14 | interface Props {
  15 |   data: SiteData;

https://nextjs.org/docs/messages/module-not-found

Import trace for requested module:
./src/app/s/[code]/page.tsx
    at <unknown> (https://nextjs.org/docs/messages/module-not-found)
    at getNotFoundError (file:///Users/jojo/pro/myhome/node_modules/next/dist/build/webpack/plugins/wellknown-errors-plugin/parseNotFoundError.js:124:16)
    at async getModuleBuildError (file:///Users/jojo/pro/myhome/node_modules/next/dist/build/webpack/plugins/wellknown-errors-plugin/webpackModuleError.js:104:27)
    at async (file:///Users/jojo/pro/myhome/node_modules/next/dist/build/webpack/plugins/wellknown-errors-plugin/index.js:29:49)
    at async (file:///Users/jojo/pro/myhome/node_modules/next/dist/build/webpack/plugins/wellknown-errors-plugin/index.js:27:21)
[  315689ms] [ERROR] ./src/components/templates/election/election-template.tsx:12:1
Module not found: Can't resolve './election-nav'
  10 | import ElectionContacts from "./election-contacts";
  11 | import ElectionFooter from "./election-footer";
> 12 | import ElectionNav from "./election-nav";
     | ^
  13 |
  14 | interface Props {
  15 |   data: SiteData;

https://nextjs.org/docs/messages/module-not-found

Import trace for requested module:
./src/app/s/[code]/page.tsx @ webpack-internal:///./node_modules/next/dist/client/components/react-dev-overlay/internal/helpers/hydration-error-info.js:62
[  342803ms] [ERROR] ./src/components/templates/election/election-template.tsx:12:1
Module not found: Can't resolve './election-nav'
  10 | import ElectionContacts from "./election-contacts";
  11 | import ElectionFooter from "./election-footer";
> 12 | import ElectionNav from "./election-nav";
     | ^
  13 |
  14 | interface Props {
  15 |   data: SiteData;

https://nextjs.org/docs/messages/module-not-found

Import trace for requested module:
./src/app/s/[code]/page.tsx @ webpack-internal:///./node_modules/next/dist/client/components/react-dev-overlay/internal/helpers/hydration-error-info.js:62
[  342919ms] [ERROR] Failed to load resource: the server responded with a status of 500 (Internal Server Error) @ http://localhost:3001/_next/static/webpack/b047ddbcc889202b.webpack.hot-update.json:0
[  342919ms] [WARNING] [Fast Refresh] performing full reload

Fast Refresh will perform a full reload when you edit a file that's imported by modules outside of the React rendering tree.
You might have a file which exports a React component but also exports a value that is imported by a non-React component file.
Consider migrating the non-React component export to a separate file and importing it into both files.

It is also possible the parent component of the component you edited is a class component, which disables Fast Refresh.
Fast Refresh requires at least one parent function component in your React tree. @ webpack-internal:///./node_modules/next/dist/client/components/react-dev-overlay/pages/hot-reloader-client.js:347
[  343135ms] [ERROR] Failed to load resource: the server responded with a status of 500 (Internal Server Error) @ http://localhost:3001/s/demo:0
[  343324ms] Error: Module not found: Can't resolve './election-nav'
  10 | import ElectionContacts from "./election-contacts";
  11 | import ElectionFooter from "./election-footer";
> 12 | import ElectionNav from "./election-nav";
     | ^
  13 |
  14 | interface Props {
  15 |   data: SiteData;

https://nextjs.org/docs/messages/module-not-found

Import trace for requested module:
./src/app/s/[code]/page.tsx
    at <unknown> (https://nextjs.org/docs/messages/module-not-found)
    at getNotFoundError (file:///Users/jojo/pro/myhome/node_modules/next/dist/build/webpack/plugins/wellknown-errors-plugin/parseNotFoundError.js:124:16)
    at async getModuleBuildError (file:///Users/jojo/pro/myhome/node_modules/next/dist/build/webpack/plugins/wellknown-errors-plugin/webpackModuleError.js:104:27)
    at async (file:///Users/jojo/pro/myhome/node_modules/next/dist/build/webpack/plugins/wellknown-errors-plugin/index.js:29:49)
    at async (file:///Users/jojo/pro/myhome/node_modules/next/dist/build/webpack/plugins/wellknown-errors-plugin/index.js:27:21)
[  343336ms] [ERROR] ./src/components/templates/election/election-template.tsx:12:1
Module not found: Can't resolve './election-nav'
  10 | import ElectionContacts from "./election-contacts";
  11 | import ElectionFooter from "./election-footer";
> 12 | import ElectionNav from "./election-nav";
     | ^
  13 |
  14 | interface Props {
  15 |   data: SiteData;

https://nextjs.org/docs/messages/module-not-found

Import trace for requested module:
./src/app/s/[code]/page.tsx @ webpack-internal:///./node_modules/next/dist/client/components/react-dev-overlay/internal/helpers/hydration-error-info.js:62
[  354558ms] [ERROR] ./src/components/templates/election/election-template.tsx:12:1
Module not found: Can't resolve './election-nav'
  10 | import ElectionContacts from "./election-contacts";
  11 | import ElectionFooter from "./election-footer";
> 12 | import ElectionNav from "./election-nav";
     | ^
  13 |
  14 | interface Props {
  15 |   data: SiteData;

https://nextjs.org/docs/messages/module-not-found

Import trace for requested module:
./src/app/s/[code]/page.tsx @ webpack-internal:///./node_modules/next/dist/client/components/react-dev-overlay/internal/helpers/hydration-error-info.js:62
[  354664ms] [ERROR] Failed to load resource: the server responded with a status of 500 (Internal Server Error) @ http://localhost:3001/_next/static/webpack/b047ddbcc889202b.webpack.hot-update.json:0
[  354665ms] [WARNING] [Fast Refresh] performing full reload

Fast Refresh will perform a full reload when you edit a file that's imported by modules outside of the React rendering tree.
You might have a file which exports a React component but also exports a value that is imported by a non-React component file.
Consider migrating the non-React component export to a separate file and importing it into both files.

It is also possible the parent component of the component you edited is a class component, which disables Fast Refresh.
Fast Refresh requires at least one parent function component in your React tree. @ webpack-internal:///./node_modules/next/dist/client/components/react-dev-overlay/pages/hot-reloader-client.js:347
[  354829ms] [ERROR] Failed to load resource: the server responded with a status of 500 (Internal Server Error) @ http://localhost:3001/s/demo:0
[  355058ms] Error: Module not found: Can't resolve './election-nav'
  10 | import ElectionContacts from "./election-contacts";
  11 | import ElectionFooter from "./election-footer";
> 12 | import ElectionNav from "./election-nav";
     | ^
  13 |
  14 | interface Props {
  15 |   data: SiteData;

https://nextjs.org/docs/messages/module-not-found

Import trace for requested module:
./src/app/s/[code]/page.tsx
    at <unknown> (https://nextjs.org/docs/messages/module-not-found)
    at getNotFoundError (file:///Users/jojo/pro/myhome/node_modules/next/dist/build/webpack/plugins/wellknown-errors-plugin/parseNotFoundError.js:124:16)
    at async getModuleBuildError (file:///Users/jojo/pro/myhome/node_modules/next/dist/build/webpack/plugins/wellknown-errors-plugin/webpackModuleError.js:104:27)
    at async (file:///Users/jojo/pro/myhome/node_modules/next/dist/build/webpack/plugins/wellknown-errors-plugin/index.js:29:49)
    at async (file:///Users/jojo/pro/myhome/node_modules/next/dist/build/webpack/plugins/wellknown-errors-plugin/index.js:27:21)
[  355091ms] [ERROR] ./src/components/templates/election/election-template.tsx:12:1
Module not found: Can't resolve './election-nav'
  10 | import ElectionContacts from "./election-contacts";
  11 | import ElectionFooter from "./election-footer";
> 12 | import ElectionNav from "./election-nav";
     | ^
  13 |
  14 | interface Props {
  15 |   data: SiteData;

https://nextjs.org/docs/messages/module-not-found

Import trace for requested module:
./src/app/s/[code]/page.tsx @ webpack-internal:///./node_modules/next/dist/client/components/react-dev-overlay/internal/helpers/hydration-error-info.js:62
[  367632ms] [ERROR] ./src/components/templates/election/election-template.tsx:12:1
Module not found: Can't resolve './election-nav'
  10 | import ElectionContacts from "./election-contacts";
  11 | import ElectionFooter from "./election-footer";
> 12 | import ElectionNav from "./election-nav";
     | ^
  13 |
  14 | interface Props {
  15 |   data: SiteData;

https://nextjs.org/docs/messages/module-not-found

Import trace for requested module:
./src/app/s/[code]/page.tsx @ webpack-internal:///./node_modules/next/dist/client/components/react-dev-overlay/internal/helpers/hydration-error-info.js:62
[  367750ms] [ERROR] Failed to load resource: the server responded with a status of 500 (Internal Server Error) @ http://localhost:3001/_next/static/webpack/b047ddbcc889202b.webpack.hot-update.json:0
[  367750ms] [WARNING] [Fast Refresh] performing full reload

Fast Refresh will perform a full reload when you edit a file that's imported by modules outside of the React rendering tree.
You might have a file which exports a React component but also exports a value that is imported by a non-React component file.
Consider migrating the non-React component export to a separate file and importing it into both files.

It is also possible the parent component of the component you edited is a class component, which disables Fast Refresh.
Fast Refresh requires at least one parent function component in your React tree. @ webpack-internal:///./node_modules/next/dist/client/components/react-dev-overlay/pages/hot-reloader-client.js:347
[  367920ms] [ERROR] Failed to load resource: the server responded with a status of 500 (Internal Server Error) @ http://localhost:3001/s/demo:0
[  368203ms] Error: Module not found: Can't resolve './election-nav'
  10 | import ElectionContacts from "./election-contacts";
  11 | import ElectionFooter from "./election-footer";
> 12 | import ElectionNav from "./election-nav";
     | ^
  13 |
  14 | interface Props {
  15 |   data: SiteData;

https://nextjs.org/docs/messages/module-not-found

Import trace for requested module:
./src/app/s/[code]/page.tsx
    at <unknown> (https://nextjs.org/docs/messages/module-not-found)
    at getNotFoundError (file:///Users/jojo/pro/myhome/node_modules/next/dist/build/webpack/plugins/wellknown-errors-plugin/parseNotFoundError.js:124:16)
    at async getModuleBuildError (file:///Users/jojo/pro/myhome/node_modules/next/dist/build/webpack/plugins/wellknown-errors-plugin/webpackModuleError.js:104:27)
    at async (file:///Users/jojo/pro/myhome/node_modules/next/dist/build/webpack/plugins/wellknown-errors-plugin/index.js:29:49)
    at async (file:///Users/jojo/pro/myhome/node_modules/next/dist/build/webpack/plugins/wellknown-errors-plugin/index.js:27:21)
[  368199ms] [ERROR] ./src/components/templates/election/election-template.tsx:12:1
Module not found: Can't resolve './election-nav'
  10 | import ElectionContacts from "./election-contacts";
  11 | import ElectionFooter from "./election-footer";
> 12 | import ElectionNav from "./election-nav";
     | ^
  13 |
  14 | interface Props {
  15 |   data: SiteData;

https://nextjs.org/docs/messages/module-not-found

Import trace for requested module:
./src/app/s/[code]/page.tsx @ webpack-internal:///./node_modules/next/dist/client/components/react-dev-overlay/internal/helpers/hydration-error-info.js:62
[  368274ms] [ERROR] ./src/components/templates/election/election-template.tsx:12:1
Module not found: Can't resolve './election-nav'
  10 | import ElectionContacts from "./election-contacts";
  11 | import ElectionFooter from "./election-footer";
> 12 | import ElectionNav from "./election-nav";
     | ^
  13 |
  14 | interface Props {
  15 |   data: SiteData;

https://nextjs.org/docs/messages/module-not-found

Import trace for requested module:
./src/app/s/[code]/page.tsx @ webpack-internal:///./node_modules/next/dist/client/components/react-dev-overlay/internal/helpers/hydration-error-info.js:62
[  429085ms] [ERROR] ./src/components/templates/election/election-template.tsx:12:1
Module not found: Can't resolve './election-nav'
  10 | import ElectionContacts from "./election-contacts";
  11 | import ElectionFooter from "./election-footer";
> 12 | import ElectionNav from "./election-nav";
     | ^
  13 |
  14 | interface Props {
  15 |   data: SiteData;

https://nextjs.org/docs/messages/module-not-found

Import trace for requested module:
./src/app/s/[code]/page.tsx @ webpack-internal:///./node_modules/next/dist/client/components/react-dev-overlay/internal/helpers/hydration-error-info.js:62
[  429340ms] [ERROR] ./src/components/templates/election/election-template.tsx:12:1
Module not found: Can't resolve './election-nav'
  10 | import ElectionContacts from "./election-contacts";
  11 | import ElectionFooter from "./election-footer";
> 12 | import ElectionNav from "./election-nav";
     | ^
  13 |
  14 | interface Props {
  15 |   data: SiteData;

https://nextjs.org/docs/messages/module-not-found

Import trace for requested module:
./src/app/s/[code]/page.tsx @ webpack-internal:///./node_modules/next/dist/client/components/react-dev-overlay/internal/helpers/hydration-error-info.js:62
[  429367ms] [ERROR] Failed to load resource: the server responded with a status of 500 (Internal Server Error) @ http://localhost:3001/_next/static/webpack/b047ddbcc889202b.webpack.hot-update.json:0
[  429368ms] [WARNING] [Fast Refresh] performing full reload

Fast Refresh will perform a full reload when you edit a file that's imported by modules outside of the React rendering tree.
You might have a file which exports a React component but also exports a value that is imported by a non-React component file.
Consider migrating the non-React component export to a separate file and importing it into both files.

It is also possible the parent component of the component you edited is a class component, which disables Fast Refresh.
Fast Refresh requires at least one parent function component in your React tree. @ webpack-internal:///./node_modules/next/dist/client/components/react-dev-overlay/pages/hot-reloader-client.js:347
[  429581ms] [ERROR] Failed to load resource: the server responded with a status of 500 (Internal Server Error) @ http://localhost:3001/s/demo:0
[  429804ms] Error: Module not found: Can't resolve './election-nav'
  10 | import ElectionContacts from "./election-contacts";
  11 | import ElectionFooter from "./election-footer";
> 12 | import ElectionNav from "./election-nav";
     | ^
  13 |
  14 | interface Props {
  15 |   data: SiteData;

https://nextjs.org/docs/messages/module-not-found

Import trace for requested module:
./src/app/s/[code]/page.tsx
    at <unknown> (https://nextjs.org/docs/messages/module-not-found)
    at getNotFoundError (file:///Users/jojo/pro/myhome/node_modules/next/dist/build/webpack/plugins/wellknown-errors-plugin/parseNotFoundError.js:124:16)
    at async getModuleBuildError (file:///Users/jojo/pro/myhome/node_modules/next/dist/build/webpack/plugins/wellknown-errors-plugin/webpackModuleError.js:104:27)
    at async (file:///Users/jojo/pro/myhome/node_modules/next/dist/build/webpack/plugins/wellknown-errors-plugin/index.js:29:49)
    at async (file:///Users/jojo/pro/myhome/node_modules/next/dist/build/webpack/plugins/wellknown-errors-plugin/index.js:27:21)
[  429803ms] [ERROR] ./src/components/templates/election/election-template.tsx:12:1
Module not found: Can't resolve './election-nav'
  10 | import ElectionContacts from "./election-contacts";
  11 | import ElectionFooter from "./election-footer";
> 12 | import ElectionNav from "./election-nav";
     | ^
  13 |
  14 | interface Props {
  15 |   data: SiteData;

https://nextjs.org/docs/messages/module-not-found

Import trace for requested module:
./src/app/s/[code]/page.tsx @ webpack-internal:///./node_modules/next/dist/client/components/react-dev-overlay/internal/helpers/hydration-error-info.js:62
[  429879ms] [ERROR] ./src/components/templates/election/election-template.tsx:12:1
Module not found: Can't resolve './election-nav'
  10 | import ElectionContacts from "./election-contacts";
  11 | import ElectionFooter from "./election-footer";
> 12 | import ElectionNav from "./election-nav";
     | ^
  13 |
  14 | interface Props {
  15 |   data: SiteData;

https://nextjs.org/docs/messages/module-not-found

Import trace for requested module:
./src/app/s/[code]/page.tsx @ webpack-internal:///./node_modules/next/dist/client/components/react-dev-overlay/internal/helpers/hydration-error-info.js:62
[  437953ms] [ERROR] ./src/components/templates/election/election-template.tsx:12:1
Module not found: Can't resolve './election-nav'
  10 | import ElectionContacts from "./election-contacts";
  11 | import ElectionFooter from "./election-footer";
> 12 | import ElectionNav from "./election-nav";
     | ^
  13 |
  14 | interface Props {
  15 |   data: SiteData;

https://nextjs.org/docs/messages/module-not-found

Import trace for requested module:
./src/app/s/[code]/page.tsx @ webpack-internal:///./node_modules/next/dist/client/components/react-dev-overlay/internal/helpers/hydration-error-info.js:62
[  438092ms] [ERROR] ./src/components/templates/election/election-template.tsx:12:1
Module not found: Can't resolve './election-nav'
  10 | import ElectionContacts from "./election-contacts";
  11 | import ElectionFooter from "./election-footer";
> 12 | import ElectionNav from "./election-nav";
     | ^
  13 |
  14 | interface Props {
  15 |   data: SiteData;

https://nextjs.org/docs/messages/module-not-found

Import trace for requested module:
./src/app/s/[code]/page.tsx @ webpack-internal:///./node_modules/next/dist/client/components/react-dev-overlay/internal/helpers/hydration-error-info.js:62
[  438123ms] [ERROR] Failed to load resource: the server responded with a status of 500 (Internal Server Error) @ http://localhost:3001/_next/static/webpack/b047ddbcc889202b.webpack.hot-update.json:0
[  438123ms] [WARNING] [Fast Refresh] performing full reload

Fast Refresh will perform a full reload when you edit a file that's imported by modules outside of the React rendering tree.
You might have a file which exports a React component but also exports a value that is imported by a non-React component file.
Consider migrating the non-React component export to a separate file and importing it into both files.

It is also possible the parent component of the component you edited is a class component, which disables Fast Refresh.
Fast Refresh requires at least one parent function component in your React tree. @ webpack-internal:///./node_modules/next/dist/client/components/react-dev-overlay/pages/hot-reloader-client.js:347
[  438283ms] [ERROR] Failed to load resource: the server responded with a status of 500 (Internal Server Error) @ http://localhost:3001/s/demo:0
[  438487ms] Error: Module not found: Can't resolve './election-nav'
  10 | import ElectionContacts from "./election-contacts";
  11 | import ElectionFooter from "./election-footer";
> 12 | import ElectionNav from "./election-nav";
     | ^
  13 |
  14 | interface Props {
  15 |   data: SiteData;

https://nextjs.org/docs/messages/module-not-found

Import trace for requested module:
./src/app/s/[code]/page.tsx
    at <unknown> (https://nextjs.org/docs/messages/module-not-found)
    at getNotFoundError (file:///Users/jojo/pro/myhome/node_modules/next/dist/build/webpack/plugins/wellknown-errors-plugin/parseNotFoundError.js:124:16)
    at async getModuleBuildError (file:///Users/jojo/pro/myhome/node_modules/next/dist/build/webpack/plugins/wellknown-errors-plugin/webpackModuleError.js:104:27)
    at async (file:///Users/jojo/pro/myhome/node_modules/next/dist/build/webpack/plugins/wellknown-errors-plugin/index.js:29:49)
    at async (file:///Users/jojo/pro/myhome/node_modules/next/dist/build/webpack/plugins/wellknown-errors-plugin/index.js:27:21)
[  438486ms] [ERROR] ./src/components/templates/election/election-template.tsx:12:1
Module not found: Can't resolve './election-nav'
  10 | import ElectionContacts from "./election-contacts";
  11 | import ElectionFooter from "./election-footer";
> 12 | import ElectionNav from "./election-nav";
     | ^
  13 |
  14 | interface Props {
  15 |   data: SiteData;

https://nextjs.org/docs/messages/module-not-found

Import trace for requested module:
./src/app/s/[code]/page.tsx @ webpack-internal:///./node_modules/next/dist/client/components/react-dev-overlay/internal/helpers/hydration-error-info.js:62
[  438557ms] [ERROR] ./src/components/templates/election/election-template.tsx:12:1
Module not found: Can't resolve './election-nav'
  10 | import ElectionContacts from "./election-contacts";
  11 | import ElectionFooter from "./election-footer";
> 12 | import ElectionNav from "./election-nav";
     | ^
  13 |
  14 | interface Props {
  15 |   data: SiteData;

https://nextjs.org/docs/messages/module-not-found

Import trace for requested module:
./src/app/s/[code]/page.tsx @ webpack-internal:///./node_modules/next/dist/client/components/react-dev-overlay/internal/helpers/hydration-error-info.js:62
[  451877ms] [ERROR] ./src/components/templates/election/election-template.tsx:12:1
Module not found: Can't resolve './election-nav'
  10 | import ElectionContacts from "./election-contacts";
  11 | import ElectionFooter from "./election-footer";
> 12 | import ElectionNav from "./election-nav";
     | ^
  13 |
  14 | interface Props {
  15 |   data: SiteData;

https://nextjs.org/docs/messages/module-not-found

Import trace for requested module:
./src/app/s/[code]/page.tsx @ webpack-internal:///./node_modules/next/dist/client/components/react-dev-overlay/internal/helpers/hydration-error-info.js:62
[  452020ms] [ERROR] Failed to load resource: the server responded with a status of 500 (Internal Server Error) @ http://localhost:3001/_next/static/webpack/b047ddbcc889202b.webpack.hot-update.json:0
[  452021ms] [WARNING] [Fast Refresh] performing full reload

Fast Refresh will perform a full reload when you edit a file that's imported by modules outside of the React rendering tree.
You might have a file which exports a React component but also exports a value that is imported by a non-React component file.
Consider migrating the non-React component export to a separate file and importing it into both files.

It is also possible the parent component of the component you edited is a class component, which disables Fast Refresh.
Fast Refresh requires at least one parent function component in your React tree. @ webpack-internal:///./node_modules/next/dist/client/components/react-dev-overlay/pages/hot-reloader-client.js:347
[  452177ms] [ERROR] Failed to load resource: the server responded with a status of 500 (Internal Server Error) @ http://localhost:3001/s/demo:0
[  452416ms] Error: Module not found: Can't resolve './election-nav'
  10 | import ElectionContacts from "./election-contacts";
  11 | import ElectionFooter from "./election-footer";
> 12 | import ElectionNav from "./election-nav";
     | ^
  13 |
  14 | interface Props {
  15 |   data: SiteData;

https://nextjs.org/docs/messages/module-not-found

Import trace for requested module:
./src/app/s/[code]/page.tsx
    at <unknown> (https://nextjs.org/docs/messages/module-not-found)
    at getNotFoundError (file:///Users/jojo/pro/myhome/node_modules/next/dist/build/webpack/plugins/wellknown-errors-plugin/parseNotFoundError.js:124:16)
    at async getModuleBuildError (file:///Users/jojo/pro/myhome/node_modules/next/dist/build/webpack/plugins/wellknown-errors-plugin/webpackModuleError.js:104:27)
    at async (file:///Users/jojo/pro/myhome/node_modules/next/dist/build/webpack/plugins/wellknown-errors-plugin/index.js:29:49)
    at async (file:///Users/jojo/pro/myhome/node_modules/next/dist/build/webpack/plugins/wellknown-errors-plugin/index.js:27:21)
[  452419ms] [ERROR] ./src/components/templates/election/election-template.tsx:12:1
Module not found: Can't resolve './election-nav'
  10 | import ElectionContacts from "./election-contacts";
  11 | import ElectionFooter from "./election-footer";
> 12 | import ElectionNav from "./election-nav";
     | ^
  13 |
  14 | interface Props {
  15 |   data: SiteData;

https://nextjs.org/docs/messages/module-not-found

Import trace for requested module:
./src/app/s/[code]/page.tsx @ webpack-internal:///./node_modules/next/dist/client/components/react-dev-overlay/internal/helpers/hydration-error-info.js:62
[  452500ms] [ERROR] ./src/components/templates/election/election-template.tsx:12:1
Module not found: Can't resolve './election-nav'
  10 | import ElectionContacts from "./election-contacts";
  11 | import ElectionFooter from "./election-footer";
> 12 | import ElectionNav from "./election-nav";
     | ^
  13 |
  14 | interface Props {
  15 |   data: SiteData;

https://nextjs.org/docs/messages/module-not-found

Import trace for requested module:
./src/app/s/[code]/page.tsx @ webpack-internal:///./node_modules/next/dist/client/components/react-dev-overlay/internal/helpers/hydration-error-info.js:62
[  472244ms] [ERROR] Failed to load resource: the server responded with a status of 404 (Not Found) @ http://localhost:3001/_next/static/webpack/b047ddbcc889202b.webpack.hot-update.json:0
[  472244ms] [WARNING] [Fast Refresh] performing full reload because your application had an unrecoverable error @ webpack-internal:///./node_modules/next/dist/client/components/react-dev-overlay/pages/hot-reloader-client.js:349
[  473105ms] [ERROR] Warning: Text content did not match. Server: "%s" Client: "%s"%s 
        .text-primary { color: var(--primary); }
        .bg-primary { background-color: var(--primary); }
        .border-primary { border-color: var(--primary); }
        .section-heading {
          position: relative;
          display: inline-block;
          padding-bottom: 0.75rem;
        }
        .section-heading::after {
          content: &#x27;&#x27;;
          position: absolute;
          bottom: 0;
          left: 50%;
          transform: translateX(-50%);
          width: 3rem;
          height: 3px;
          background-color: var(--primary);
          border-radius: 2px;
        }
       
        .text-primary { color: var(--primary); }
        .bg-primary { background-color: var(--primary); }
        .border-primary { border-color: var(--primary); }
        .section-heading {
          position: relative;
          display: inline-block;
          padding-bottom: 0.75rem;
        }
        .section-heading::after {
          content: '';
          position: absolute;
          bottom: 0;
          left: 50%;
          transform: translateX(-50%);
          width: 3rem;
          height: 3px;
          background-color: var(--primary);
          border-radius: 2px;
        }
       
    at style
    at div
    at ElectionTemplate (Server)
    at SitePage (Server)
    at InnerLayoutRouter (webpack-internal:///(app-pages-browser)/./node_modules/next/dist/client/components/layout-router.js:243:11)
    at RedirectErrorBoundary (webpack-internal:///(app-pages-browser)/./node_modules/next/dist/client/components/redirect-boundary.js:74:9)
    at RedirectBoundary (webpack-internal:///(app-pages-browser)/./node_modules/next/dist/client/components/redirect-boundary.js:82:11)
    at NotFoundBoundary (webpack-internal:///(app-pages-browser)/./node_modules/next/dist/client/components/not-found-boundary.js:84:11)
    at LoadingBoundary (webpack-internal:///(app-pages-browser)/./node_modules/next/dist/client/components/layout-router.js:349:11)
    at ErrorBoundary (webpack-internal:///(app-pages-browser)/./node_modules/next/dist/client/components/error-boundary.js:160:11)
    at InnerScrollAndFocusHandler (webpack-internal:///(app-pages-browser)/./node_modules/next/dist/client/components/layout-router.js:153:9)
    at ScrollAndFocusHandler (webpack-internal:///(app-pages-browser)/./node_modules/next/dist/client/components/layout-router.js:228:11)
    at RenderFromTemplateContext (webpack-internal:///(app-pages-browser)/./node_modules/next/dist/client/components/render-from-template-context.js:16:44)
    at OuterLayoutRouter (webpack-internal:///(app-pages-browser)/./node_modules/next/dist/client/components/layout-router.js:370:11)
    at div
    at SiteLayout (Server)
    at InnerLayoutRouter (webpack-internal:///(app-pages-browser)/./node_modules/next/dist/client/components/layout-router.js:243:11)
    at RedirectErrorBoundary (webpack-internal:///(app-pages-browser)/./node_modules/next/dist/client/components/redirect-boundary.js:74:9)
    at RedirectBoundary (webpack-internal:///(app-pages-browser)/./node_modules/next/dist/client/components/redirect-boundary.js:82:11)
    at NotFoundBoundary (webpack-internal:///(app-pages-browser)/./node_modules/next/dist/client/components/not-found-boundary.js:84:11)
    at LoadingBoundary (webpack-internal:///(app-pages-browser)/./node_modules/next/dist/client/components/layout-router.js:349:11)
    at ErrorBoundary (webpack-internal:///(app-pages-browser)/./node_modules/next/dist/client/components/error-boundary.js:160:11)
    at InnerScrollAndFocusHandler (webpack-internal:///(app-pages-browser)/./node_modules/next/dist/client/components/layout-router.js:153:9)
    at ScrollAndFocusHandler (webpack-internal:///(app-pages-browser)/./node_modules/next/dist/client/components/layout-router.js:228:11)
    at RenderFromTemplateContext (webpack-internal:///(app-pages-browser)/./node_modules/next/dist/client/components/render-from-template-context.js:16:44)
    at OuterLayoutRouter (webpack-internal:///(app-pages-browser)/./node_modules/next/dist/client/components/layout-router.js:370:11)
    at InnerLayoutRouter (webpack-internal:///(app-pages-browser)/./node_modules/next/dist/client/components/layout-router.js:243:11)
    at RedirectErrorBoundary (webpack-internal:///(app-pages-browser)/./node_modules/next/dist/client/components/redirect-boundary.js:74:9)
    at RedirectBoundary (webpack-internal:///(app-pages-browser)/./node_modules/next/dist/client/components/redirect-boundary.js:82:11)
    at NotFoundErrorBoundary (webpack-internal:///(app-pages-browser)/./node_modules/next/dist/client/components/not-found-boundary.js:76:9)
    at NotFoundBoundary (webpack-internal:///(app-pages-browser)/./node_modules/next/dist/client/components/not-found-boundary.js:84:11)
    at LoadingBoundary (webpack-internal:///(app-pages-browser)/./node_modules/next/dist/client/components/layout-router.js:349:11)
    at ErrorBoundary (webpack-internal:///(app-pages-browser)/./node_modules/next/dist/client/components/error-boundary.js:160:11)
    at InnerScrollAndFocusHandler (webpack-internal:///(app-pages-browser)/./node_modules/next/dist/client/components/layout-router.js:153:9)
    at ScrollAndFocusHandler (webpack-internal:///(app-pages-browser)/./node_modules/next/dist/client/components/layout-router.js:228:11)
    at RenderFromTemplateContext (webpack-internal:///(app-pages-browser)/./node_modules/next/dist/client/components/render-from-template-context.js:16:44)
    at OuterLayoutRouter (webpack-internal:///(app-pages-browser)/./node_modules/next/dist/client/components/layout-router.js:370:11)
    at body
    at html
    at RootLayout (Server)
    at RedirectErrorBoundary (webpack-internal:///(app-pages-browser)/./node_modules/next/dist/client/components/redirect-boundary.js:74:9)
    at RedirectBoundary (webpack-internal:///(app-pages-browser)/./node_modules/next/dist/client/components/redirect-boundary.js:82:11)
    at NotFoundErrorBoundary (webpack-internal:///(app-pages-browser)/./node_modules/next/dist/client/components/not-found-boundary.js:76:9)
    at NotFoundBoundary (webpack-internal:///(app-pages-browser)/./node_modules/next/dist/client/components/not-found-boundary.js:84:11)
    at DevRootNotFoundBoundary (webpack-internal:///(app-pages-browser)/./node_modules/next/dist/client/components/dev-root-not-found-boundary.js:33:11)
    at ReactDevOverlay (webpack-internal:///(app-pages-browser)/./node_modules/next/dist/client/components/react-dev-overlay/app/ReactDevOverlay.js:87:9)
    at HotReload (webpack-internal:///(app-pages-browser)/./node_modules/next/dist/client/components/react-dev-overlay/app/hot-reloader-client.js:321:11)
    at Router (webpack-internal:///(app-pages-browser)/./node_modules/next/dist/client/components/app-router.js:207:11)
    at ErrorBoundaryHandler (webpack-internal:///(app-pages-browser)/./node_modules/next/dist/client/components/error-boundary.js:113:9)
    at ErrorBoundary (webpack-internal:///(app-pages-browser)/./node_modules/next/dist/client/components/error-boundary.js:160:11)
    at AppRouter (webpack-internal:///(app-pages-browser)/./node_modules/next/dist/client/components/app-router.js:585:13)
    at ServerRoot (webpack-internal:///(app-pages-browser)/./node_modules/next/dist/client/app-index.js:112:27)
    at Root (webpack-internal:///(app-pages-browser)/./node_modules/next/dist/client/app-index.js:117:11) @ webpack-internal:///(app-pages-browser)/./node_modules/next/dist/client/app-index.js:32
[  473107ms] [ERROR] Warning: An error occurred during hydration. The server HTML was replaced with client content in <%s>. #document @ webpack-internal:///(app-pages-browser)/./node_modules/next/dist/client/app-index.js:32
[  473167ms] Error: Text content does not match server-rendered HTML.
See more info here: https://nextjs.org/docs/messages/react-hydration-error
    at checkForUnmatchedText (webpack-internal:///(app-pages-browser)/./node_modules/next/dist/compiled/react-dom/cjs/react-dom.development.js:32797:11)
    at diffHydratedProperties (webpack-internal:///(app-pages-browser)/./node_modules/next/dist/compiled/react-dom/cjs/react-dom.development.js:35055:9)
    at hydrateInstance (webpack-internal:///(app-pages-browser)/./node_modules/next/dist/compiled/react-dom/cjs/react-dom.development.js:36127:3)
    at prepareToHydrateHostInstance (webpack-internal:///(app-pages-browser)/./node_modules/next/dist/compiled/react-dom/cjs/react-dom.development.js:7246:3)
    at completeWork (webpack-internal:///(app-pages-browser)/./node_modules/next/dist/compiled/react-dom/cjs/react-dom.development.js:19769:13)
    at completeUnitOfWork (webpack-internal:///(app-pages-browser)/./node_modules/next/dist/compiled/react-dom/cjs/react-dom.development.js:25963:14)
    at performUnitOfWork (webpack-internal:///(app-pages-browser)/./node_modules/next/dist/compiled/react-dom/cjs/react-dom.development.js:25759:5)
    at workLoopConcurrent (webpack-internal:///(app-pages-browser)/./node_modules/next/dist/compiled/react-dom/cjs/react-dom.development.js:25734:5)
    at renderRootConcurrent (webpack-internal:///(app-pages-browser)/./node_modules/next/dist/compiled/react-dom/cjs/react-dom.development.js:25690:9)
    at performConcurrentWorkOnRoot (webpack-internal:///(app-pages-browser)/./node_modules/next/dist/compiled/react-dom/cjs/react-dom.development.js:24504:38)
    at workLoop (webpack-internal:///(app-pages-browser)/./node_modules/next/dist/compiled/scheduler/cjs/scheduler.development.js:256:34)
    at flushWork (webpack-internal:///(app-pages-browser)/./node_modules/next/dist/compiled/scheduler/cjs/scheduler.development.js:225:14)
    at MessagePort.performWorkUntilDeadline (webpack-internal:///(app-pages-browser)/./node_modules/next/dist/compiled/scheduler/cjs/scheduler.development.js:534:21)
[  473167ms] Error: Text content does not match server-rendered HTML.
See more info here: https://nextjs.org/docs/messages/react-hydration-error
    at checkForUnmatchedText (webpack-internal:///(app-pages-browser)/./node_modules/next/dist/compiled/react-dom/cjs/react-dom.development.js:32797:11)
    at diffHydratedProperties (webpack-internal:///(app-pages-browser)/./node_modules/next/dist/compiled/react-dom/cjs/react-dom.development.js:35055:9)
    at hydrateInstance (webpack-internal:///(app-pages-browser)/./node_modules/next/dist/compiled/react-dom/cjs/react-dom.development.js:36127:3)
    at prepareToHydrateHostInstance (webpack-internal:///(app-pages-browser)/./node_modules/next/dist/compiled/react-dom/cjs/react-dom.development.js:7246:3)
    at completeWork (webpack-internal:///(app-pages-browser)/./node_modules/next/dist/compiled/react-dom/cjs/react-dom.development.js:19769:13)
    at completeUnitOfWork (webpack-internal:///(app-pages-browser)/./node_modules/next/dist/compiled/react-dom/cjs/react-dom.development.js:25963:14)
    at performUnitOfWork (webpack-internal:///(app-pages-browser)/./node_modules/next/dist/compiled/react-dom/cjs/react-dom.development.js:25759:5)
    at workLoopConcurrent (webpack-internal:///(app-pages-browser)/./node_modules/next/dist/compiled/react-dom/cjs/react-dom.development.js:25734:5)
    at renderRootConcurrent (webpack-internal:///(app-pages-browser)/./node_modules/next/dist/compiled/react-dom/cjs/react-dom.development.js:25690:9)
    at performConcurrentWorkOnRoot (webpack-internal:///(app-pages-browser)/./node_modules/next/dist/compiled/react-dom/cjs/react-dom.development.js:24504:38)
    at workLoop (webpack-internal:///(app-pages-browser)/./node_modules/next/dist/compiled/scheduler/cjs/scheduler.development.js:256:34)
    at flushWork (webpack-internal:///(app-pages-browser)/./node_modules/next/dist/compiled/scheduler/cjs/scheduler.development.js:225:14)
    at MessagePort.performWorkUntilDeadline (webpack-internal:///(app-pages-browser)/./node_modules/next/dist/compiled/scheduler/cjs/scheduler.development.js:534:21)
[  473167ms] Error: Text content does not match server-rendered HTML.
See more info here: https://nextjs.org/docs/messages/react-hydration-error
    at checkForUnmatchedText (webpack-internal:///(app-pages-browser)/./node_modules/next/dist/compiled/react-dom/cjs/react-dom.development.js:32797:11)
    at diffHydratedProperties (webpack-internal:///(app-pages-browser)/./node_modules/next/dist/compiled/react-dom/cjs/react-dom.development.js:35055:9)
    at hydrateInstance (webpack-internal:///(app-pages-browser)/./node_modules/next/dist/compiled/react-dom/cjs/react-dom.development.js:36127:3)
    at prepareToHydrateHostInstance (webpack-internal:///(app-pages-browser)/./node_modules/next/dist/compiled/react-dom/cjs/react-dom.development.js:7246:3)
    at completeWork (webpack-internal:///(app-pages-browser)/./node_modules/next/dist/compiled/react-dom/cjs/react-dom.development.js:19769:13)
    at completeUnitOfWork (webpack-internal:///(app-pages-browser)/./node_modules/next/dist/compiled/react-dom/cjs/react-dom.development.js:25963:14)
    at performUnitOfWork (webpack-internal:///(app-pages-browser)/./node_modules/next/dist/compiled/react-dom/cjs/react-dom.development.js:25759:5)
    at workLoopConcurrent (webpack-internal:///(app-pages-browser)/./node_modules/next/dist/compiled/react-dom/cjs/react-dom.development.js:25734:5)
    at renderRootConcurrent (webpack-internal:///(app-pages-browser)/./node_modules/next/dist/compiled/react-dom/cjs/react-dom.development.js:25690:9)
    at performConcurrentWorkOnRoot (webpack-internal:///(app-pages-browser)/./node_modules/next/dist/compiled/react-dom/cjs/react-dom.development.js:24504:38)
    at workLoop (webpack-internal:///(app-pages-browser)/./node_modules/next/dist/compiled/scheduler/cjs/scheduler.development.js:256:34)
    at flushWork (webpack-internal:///(app-pages-browser)/./node_modules/next/dist/compiled/scheduler/cjs/scheduler.development.js:225:14)
    at MessagePort.performWorkUntilDeadline (webpack-internal:///(app-pages-browser)/./node_modules/next/dist/compiled/scheduler/cjs/scheduler.development.js:534:21)
[  473168ms] Error: Text content does not match server-rendered HTML.
See more info here: https://nextjs.org/docs/messages/react-hydration-error
    at checkForUnmatchedText (webpack-internal:///(app-pages-browser)/./node_modules/next/dist/compiled/react-dom/cjs/react-dom.development.js:32797:11)
    at diffHydratedProperties (webpack-internal:///(app-pages-browser)/./node_modules/next/dist/compiled/react-dom/cjs/react-dom.development.js:35055:9)
    at hydrateInstance (webpack-internal:///(app-pages-browser)/./node_modules/next/dist/compiled/react-dom/cjs/react-dom.development.js:36127:3)
    at prepareToHydrateHostInstance (webpack-internal:///(app-pages-browser)/./node_modules/next/dist/compiled/react-dom/cjs/react-dom.development.js:7246:3)
    at completeWork (webpack-internal:///(app-pages-browser)/./node_modules/next/dist/compiled/react-dom/cjs/react-dom.development.js:19769:13)
    at completeUnitOfWork (webpack-internal:///(app-pages-browser)/./node_modules/next/dist/compiled/react-dom/cjs/react-dom.development.js:25963:14)
    at performUnitOfWork (webpack-internal:///(app-pages-browser)/./node_modules/next/dist/compiled/react-dom/cjs/react-dom.development.js:25759:5)
    at workLoopConcurrent (webpack-internal:///(app-pages-browser)/./node_modules/next/dist/compiled/react-dom/cjs/react-dom.development.js:25734:5)
    at renderRootConcurrent (webpack-internal:///(app-pages-browser)/./node_modules/next/dist/compiled/react-dom/cjs/react-dom.development.js:25690:9)
    at performConcurrentWorkOnRoot (webpack-internal:///(app-pages-browser)/./node_modules/next/dist/compiled/react-dom/cjs/react-dom.development.js:24504:38)
    at workLoop (webpack-internal:///(app-pages-browser)/./node_modules/next/dist/compiled/scheduler/cjs/scheduler.development.js:256:34)
    at flushWork (webpack-internal:///(app-pages-browser)/./node_modules/next/dist/compiled/scheduler/cjs/scheduler.development.js:225:14)
    at MessagePort.performWorkUntilDeadline (webpack-internal:///(app-pages-browser)/./node_modules/next/dist/compiled/scheduler/cjs/scheduler.development.js:534:21)
[  473168ms] Error: Text content does not match server-rendered HTML.
See more info here: https://nextjs.org/docs/messages/react-hydration-error
    at checkForUnmatchedText (webpack-internal:///(app-pages-browser)/./node_modules/next/dist/compiled/react-dom/cjs/react-dom.development.js:32797:11)
    at diffHydratedProperties (webpack-internal:///(app-pages-browser)/./node_modules/next/dist/compiled/react-dom/cjs/react-dom.development.js:35055:9)
    at hydrateInstance (webpack-internal:///(app-pages-browser)/./node_modules/next/dist/compiled/react-dom/cjs/react-dom.development.js:36127:3)
    at prepareToHydrateHostInstance (webpack-internal:///(app-pages-browser)/./node_modules/next/dist/compiled/react-dom/cjs/react-dom.development.js:7246:3)
    at completeWork (webpack-internal:///(app-pages-browser)/./node_modules/next/dist/compiled/react-dom/cjs/react-dom.development.js:19769:13)
    at completeUnitOfWork (webpack-internal:///(app-pages-browser)/./node_modules/next/dist/compiled/react-dom/cjs/react-dom.development.js:25963:14)
    at performUnitOfWork (webpack-internal:///(app-pages-browser)/./node_modules/next/dist/compiled/react-dom/cjs/react-dom.development.js:25759:5)
    at workLoopConcurrent (webpack-internal:///(app-pages-browser)/./node_modules/next/dist/compiled/react-dom/cjs/react-dom.development.js:25734:5)
    at renderRootConcurrent (webpack-internal:///(app-pages-browser)/./node_modules/next/dist/compiled/react-dom/cjs/react-dom.development.js:25690:9)
    at performConcurrentWorkOnRoot (webpack-internal:///(app-pages-browser)/./node_modules/next/dist/compiled/react-dom/cjs/react-dom.development.js:24504:38)
    at workLoop (webpack-internal:///(app-pages-browser)/./node_modules/next/dist/compiled/scheduler/cjs/scheduler.development.js:256:34)
    at flushWork (webpack-internal:///(app-pages-browser)/./node_modules/next/dist/compiled/scheduler/cjs/scheduler.development.js:225:14)
    at MessagePort.performWorkUntilDeadline (webpack-internal:///(app-pages-browser)/./node_modules/next/dist/compiled/scheduler/cjs/scheduler.development.js:534:21)
[  473169ms] Error: Text content does not match server-rendered HTML.
See more info here: https://nextjs.org/docs/messages/react-hydration-error
    at checkForUnmatchedText (webpack-internal:///(app-pages-browser)/./node_modules/next/dist/compiled/react-dom/cjs/react-dom.development.js:32797:11)
    at diffHydratedProperties (webpack-internal:///(app-pages-browser)/./node_modules/next/dist/compiled/react-dom/cjs/react-dom.development.js:35055:9)
    at hydrateInstance (webpack-internal:///(app-pages-browser)/./node_modules/next/dist/compiled/react-dom/cjs/react-dom.development.js:36127:3)
    at prepareToHydrateHostInstance (webpack-internal:///(app-pages-browser)/./node_modules/next/dist/compiled/react-dom/cjs/react-dom.development.js:7246:3)
    at completeWork (webpack-internal:///(app-pages-browser)/./node_modules/next/dist/compiled/react-dom/cjs/react-dom.development.js:19769:13)
    at completeUnitOfWork (webpack-internal:///(app-pages-browser)/./node_modules/next/dist/compiled/react-dom/cjs/react-dom.development.js:25963:14)
    at performUnitOfWork (webpack-internal:///(app-pages-browser)/./node_modules/next/dist/compiled/react-dom/cjs/react-dom.development.js:25759:5)
    at workLoopConcurrent (webpack-internal:///(app-pages-browser)/./node_modules/next/dist/compiled/react-dom/cjs/react-dom.development.js:25734:5)
    at renderRootConcurrent (webpack-internal:///(app-pages-browser)/./node_modules/next/dist/compiled/react-dom/cjs/react-dom.development.js:25690:9)
    at performConcurrentWorkOnRoot (webpack-internal:///(app-pages-browser)/./node_modules/next/dist/compiled/react-dom/cjs/react-dom.development.js:24504:38)
    at workLoop (webpack-internal:///(app-pages-browser)/./node_modules/next/dist/compiled/scheduler/cjs/scheduler.development.js:256:34)
    at flushWork (webpack-internal:///(app-pages-browser)/./node_modules/next/dist/compiled/scheduler/cjs/scheduler.development.js:225:14)
    at MessagePort.performWorkUntilDeadline (webpack-internal:///(app-pages-browser)/./node_modules/next/dist/compiled/scheduler/cjs/scheduler.development.js:534:21)
[  473169ms] Error: Text content does not match server-rendered HTML.
See more info here: https://nextjs.org/docs/messages/react-hydration-error
    at checkForUnmatchedText (webpack-internal:///(app-pages-browser)/./node_modules/next/dist/compiled/react-dom/cjs/react-dom.development.js:32797:11)
    at diffHydratedProperties (webpack-internal:///(app-pages-browser)/./node_modules/next/dist/compiled/react-dom/cjs/react-dom.development.js:35055:9)
    at hydrateInstance (webpack-internal:///(app-pages-browser)/./node_modules/next/dist/compiled/react-dom/cjs/react-dom.development.js:36127:3)
    at prepareToHydrateHostInstance (webpack-internal:///(app-pages-browser)/./node_modules/next/dist/compiled/react-dom/cjs/react-dom.development.js:7246:3)
    at completeWork (webpack-internal:///(app-pages-browser)/./node_modules/next/dist/compiled/react-dom/cjs/react-dom.development.js:19769:13)
    at completeUnitOfWork (webpack-internal:///(app-pages-browser)/./node_modules/next/dist/compiled/react-dom/cjs/react-dom.development.js:25963:14)
    at performUnitOfWork (webpack-internal:///(app-pages-browser)/./node_modules/next/dist/compiled/react-dom/cjs/react-dom.development.js:25759:5)
    at workLoopConcurrent (webpack-internal:///(app-pages-browser)/./node_modules/next/dist/compiled/react-dom/cjs/react-dom.development.js:25734:5)
    at renderRootConcurrent (webpack-internal:///(app-pages-browser)/./node_modules/next/dist/compiled/react-dom/cjs/react-dom.development.js:25690:9)
    at performConcurrentWorkOnRoot (webpack-internal:///(app-pages-browser)/./node_modules/next/dist/compiled/react-dom/cjs/react-dom.development.js:24504:38)
    at workLoop (webpack-internal:///(app-pages-browser)/./node_modules/next/dist/compiled/scheduler/cjs/scheduler.development.js:256:34)
    at flushWork (webpack-internal:///(app-pages-browser)/./node_modules/next/dist/compiled/scheduler/cjs/scheduler.development.js:225:14)
    at MessagePort.performWorkUntilDeadline (webpack-internal:///(app-pages-browser)/./node_modules/next/dist/compiled/scheduler/cjs/scheduler.development.js:534:21)
[  473169ms] Error: There was an error while hydrating. Because the error happened outside of a Suspense boundary, the entire root will switch to client rendering.
See more info here: https://nextjs.org/docs/messages/react-hydration-error
    at updateHostRoot (webpack-internal:///(app-pages-browser)/./node_modules/next/dist/compiled/react-dom/cjs/react-dom.development.js:16571:57)
    at beginWork$1 (webpack-internal:///(app-pages-browser)/./node_modules/next/dist/compiled/react-dom/cjs/react-dom.development.js:18486:14)
    at beginWork (webpack-internal:///(app-pages-browser)/./node_modules/next/dist/compiled/react-dom/cjs/react-dom.development.js:26927:14)
    at performUnitOfWork (webpack-internal:///(app-pages-browser)/./node_modules/next/dist/compiled/react-dom/cjs/react-dom.development.js:25748:12)
    at workLoopSync (webpack-internal:///(app-pages-browser)/./node_modules/next/dist/compiled/react-dom/cjs/react-dom.development.js:25464:5)
    at renderRootSync (webpack-internal:///(app-pages-browser)/./node_modules/next/dist/compiled/react-dom/cjs/react-dom.development.js:25419:7)
    at recoverFromConcurrentError (webpack-internal:///(app-pages-browser)/./node_modules/next/dist/compiled/react-dom/cjs/react-dom.development.js:24597:20)
    at performConcurrentWorkOnRoot (webpack-internal:///(app-pages-browser)/./node_modules/next/dist/compiled/react-dom/cjs/react-dom.development.js:24542:26)
    at workLoop (webpack-internal:///(app-pages-browser)/./node_modules/next/dist/compiled/scheduler/cjs/scheduler.development.js:256:34)
    at flushWork (webpack-internal:///(app-pages-browser)/./node_modules/next/dist/compiled/scheduler/cjs/scheduler.development.js:225:14)
    at MessagePort.performWorkUntilDeadline (webpack-internal:///(app-pages-browser)/./node_modules/next/dist/compiled/scheduler/cjs/scheduler.development.js:534:21)
[ 1014654ms] [ERROR] Failed to load resource: the server responded with a status of 404 (Not Found) @ http://localhost:3001/s/demo?_rsc=1epne:0
[ 1014707ms] [ERROR] Failed to load resource: the server responded with a status of 404 (Not Found) @ http://localhost:3001/s/demo?_rsc=1epne:0
[ 1014716ms] [ERROR] Failed to load resource: the server responded with a status of 404 (Not Found) @ http://localhost:3001/s/demo?_rsc=1epne:0
[ 1014724ms] [ERROR] Failed to load resource: the server responded with a status of 404 (Not Found) @ http://localhost:3001/s/demo?_rsc=1epne:0
[ 1014732ms] [ERROR] Failed to load resource: the server responded with a status of 404 (Not Found) @ http://localhost:3001/s/demo?_rsc=1epne:0
[ 1014741ms] [ERROR] Failed to load resource: the server responded with a status of 404 (Not Found) @ http://localhost:3001/s/demo?_rsc=1epne:0
[ 1014748ms] [ERROR] Failed to load resource: the server responded with a status of 404 (Not Found) @ http://localhost:3001/s/demo?_rsc=1epne:0
[ 1014757ms] [ERROR] Failed to load resource: the server responded with a status of 404 (Not Found) @ http://localhost:3001/s/demo?_rsc=1epne:0
[ 1014768ms] [ERROR] Failed to load resource: the server responded with a status of 404 (Not Found) @ http://localhost:3001/s/demo?_rsc=1epne:0
[ 1014779ms] [ERROR] Failed to load resource: the server responded with a status of 404 (Not Found) @ http://localhost:3001/s/demo?_rsc=1epne:0
[ 1014786ms] [ERROR] Failed to load resource: the server responded with a status of 404 (Not Found) @ http://localhost:3001/s/demo?_rsc=1epne:0
[ 1014794ms] [ERROR] Failed to load resource: the server responded with a status of 404 (Not Found) @ http://localhost:3001/s/demo?_rsc=1epne:0
[ 1014805ms] [ERROR] Failed to load resource: the server responded with a status of 404 (Not Found) @ http://localhost:3001/s/demo?_rsc=1epne:0
[ 1014929ms] [ERROR] Failed to load resource: the server responded with a status of 404 (Not Found) @ http://localhost:3001/s/demo:0
[ 1044437ms] [ERROR] Failed to load resource: the server responded with a status of 404 (Not Found) @ http://localhost:3001/s/demo?_rsc=1kfer:0
[ 1044583ms] [ERROR] Failed to load resource: the server responded with a status of 404 (Not Found) @ http://localhost:3001/s/demo:0
[ 1320333ms] [ERROR] WebSocket connection to 'ws://localhost:3001/_next/webpack-hmr' failed:  @ webpack-internal:///(app-pages-browser)/./node_modules/next/dist/client/components/react-dev-overlay/internal/helpers/use-websocket.js:41
[ 1528210ms] [ERROR] Failed to load resource: the server responded with a status of 404 (Not Found) @ http://localhost:3001/s/demo:0
[ 2391219ms] [ERROR] Failed to load resource: the server responded with a status of 404 (Not Found) @ http://localhost:3001/api/public/site/kim:0
