[   92277ms] [ERROR] ./src/components/templates/election/election-template.tsx:3:1
Module not found: Can't resolve './election-keywords'
  1 | import type { SiteData } from "@/types/site";
  2 | import ElectionHero from "./election-hero";
> 3 | import ElectionKeywords from "./election-keywords";
    | ^
  4 | import ElectionProfile from "./election-profile";
  5 | import ElectionPledges from "./election-pledges";
  6 | import ElectionGallery from "./election-gallery";

https://nextjs.org/docs/messages/module-not-found

Import trace for requested module:
./src/app/s/[code]/page.tsx @ webpack-internal:///(app-pages-browser)/./node_modules/next/dist/client/app-index.js:32
[   92277ms] [ERROR] ./src/components/templates/election/election-template.tsx:12:1
Module not found: Can't resolve './election-nav'
  10 | import ElectionContacts from "./election-contacts";
  11 | import ElectionFooter from "./election-footer";
> 12 | import ElectionNav from "./election-nav";
     | ^
  13 |
  14 | interface Props {
  15 |   data: SiteData;

https://nextjs.org/docs/messages/module-not-found

Import trace for requested module:
./src/app/s/[code]/page.tsx @ webpack-internal:///(app-pages-browser)/./node_modules/next/dist/client/app-index.js:32
[   92391ms] [ERROR] Failed to load resource: the server responded with a status of 500 (Internal Server Error) @ http://localhost:3001/s/demo?_rsc=1epne:0
[   92657ms] [ERROR] Failed to load resource: the server responded with a status of 500 (Internal Server Error) @ http://localhost:3001/s/demo:0
[   93179ms] Error: Module not found: Can't resolve './election-keywords'
  1 | import type { SiteData } from "@/types/site";
  2 | import ElectionHero from "./election-hero";
> 3 | import ElectionKeywords from "./election-keywords";
    | ^
  4 | import ElectionProfile from "./election-profile";
  5 | import ElectionPledges from "./election-pledges";
  6 | import ElectionGallery from "./election-gallery";

https://nextjs.org/docs/messages/module-not-found

Import trace for requested module:
./src/app/s/[code]/page.tsx
    at <unknown> (https://nextjs.org/docs/messages/module-not-found)
    at getNotFoundError (file:///Users/jojo/pro/myhome/node_modules/next/dist/build/webpack/plugins/wellknown-errors-plugin/parseNotFoundError.js:124:16)
    at async getModuleBuildError (file:///Users/jojo/pro/myhome/node_modules/next/dist/build/webpack/plugins/wellknown-errors-plugin/webpackModuleError.js:104:27)
    at async (file:///Users/jojo/pro/myhome/node_modules/next/dist/build/webpack/plugins/wellknown-errors-plugin/index.js:29:49)
    at async (file:///Users/jojo/pro/myhome/node_modules/next/dist/build/webpack/plugins/wellknown-errors-plugin/index.js:27:21)
[   93174ms] [ERROR] ./src/components/templates/election/election-template.tsx:3:1
Module not found: Can't resolve './election-keywords'
  1 | import type { SiteData } from "@/types/site";
  2 | import ElectionHero from "./election-hero";
> 3 | import ElectionKeywords from "./election-keywords";
    | ^
  4 | import ElectionProfile from "./election-profile";
  5 | import ElectionPledges from "./election-pledges";
  6 | import ElectionGallery from "./election-gallery";

https://nextjs.org/docs/messages/module-not-found

Import trace for requested module:
./src/app/s/[code]/page.tsx @ webpack-internal:///./node_modules/next/dist/client/components/react-dev-overlay/internal/helpers/hydration-error-info.js:62
[   93174ms] [ERROR] ./src/components/templates/election/election-template.tsx:12:1
Module not found: Can't resolve './election-nav'
  10 | import ElectionContacts from "./election-contacts";
  11 | import ElectionFooter from "./election-footer";
> 12 | import ElectionNav from "./election-nav";
     | ^
  13 |
  14 | interface Props {
  15 |   data: SiteData;

https://nextjs.org/docs/messages/module-not-found

Import trace for requested module:
./src/app/s/[code]/page.tsx @ webpack-internal:///./node_modules/next/dist/client/components/react-dev-overlay/internal/helpers/hydration-error-info.js:62
[   93239ms] [ERROR] ./src/components/templates/election/election-template.tsx:3:1
Module not found: Can't resolve './election-keywords'
  1 | import type { SiteData } from "@/types/site";
  2 | import ElectionHero from "./election-hero";
> 3 | import ElectionKeywords from "./election-keywords";
    | ^
  4 | import ElectionProfile from "./election-profile";
  5 | import ElectionPledges from "./election-pledges";
  6 | import ElectionGallery from "./election-gallery";

https://nextjs.org/docs/messages/module-not-found

Import trace for requested module:
./src/app/s/[code]/page.tsx @ webpack-internal:///./node_modules/next/dist/client/components/react-dev-overlay/internal/helpers/hydration-error-info.js:62
[   93239ms] [ERROR] ./src/components/templates/election/election-template.tsx:12:1
Module not found: Can't resolve './election-nav'
  10 | import ElectionContacts from "./election-contacts";
  11 | import ElectionFooter from "./election-footer";
> 12 | import ElectionNav from "./election-nav";
     | ^
  13 |
  14 | interface Props {
  15 |   data: SiteData;

https://nextjs.org/docs/messages/module-not-found

Import trace for requested module:
./src/app/s/[code]/page.tsx @ webpack-internal:///./node_modules/next/dist/client/components/react-dev-overlay/internal/helpers/hydration-error-info.js:62
[  115213ms] [ERROR] ./src/components/templates/election/election-template.tsx:3:1
Module not found: Can't resolve './election-keywords'
  1 | import type { SiteData } from "@/types/site";
  2 | import ElectionHero from "./election-hero";
> 3 | import ElectionKeywords from "./election-keywords";
    | ^
  4 | import ElectionProfile from "./election-profile";
  5 | import ElectionPledges from "./election-pledges";
  6 | import ElectionGallery from "./election-gallery";

https://nextjs.org/docs/messages/module-not-found

Import trace for requested module:
./src/app/s/[code]/page.tsx @ webpack-internal:///./node_modules/next/dist/client/components/react-dev-overlay/internal/helpers/hydration-error-info.js:62
[  115213ms] [ERROR] ./src/components/templates/election/election-template.tsx:12:1
Module not found: Can't resolve './election-nav'
  10 | import ElectionContacts from "./election-contacts";
  11 | import ElectionFooter from "./election-footer";
> 12 | import ElectionNav from "./election-nav";
     | ^
  13 |
  14 | interface Props {
  15 |   data: SiteData;

https://nextjs.org/docs/messages/module-not-found

Import trace for requested module:
./src/app/s/[code]/page.tsx @ webpack-internal:///./node_modules/next/dist/client/components/react-dev-overlay/internal/helpers/hydration-error-info.js:62
[  115363ms] [ERROR] Failed to load resource: the server responded with a status of 500 (Internal Server Error) @ http://localhost:3001/_next/static/webpack/b047ddbcc889202b.webpack.hot-update.json:0
[  115363ms] [WARNING] [Fast Refresh] performing full reload

Fast Refresh will perform a full reload when you edit a file that's imported by modules outside of the React rendering tree.
You might have a file which exports a React component but also exports a value that is imported by a non-React component file.
Consider migrating the non-React component export to a separate file and importing it into both files.

It is also possible the parent component of the component you edited is a class component, which disables Fast Refresh.
Fast Refresh requires at least one parent function component in your React tree. @ webpack-internal:///./node_modules/next/dist/client/components/react-dev-overlay/pages/hot-reloader-client.js:347
[  115558ms] [ERROR] Failed to load resource: the server responded with a status of 500 (Internal Server Error) @ http://localhost:3001/s/demo:0
[  115984ms] Error: Module not found: Can't resolve './election-keywords'
  1 | import type { SiteData } from "@/types/site";
  2 | import ElectionHero from "./election-hero";
> 3 | import ElectionKeywords from "./election-keywords";
    | ^
  4 | import ElectionProfile from "./election-profile";
  5 | import ElectionPledges from "./election-pledges";
  6 | import ElectionGallery from "./election-gallery";

https://nextjs.org/docs/messages/module-not-found

Import trace for requested module:
./src/app/s/[code]/page.tsx
    at <unknown> (https://nextjs.org/docs/messages/module-not-found)
    at getNotFoundError (file:///Users/jojo/pro/myhome/node_modules/next/dist/build/webpack/plugins/wellknown-errors-plugin/parseNotFoundError.js:124:16)
    at async getModuleBuildError (file:///Users/jojo/pro/myhome/node_modules/next/dist/build/webpack/plugins/wellknown-errors-plugin/webpackModuleError.js:104:27)
    at async (file:///Users/jojo/pro/myhome/node_modules/next/dist/build/webpack/plugins/wellknown-errors-plugin/index.js:29:49)
    at async (file:///Users/jojo/pro/myhome/node_modules/next/dist/build/webpack/plugins/wellknown-errors-plugin/index.js:27:21)
[  115948ms] [ERROR] ./src/components/templates/election/election-template.tsx:3:1
Module not found: Can't resolve './election-keywords'
  1 | import type { SiteData } from "@/types/site";
  2 | import ElectionHero from "./election-hero";
> 3 | import ElectionKeywords from "./election-keywords";
    | ^
  4 | import ElectionProfile from "./election-profile";
  5 | import ElectionPledges from "./election-pledges";
  6 | import ElectionGallery from "./election-gallery";

https://nextjs.org/docs/messages/module-not-found

Import trace for requested module:
./src/app/s/[code]/page.tsx @ webpack-internal:///./node_modules/next/dist/client/components/react-dev-overlay/internal/helpers/hydration-error-info.js:62
[  115948ms] [ERROR] ./src/components/templates/election/election-template.tsx:12:1
Module not found: Can't resolve './election-nav'
  10 | import ElectionContacts from "./election-contacts";
  11 | import ElectionFooter from "./election-footer";
> 12 | import ElectionNav from "./election-nav";
     | ^
  13 |
  14 | interface Props {
  15 |   data: SiteData;

https://nextjs.org/docs/messages/module-not-found

Import trace for requested module:
./src/app/s/[code]/page.tsx @ webpack-internal:///./node_modules/next/dist/client/components/react-dev-overlay/internal/helpers/hydration-error-info.js:62
[  115989ms] [ERROR] Failed to load resource: the server responded with a status of 404 (Not Found) @ http://localhost:3001/favicon.ico:0
[  116140ms] [ERROR] ./src/components/templates/election/election-template.tsx:3:1
Module not found: Can't resolve './election-keywords'
  1 | import type { SiteData } from "@/types/site";
  2 | import ElectionHero from "./election-hero";
> 3 | import ElectionKeywords from "./election-keywords";
    | ^
  4 | import ElectionProfile from "./election-profile";
  5 | import ElectionPledges from "./election-pledges";
  6 | import ElectionGallery from "./election-gallery";

https://nextjs.org/docs/messages/module-not-found

Import trace for requested module:
./src/app/s/[code]/page.tsx @ webpack-internal:///./node_modules/next/dist/client/components/react-dev-overlay/internal/helpers/hydration-error-info.js:62
[  116140ms] [ERROR] ./src/components/templates/election/election-template.tsx:12:1
Module not found: Can't resolve './election-nav'
  10 | import ElectionContacts from "./election-contacts";
  11 | import ElectionFooter from "./election-footer";
> 12 | import ElectionNav from "./election-nav";
     | ^
  13 |
  14 | interface Props {
  15 |   data: SiteData;

https://nextjs.org/docs/messages/module-not-found

Import trace for requested module:
./src/app/s/[code]/page.tsx @ webpack-internal:///./node_modules/next/dist/client/components/react-dev-overlay/internal/helpers/hydration-error-info.js:62
[  116151ms] [ERROR] ./src/components/templates/election/election-template.tsx:3:1
Module not found: Can't resolve './election-keywords'
  1 | import type { SiteData } from "@/types/site";
  2 | import ElectionHero from "./election-hero";
> 3 | import ElectionKeywords from "./election-keywords";
    | ^
  4 | import ElectionProfile from "./election-profile";
  5 | import ElectionPledges from "./election-pledges";
  6 | import ElectionGallery from "./election-gallery";

https://nextjs.org/docs/messages/module-not-found

Import trace for requested module:
./src/app/s/[code]/page.tsx @ webpack-internal:///./node_modules/next/dist/client/components/react-dev-overlay/internal/helpers/hydration-error-info.js:62
[  116151ms] [ERROR] ./src/components/templates/election/election-template.tsx:12:1
Module not found: Can't resolve './election-nav'
  10 | import ElectionContacts from "./election-contacts";
  11 | import ElectionFooter from "./election-footer";
> 12 | import ElectionNav from "./election-nav";
     | ^
  13 |
  14 | interface Props {
  15 |   data: SiteData;

https://nextjs.org/docs/messages/module-not-found

Import trace for requested module:
./src/app/s/[code]/page.tsx @ webpack-internal:///./node_modules/next/dist/client/components/react-dev-overlay/internal/helpers/hydration-error-info.js:62
[  135540ms] [ERROR] ./src/components/templates/election/election-template.tsx:12:1
Module not found: Can't resolve './election-nav'
  10 | import ElectionContacts from "./election-contacts";
  11 | import ElectionFooter from "./election-footer";
> 12 | import ElectionNav from "./election-nav";
     | ^
  13 |
  14 | interface Props {
  15 |   data: SiteData;

https://nextjs.org/docs/messages/module-not-found

Import trace for requested module:
./src/app/s/[code]/page.tsx @ webpack-internal:///./node_modules/next/dist/client/components/react-dev-overlay/internal/helpers/hydration-error-info.js:62
[  135602ms] [ERROR] Failed to load resource: the server responded with a status of 500 (Internal Server Error) @ http://localhost:3001/_next/static/webpack/b047ddbcc889202b.webpack.hot-update.json:0
[  135602ms] [WARNING] [Fast Refresh] performing full reload

Fast Refresh will perform a full reload when you edit a file that's imported by modules outside of the React rendering tree.
You might have a file which exports a React component but also exports a value that is imported by a non-React component file.
Consider migrating the non-React component export to a separate file and importing it into both files.

It is also possible the parent component of the component you edited is a class component, which disables Fast Refresh.
Fast Refresh requires at least one parent function component in your React tree. @ webpack-internal:///./node_modules/next/dist/client/components/react-dev-overlay/pages/hot-reloader-client.js:347
[  135907ms] [ERROR] Failed to load resource: the server responded with a status of 500 (Internal Server Error) @ http://localhost:3001/s/demo:0
[  136162ms] Error: Module not found: Can't resolve './election-nav'
  10 | import ElectionContacts from "./election-contacts";
  11 | import ElectionFooter from "./election-footer";
> 12 | import ElectionNav from "./election-nav";
     | ^
  13 |
  14 | interface Props {
  15 |   data: SiteData;

https://nextjs.org/docs/messages/module-not-found

Import trace for requested module:
./src/app/s/[code]/page.tsx
    at <unknown> (https://nextjs.org/docs/messages/module-not-found)
    at getNotFoundError (file:///Users/jojo/pro/myhome/node_modules/next/dist/build/webpack/plugins/wellknown-errors-plugin/parseNotFoundError.js:124:16)
    at async getModuleBuildError (file:///Users/jojo/pro/myhome/node_modules/next/dist/build/webpack/plugins/wellknown-errors-plugin/webpackModuleError.js:104:27)
    at async (file:///Users/jojo/pro/myhome/node_modules/next/dist/build/webpack/plugins/wellknown-errors-plugin/index.js:29:49)
    at async (file:///Users/jojo/pro/myhome/node_modules/next/dist/build/webpack/plugins/wellknown-errors-plugin/index.js:27:21)
[  136200ms] [ERROR] ./src/components/templates/election/election-template.tsx:12:1
Module not found: Can't resolve './election-nav'
  10 | import ElectionContacts from "./election-contacts";
  11 | import ElectionFooter from "./election-footer";
> 12 | import ElectionNav from "./election-nav";
     | ^
  13 |
  14 | interface Props {
  15 |   data: SiteData;

https://nextjs.org/docs/messages/module-not-found

Import trace for requested module:
./src/app/s/[code]/page.tsx @ webpack-internal:///./node_modules/next/dist/client/components/react-dev-overlay/internal/helpers/hydration-error-info.js:62
[  162406ms] [ERROR] ./src/components/templates/election/election-template.tsx:12:1
Module not found: Can't resolve './election-nav'
  10 | import ElectionContacts from "./election-contacts";
  11 | import ElectionFooter from "./election-footer";
> 12 | import ElectionNav from "./election-nav";
     | ^
  13 |
  14 | interface Props {
  15 |   data: SiteData;

https://nextjs.org/docs/messages/module-not-found

Import trace for requested module:
./src/app/s/[code]/page.tsx @ webpack-internal:///./node_modules/next/dist/client/components/react-dev-overlay/internal/helpers/hydration-error-info.js:62
[  162470ms] [ERROR] Failed to load resource: the server responded with a status of 500 (Internal Server Error) @ http://localhost:3001/_next/static/webpack/b047ddbcc889202b.webpack.hot-update.json:0
[  162471ms] [WARNING] [Fast Refresh] performing full reload

Fast Refresh will perform a full reload when you edit a file that's imported by modules outside of the React rendering tree.
You might have a file which exports a React component but also exports a value that is imported by a non-React component file.
Consider migrating the non-React component export to a separate file and importing it into both files.

It is also possible the parent component of the component you edited is a class component, which disables Fast Refresh.
Fast Refresh requires at least one parent function component in your React tree. @ webpack-internal:///./node_modules/next/dist/client/components/react-dev-overlay/pages/hot-reloader-client.js:347
[  162676ms] [ERROR] Failed to load resource: the server responded with a status of 500 (Internal Server Error) @ http://localhost:3001/s/demo:0
[  162909ms] Error: Module not found: Can't resolve './election-nav'
  10 | import ElectionContacts from "./election-contacts";
  11 | import ElectionFooter from "./election-footer";
> 12 | import ElectionNav from "./election-nav";
     | ^
  13 |
  14 | interface Props {
  15 |   data: SiteData;

https://nextjs.org/docs/messages/module-not-found

Import trace for requested module:
./src/app/s/[code]/page.tsx
    at <unknown> (https://nextjs.org/docs/messages/module-not-found)
    at getNotFoundError (file:///Users/jojo/pro/myhome/node_modules/next/dist/build/webpack/plugins/wellknown-errors-plugin/parseNotFoundError.js:124:16)
    at async getModuleBuildError (file:///Users/jojo/pro/myhome/node_modules/next/dist/build/webpack/plugins/wellknown-errors-plugin/webpackModuleError.js:104:27)
    at async (file:///Users/jojo/pro/myhome/node_modules/next/dist/build/webpack/plugins/wellknown-errors-plugin/index.js:29:49)
    at async (file:///Users/jojo/pro/myhome/node_modules/next/dist/build/webpack/plugins/wellknown-errors-plugin/index.js:27:21)
[  162944ms] [ERROR] ./src/components/templates/election/election-template.tsx:12:1
Module not found: Can't resolve './election-nav'
  10 | import ElectionContacts from "./election-contacts";
  11 | import ElectionFooter from "./election-footer";
> 12 | import ElectionNav from "./election-nav";
     | ^
  13 |
  14 | interface Props {
  15 |   data: SiteData;

https://nextjs.org/docs/messages/module-not-found

Import trace for requested module:
./src/app/s/[code]/page.tsx @ webpack-internal:///./node_modules/next/dist/client/components/react-dev-overlay/internal/helpers/hydration-error-info.js:62
[  177432ms] [ERROR] ./src/components/templates/election/election-template.tsx:12:1
Module not found: Can't resolve './election-nav'
  10 | import ElectionContacts from "./election-contacts";
  11 | import ElectionFooter from "./election-footer";
> 12 | import ElectionNav from "./election-nav";
     | ^
  13 |
  14 | interface Props {
  15 |   data: SiteData;

https://nextjs.org/docs/messages/module-not-found

Import trace for requested module:
./src/app/s/[code]/page.tsx @ webpack-internal:///./node_modules/next/dist/client/components/react-dev-overlay/internal/helpers/hydration-error-info.js:62
[  177550ms] [ERROR] Failed to load resource: the server responded with a status of 500 (Internal Server Error) @ http://localhost:3001/_next/static/webpack/b047ddbcc889202b.webpack.hot-update.json:0
[  177550ms] [WARNING] [Fast Refresh] performing full reload

Fast Refresh will perform a full reload when you edit a file that's imported by modules outside of the React rendering tree.
You might have a file which exports a React component but also exports a value that is imported by a non-React component file.
Consider migrating the non-React component export to a separate file and importing it into both files.

It is also possible the parent component of the component you edited is a class component, which disables Fast Refresh.
Fast Refresh requires at least one parent function component in your React tree. @ webpack-internal:///./node_modules/next/dist/client/components/react-dev-overlay/pages/hot-reloader-client.js:347
[  177712ms] [ERROR] Failed to load resource: the server responded with a status of 500 (Internal Server Error) @ http://localhost:3001/s/demo:0
[  177940ms] Error: Module not found: Can't resolve './election-nav'
  10 | import ElectionContacts from "./election-contacts";
  11 | import ElectionFooter from "./election-footer";
> 12 | import ElectionNav from "./election-nav";
     | ^
  13 |
  14 | interface Props {
  15 |   data: SiteData;

https://nextjs.org/docs/messages/module-not-found

Import trace for requested module:
./src/app/s/[code]/page.tsx
    at <unknown> (https://nextjs.org/docs/messages/module-not-found)
    at getNotFoundError (file:///Users/jojo/pro/myhome/node_modules/next/dist/build/webpack/plugins/wellknown-errors-plugin/parseNotFoundError.js:124:16)
    at async getModuleBuildError (file:///Users/jojo/pro/myhome/node_modules/next/dist/build/webpack/plugins/wellknown-errors-plugin/webpackModuleError.js:104:27)
    at async (file:///Users/jojo/pro/myhome/node_modules/next/dist/build/webpack/plugins/wellknown-errors-plugin/index.js:29:49)
    at async (file:///Users/jojo/pro/myhome/node_modules/next/dist/build/webpack/plugins/wellknown-errors-plugin/index.js:27:21)
[  177938ms] [ERROR] ./src/components/templates/election/election-template.tsx:12:1
Module not found: Can't resolve './election-nav'
  10 | import ElectionContacts from "./election-contacts";
  11 | import ElectionFooter from "./election-footer";
> 12 | import ElectionNav from "./election-nav";
     | ^
  13 |
  14 | interface Props {
  15 |   data: SiteData;

https://nextjs.org/docs/messages/module-not-found

Import trace for requested module:
./src/app/s/[code]/page.tsx @ webpack-internal:///./node_modules/next/dist/client/components/react-dev-overlay/internal/helpers/hydration-error-info.js:62
[  178018ms] [ERROR] ./src/components/templates/election/election-template.tsx:12:1
Module not found: Can't resolve './election-nav'
  10 | import ElectionContacts from "./election-contacts";
  11 | import ElectionFooter from "./election-footer";
> 12 | import ElectionNav from "./election-nav";
     | ^
  13 |
  14 | interface Props {
  15 |   data: SiteData;

https://nextjs.org/docs/messages/module-not-found

Import trace for requested module:
./src/app/s/[code]/page.tsx @ webpack-internal:///./node_modules/next/dist/client/components/react-dev-overlay/internal/helpers/hydration-error-info.js:62
[  205133ms] [ERROR] ./src/components/templates/election/election-template.tsx:12:1
Module not found: Can't resolve './election-nav'
  10 | import ElectionContacts from "./election-contacts";
  11 | import ElectionFooter from "./election-footer";
> 12 | import ElectionNav from "./election-nav";
     | ^
  13 |
  14 | interface Props {
  15 |   data: SiteData;

https://nextjs.org/docs/messages/module-not-found

Import trace for requested module:
./src/app/s/[code]/page.tsx @ webpack-internal:///./node_modules/next/dist/client/components/react-dev-overlay/internal/helpers/hydration-error-info.js:62
[  205231ms] [ERROR] Failed to load resource: the server responded with a status of 500 (Internal Server Error) @ http://localhost:3001/_next/static/webpack/b047ddbcc889202b.webpack.hot-update.json:0
[  205232ms] [WARNING] [Fast Refresh] performing full reload

Fast Refresh will perform a full reload when you edit a file that's imported by modules outside of the React rendering tree.
You might have a file which exports a React component but also exports a value that is imported by a non-React component file.
Consider migrating the non-React component export to a separate file and importing it into both files.

It is also possible the parent component of the component you edited is a class component, which disables Fast Refresh.
Fast Refresh requires at least one parent function component in your React tree. @ webpack-internal:///./node_modules/next/dist/client/components/react-dev-overlay/pages/hot-reloader-client.js:347
[  205438ms] [ERROR] Failed to load resource: the server responded with a status of 500 (Internal Server Error) @ http://localhost:3001/s/demo:0
[  205653ms] Error: Module not found: Can't resolve './election-nav'
  10 | import ElectionContacts from "./election-contacts";
  11 | import ElectionFooter from "./election-footer";
> 12 | import ElectionNav from "./election-nav";
     | ^
  13 |
  14 | interface Props {
  15 |   data: SiteData;

https://nextjs.org/docs/messages/module-not-found

Import trace for requested module:
./src/app/s/[code]/page.tsx
    at <unknown> (https://nextjs.org/docs/messages/module-not-found)
    at getNotFoundError (file:///Users/jojo/pro/myhome/node_modules/next/dist/build/webpack/plugins/wellknown-errors-plugin/parseNotFoundError.js:124:16)
    at async getModuleBuildError (file:///Users/jojo/pro/myhome/node_modules/next/dist/build/webpack/plugins/wellknown-errors-plugin/webpackModuleError.js:104:27)
    at async (file:///Users/jojo/pro/myhome/node_modules/next/dist/build/webpack/plugins/wellknown-errors-plugin/index.js:29:49)
    at async (file:///Users/jojo/pro/myhome/node_modules/next/dist/build/webpack/plugins/wellknown-errors-plugin/index.js:27:21)
[  205652ms] [ERROR] ./src/components/templates/election/election-template.tsx:12:1
Module not found: Can't resolve './election-nav'
  10 | import ElectionContacts from "./election-contacts";
  11 | import ElectionFooter from "./election-footer";
> 12 | import ElectionNav from "./election-nav";
     | ^
  13 |
  14 | interface Props {
  15 |   data: SiteData;

https://nextjs.org/docs/messages/module-not-found

Import trace for requested module:
./src/app/s/[code]/page.tsx @ webpack-internal:///./node_modules/next/dist/client/components/react-dev-overlay/internal/helpers/hydration-error-info.js:62
[  205666ms] [ERROR] ./src/components/templates/election/election-template.tsx:12:1
Module not found: Can't resolve './election-nav'
  10 | import ElectionContacts from "./election-contacts";
  11 | import ElectionFooter from "./election-footer";
> 12 | import ElectionNav from "./election-nav";
     | ^
  13 |
  14 | interface Props {
  15 |   data: SiteData;

https://nextjs.org/docs/messages/module-not-found

Import trace for requested module:
./src/app/s/[code]/page.tsx @ webpack-internal:///./node_modules/next/dist/client/components/react-dev-overlay/internal/helpers/hydration-error-info.js:62
[  216888ms] [ERROR] ./src/components/templates/election/election-template.tsx:12:1
Module not found: Can't resolve './election-nav'
  10 | import ElectionContacts from "./election-contacts";
  11 | import ElectionFooter from "./election-footer";
> 12 | import ElectionNav from "./election-nav";
     | ^
  13 |
  14 | interface Props {
  15 |   data: SiteData;

https://nextjs.org/docs/messages/module-not-found

Import trace for requested module:
./src/app/s/[code]/page.tsx @ webpack-internal:///./node_modules/next/dist/client/components/react-dev-overlay/internal/helpers/hydration-error-info.js:62
[  216966ms] [ERROR] Failed to load resource: the server responded with a status of 500 (Internal Server Error) @ http://localhost:3001/_next/static/webpack/b047ddbcc889202b.webpack.hot-update.json:0
[  216966ms] [WARNING] [Fast Refresh] performing full reload

Fast Refresh will perform a full reload when you edit a file that's imported by modules outside of the React rendering tree.
You might have a file which exports a React component but also exports a value that is imported by a non-React component file.
Consider migrating the non-React component export to a separate file and importing it into both files.

It is also possible the parent component of the component you edited is a class component, which disables Fast Refresh.
Fast Refresh requires at least one parent function component in your React tree. @ webpack-internal:///./node_modules/next/dist/client/components/react-dev-overlay/pages/hot-reloader-client.js:347
[  217135ms] [ERROR] Failed to load resource: the server responded with a status of 500 (Internal Server Error) @ http://localhost:3001/s/demo:0
[  217349ms] Error: Module not found: Can't resolve './election-nav'
  10 | import ElectionContacts from "./election-contacts";
  11 | import ElectionFooter from "./election-footer";
> 12 | import ElectionNav from "./election-nav";
     | ^
  13 |
  14 | interface Props {
  15 |   data: SiteData;

https://nextjs.org/docs/messages/module-not-found

Import trace for requested module:
./src/app/s/[code]/page.tsx
    at <unknown> (https://nextjs.org/docs/messages/module-not-found)
    at getNotFoundError (file:///Users/jojo/pro/myhome/node_modules/next/dist/build/webpack/plugins/wellknown-errors-plugin/parseNotFoundError.js:124:16)
    at async getModuleBuildError (file:///Users/jojo/pro/myhome/node_modules/next/dist/build/webpack/plugins/wellknown-errors-plugin/webpackModuleError.js:104:27)
    at async (file:///Users/jojo/pro/myhome/node_modules/next/dist/build/webpack/plugins/wellknown-errors-plugin/index.js:29:49)
    at async (file:///Users/jojo/pro/myhome/node_modules/next/dist/build/webpack/plugins/wellknown-errors-plugin/index.js:27:21)
[  217345ms] [ERROR] ./src/components/templates/election/election-template.tsx:12:1
Module not found: Can't resolve './election-nav'
  10 | import ElectionContacts from "./election-contacts";
  11 | import ElectionFooter from "./election-footer";
> 12 | import ElectionNav from "./election-nav";
     | ^
  13 |
  14 | interface Props {
  15 |   data: SiteData;

https://nextjs.org/docs/messages/module-not-found

Import trace for requested module:
./src/app/s/[code]/page.tsx @ webpack-internal:///./node_modules/next/dist/client/components/react-dev-overlay/internal/helpers/hydration-error-info.js:62
[  217421ms] [ERROR] ./src/components/templates/election/election-template.tsx:12:1
Module not found: Can't resolve './election-nav'
  10 | import ElectionContacts from "./election-contacts";
  11 | import ElectionFooter from "./election-footer";
> 12 | import ElectionNav from "./election-nav";
     | ^
  13 |
  14 | interface Props {
  15 |   data: SiteData;

https://nextjs.org/docs/messages/module-not-found

Import trace for requested module:
./src/app/s/[code]/page.tsx @ webpack-internal:///./node_modules/next/dist/client/components/react-dev-overlay/internal/helpers/hydration-error-info.js:62
[  229962ms] [ERROR] ./src/components/templates/election/election-template.tsx:12:1
Module not found: Can't resolve './election-nav'
  10 | import ElectionContacts from "./election-contacts";
  11 | import ElectionFooter from "./election-footer";
> 12 | import ElectionNav from "./election-nav";
     | ^
  13 |
  14 | interface Props {
  15 |   data: SiteData;

https://nextjs.org/docs/messages/module-not-found

Import trace for requested module:
./src/app/s/[code]/page.tsx @ webpack-internal:///./node_modules/next/dist/client/components/react-dev-overlay/internal/helpers/hydration-error-info.js:62
[  230110ms] [ERROR] Failed to load resource: the server responded with a status of 500 (Internal Server Error) @ http://localhost:3001/_next/static/webpack/b047ddbcc889202b.webpack.hot-update.json:0
[  230110ms] [WARNING] [Fast Refresh] performing full reload

Fast Refresh will perform a full reload when you edit a file that's imported by modules outside of the React rendering tree.
You might have a file which exports a React component but also exports a value that is imported by a non-React component file.
Consider migrating the non-React component export to a separate file and importing it into both files.

It is also possible the parent component of the component you edited is a class component, which disables Fast Refresh.
Fast Refresh requires at least one parent function component in your React tree. @ webpack-internal:///./node_modules/next/dist/client/components/react-dev-overlay/pages/hot-reloader-client.js:347
[  230274ms] [ERROR] Failed to load resource: the server responded with a status of 500 (Internal Server Error) @ http://localhost:3001/s/demo:0
[  230569ms] Error: Module not found: Can't resolve './election-nav'
  10 | import ElectionContacts from "./election-contacts";
  11 | import ElectionFooter from "./election-footer";
> 12 | import ElectionNav from "./election-nav";
     | ^
  13 |
  14 | interface Props {
  15 |   data: SiteData;

https://nextjs.org/docs/messages/module-not-found

Import trace for requested module:
./src/app/s/[code]/page.tsx
    at <unknown> (https://nextjs.org/docs/messages/module-not-found)
    at getNotFoundError (file:///Users/jojo/pro/myhome/node_modules/next/dist/build/webpack/plugins/wellknown-errors-plugin/parseNotFoundError.js:124:16)
    at async getModuleBuildError (file:///Users/jojo/pro/myhome/node_modules/next/dist/build/webpack/plugins/wellknown-errors-plugin/webpackModuleError.js:104:27)
    at async (file:///Users/jojo/pro/myhome/node_modules/next/dist/build/webpack/plugins/wellknown-errors-plugin/index.js:29:49)
    at async (file:///Users/jojo/pro/myhome/node_modules/next/dist/build/webpack/plugins/wellknown-errors-plugin/index.js:27:21)
[  230604ms] [ERROR] ./src/components/templates/election/election-template.tsx:12:1
Module not found: Can't resolve './election-nav'
  10 | import ElectionContacts from "./election-contacts";
  11 | import ElectionFooter from "./election-footer";
> 12 | import ElectionNav from "./election-nav";
     | ^
  13 |
  14 | interface Props {
  15 |   data: SiteData;

https://nextjs.org/docs/messages/module-not-found

Import trace for requested module:
./src/app/s/[code]/page.tsx @ webpack-internal:///./node_modules/next/dist/client/components/react-dev-overlay/internal/helpers/hydration-error-info.js:62
[  291415ms] [ERROR] ./src/components/templates/election/election-template.tsx:12:1
Module not found: Can't resolve './election-nav'
  10 | import ElectionContacts from "./election-contacts";
  11 | import ElectionFooter from "./election-footer";
> 12 | import ElectionNav from "./election-nav";
     | ^
  13 |
  14 | interface Props {
  15 |   data: SiteData;

https://nextjs.org/docs/messages/module-not-found

Import trace for requested module:
./src/app/s/[code]/page.tsx @ webpack-internal:///./node_modules/next/dist/client/components/react-dev-overlay/internal/helpers/hydration-error-info.js:62
[  291670ms] [ERROR] ./src/components/templates/election/election-template.tsx:12:1
Module not found: Can't resolve './election-nav'
  10 | import ElectionContacts from "./election-contacts";
  11 | import ElectionFooter from "./election-footer";
> 12 | import ElectionNav from "./election-nav";
     | ^
  13 |
  14 | interface Props {
  15 |   data: SiteData;

https://nextjs.org/docs/messages/module-not-found

Import trace for requested module:
./src/app/s/[code]/page.tsx @ webpack-internal:///./node_modules/next/dist/client/components/react-dev-overlay/internal/helpers/hydration-error-info.js:62
[  291707ms] [ERROR] Failed to load resource: the server responded with a status of 500 (Internal Server Error) @ http://localhost:3001/_next/static/webpack/b047ddbcc889202b.webpack.hot-update.json:0
[  291708ms] [WARNING] [Fast Refresh] performing full reload

Fast Refresh will perform a full reload when you edit a file that's imported by modules outside of the React rendering tree.
You might have a file which exports a React component but also exports a value that is imported by a non-React component file.
Consider migrating the non-React component export to a separate file and importing it into both files.

It is also possible the parent component of the component you edited is a class component, which disables Fast Refresh.
Fast Refresh requires at least one parent function component in your React tree. @ webpack-internal:///./node_modules/next/dist/client/components/react-dev-overlay/pages/hot-reloader-client.js:347
[  291939ms] [ERROR] Failed to load resource: the server responded with a status of 500 (Internal Server Error) @ http://localhost:3001/s/demo:0
[  292178ms] Error: Module not found: Can't resolve './election-nav'
  10 | import ElectionContacts from "./election-contacts";
  11 | import ElectionFooter from "./election-footer";
> 12 | import ElectionNav from "./election-nav";
     | ^
  13 |
  14 | interface Props {
  15 |   data: SiteData;

https://nextjs.org/docs/messages/module-not-found

Import trace for requested module:
./src/app/s/[code]/page.tsx
    at <unknown> (https://nextjs.org/docs/messages/module-not-found)
    at getNotFoundError (file:///Users/jojo/pro/myhome/node_modules/next/dist/build/webpack/plugins/wellknown-errors-plugin/parseNotFoundError.js:124:16)
    at async getModuleBuildError (file:///Users/jojo/pro/myhome/node_modules/next/dist/build/webpack/plugins/wellknown-errors-plugin/webpackModuleError.js:104:27)
    at async (file:///Users/jojo/pro/myhome/node_modules/next/dist/build/webpack/plugins/wellknown-errors-plugin/index.js:29:49)
    at async (file:///Users/jojo/pro/myhome/node_modules/next/dist/build/webpack/plugins/wellknown-errors-plugin/index.js:27:21)
[  292209ms] [ERROR] ./src/components/templates/election/election-template.tsx:12:1
Module not found: Can't resolve './election-nav'
  10 | import ElectionContacts from "./election-contacts";
  11 | import ElectionFooter from "./election-footer";
> 12 | import ElectionNav from "./election-nav";
     | ^
  13 |
  14 | interface Props {
  15 |   data: SiteData;

https://nextjs.org/docs/messages/module-not-found

Import trace for requested module:
./src/app/s/[code]/page.tsx @ webpack-internal:///./node_modules/next/dist/client/components/react-dev-overlay/internal/helpers/hydration-error-info.js:62
[  300283ms] [ERROR] ./src/components/templates/election/election-template.tsx:12:1
Module not found: Can't resolve './election-nav'
  10 | import ElectionContacts from "./election-contacts";
  11 | import ElectionFooter from "./election-footer";
> 12 | import ElectionNav from "./election-nav";
     | ^
  13 |
  14 | interface Props {
  15 |   data: SiteData;

https://nextjs.org/docs/messages/module-not-found

Import trace for requested module:
./src/app/s/[code]/page.tsx @ webpack-internal:///./node_modules/next/dist/client/components/react-dev-overlay/internal/helpers/hydration-error-info.js:62
[  300423ms] [ERROR] ./src/components/templates/election/election-template.tsx:12:1
Module not found: Can't resolve './election-nav'
  10 | import ElectionContacts from "./election-contacts";
  11 | import ElectionFooter from "./election-footer";
> 12 | import ElectionNav from "./election-nav";
     | ^
  13 |
  14 | interface Props {
  15 |   data: SiteData;

https://nextjs.org/docs/messages/module-not-found

Import trace for requested module:
./src/app/s/[code]/page.tsx @ webpack-internal:///./node_modules/next/dist/client/components/react-dev-overlay/internal/helpers/hydration-error-info.js:62
[  300460ms] [ERROR] Failed to load resource: the server responded with a status of 500 (Internal Server Error) @ http://localhost:3001/_next/static/webpack/b047ddbcc889202b.webpack.hot-update.json:0
[  300460ms] [WARNING] [Fast Refresh] performing full reload

Fast Refresh will perform a full reload when you edit a file that's imported by modules outside of the React rendering tree.
You might have a file which exports a React component but also exports a value that is imported by a non-React component file.
Consider migrating the non-React component export to a separate file and importing it into both files.

It is also possible the parent component of the component you edited is a class component, which disables Fast Refresh.
Fast Refresh requires at least one parent function component in your React tree. @ webpack-internal:///./node_modules/next/dist/client/components/react-dev-overlay/pages/hot-reloader-client.js:347
[  300643ms] [ERROR] Failed to load resource: the server responded with a status of 500 (Internal Server Error) @ http://localhost:3001/s/demo:0
[  300856ms] Error: Module not found: Can't resolve './election-nav'
  10 | import ElectionContacts from "./election-contacts";
  11 | import ElectionFooter from "./election-footer";
> 12 | import ElectionNav from "./election-nav";
     | ^
  13 |
  14 | interface Props {
  15 |   data: SiteData;

https://nextjs.org/docs/messages/module-not-found

Import trace for requested module:
./src/app/s/[code]/page.tsx
    at <unknown> (https://nextjs.org/docs/messages/module-not-found)
    at getNotFoundError (file:///Users/jojo/pro/myhome/node_modules/next/dist/build/webpack/plugins/wellknown-errors-plugin/parseNotFoundError.js:124:16)
    at async getModuleBuildError (file:///Users/jojo/pro/myhome/node_modules/next/dist/build/webpack/plugins/wellknown-errors-plugin/webpackModuleError.js:104:27)
    at async (file:///Users/jojo/pro/myhome/node_modules/next/dist/build/webpack/plugins/wellknown-errors-plugin/index.js:29:49)
    at async (file:///Users/jojo/pro/myhome/node_modules/next/dist/build/webpack/plugins/wellknown-errors-plugin/index.js:27:21)
[  300888ms] [ERROR] ./src/components/templates/election/election-template.tsx:12:1
Module not found: Can't resolve './election-nav'
  10 | import ElectionContacts from "./election-contacts";
  11 | import ElectionFooter from "./election-footer";
> 12 | import ElectionNav from "./election-nav";
     | ^
  13 |
  14 | interface Props {
  15 |   data: SiteData;

https://nextjs.org/docs/messages/module-not-found

Import trace for requested module:
./src/app/s/[code]/page.tsx @ webpack-internal:///./node_modules/next/dist/client/components/react-dev-overlay/internal/helpers/hydration-error-info.js:62
[  314207ms] [ERROR] ./src/components/templates/election/election-template.tsx:12:1
Module not found: Can't resolve './election-nav'
  10 | import ElectionContacts from "./election-contacts";
  11 | import ElectionFooter from "./election-footer";
> 12 | import ElectionNav from "./election-nav";
     | ^
  13 |
  14 | interface Props {
  15 |   data: SiteData;

https://nextjs.org/docs/messages/module-not-found

Import trace for requested module:
./src/app/s/[code]/page.tsx @ webpack-internal:///./node_modules/next/dist/client/components/react-dev-overlay/internal/helpers/hydration-error-info.js:62
[  314354ms] [ERROR] Failed to load resource: the server responded with a status of 500 (Internal Server Error) @ http://localhost:3001/_next/static/webpack/b047ddbcc889202b.webpack.hot-update.json:0
[  314355ms] [WARNING] [Fast Refresh] performing full reload

Fast Refresh will perform a full reload when you edit a file that's imported by modules outside of the React rendering tree.
You might have a file which exports a React component but also exports a value that is imported by a non-React component file.
Consider migrating the non-React component export to a separate file and importing it into both files.

It is also possible the parent component of the component you edited is a class component, which disables Fast Refresh.
Fast Refresh requires at least one parent function component in your React tree. @ webpack-internal:///./node_modules/next/dist/client/components/react-dev-overlay/pages/hot-reloader-client.js:347
[  314535ms] [ERROR] Failed to load resource: the server responded with a status of 500 (Internal Server Error) @ http://localhost:3001/s/demo:0
[  314795ms] Error: Module not found: Can't resolve './election-nav'
  10 | import ElectionContacts from "./election-contacts";
  11 | import ElectionFooter from "./election-footer";
> 12 | import ElectionNav from "./election-nav";
     | ^
  13 |
  14 | interface Props {
  15 |   data: SiteData;

https://nextjs.org/docs/messages/module-not-found

Import trace for requested module:
./src/app/s/[code]/page.tsx
    at <unknown> (https://nextjs.org/docs/messages/module-not-found)
    at getNotFoundError (file:///Users/jojo/pro/myhome/node_modules/next/dist/build/webpack/plugins/wellknown-errors-plugin/parseNotFoundError.js:124:16)
    at async getModuleBuildError (file:///Users/jojo/pro/myhome/node_modules/next/dist/build/webpack/plugins/wellknown-errors-plugin/webpackModuleError.js:104:27)
    at async (file:///Users/jojo/pro/myhome/node_modules/next/dist/build/webpack/plugins/wellknown-errors-plugin/index.js:29:49)
    at async (file:///Users/jojo/pro/myhome/node_modules/next/dist/build/webpack/plugins/wellknown-errors-plugin/index.js:27:21)
[  314830ms] [ERROR] ./src/components/templates/election/election-template.tsx:12:1
Module not found: Can't resolve './election-nav'
  10 | import ElectionContacts from "./election-contacts";
  11 | import ElectionFooter from "./election-footer";
> 12 | import ElectionNav from "./election-nav";
     | ^
  13 |
  14 | interface Props {
  15 |   data: SiteData;

https://nextjs.org/docs/messages/module-not-found

Import trace for requested module:
./src/app/s/[code]/page.tsx @ webpack-internal:///./node_modules/next/dist/client/components/react-dev-overlay/internal/helpers/hydration-error-info.js:62
[  334619ms] [ERROR] Failed to load resource: the server responded with a status of 404 (Not Found) @ http://localhost:3001/_next/static/webpack/b047ddbcc889202b.webpack.hot-update.json:0
[  334619ms] [WARNING] [Fast Refresh] performing full reload because your application had an unrecoverable error @ webpack-internal:///./node_modules/next/dist/client/components/react-dev-overlay/pages/hot-reloader-client.js:349
[  335467ms] [ERROR] Warning: Text content did not match. Server: "%s" Client: "%s"%s 
        .text-primary { color: var(--primary); }
        .bg-primary { background-color: var(--primary); }
        .border-primary { border-color: var(--primary); }
        .section-heading {
          position: relative;
          display: inline-block;
          padding-bottom: 0.75rem;
        }
        .section-heading::after {
          content: &#x27;&#x27;;
          position: absolute;
          bottom: 0;
          left: 50%;
          transform: translateX(-50%);
          width: 3rem;
          height: 3px;
          background-color: var(--primary);
          border-radius: 2px;
        }
       
        .text-primary { color: var(--primary); }
        .bg-primary { background-color: var(--primary); }
        .border-primary { border-color: var(--primary); }
        .section-heading {
          position: relative;
          display: inline-block;
          padding-bottom: 0.75rem;
        }
        .section-heading::after {
          content: '';
          position: absolute;
          bottom: 0;
          left: 50%;
          transform: translateX(-50%);
          width: 3rem;
          height: 3px;
          background-color: var(--primary);
          border-radius: 2px;
        }
       
    at style
    at div
    at ElectionTemplate (Server)
    at SitePage (Server)
    at InnerLayoutRouter (webpack-internal:///(app-pages-browser)/./node_modules/next/dist/client/components/layout-router.js:243:11)
    at RedirectErrorBoundary (webpack-internal:///(app-pages-browser)/./node_modules/next/dist/client/components/redirect-boundary.js:74:9)
    at RedirectBoundary (webpack-internal:///(app-pages-browser)/./node_modules/next/dist/client/components/redirect-boundary.js:82:11)
    at NotFoundBoundary (webpack-internal:///(app-pages-browser)/./node_modules/next/dist/client/components/not-found-boundary.js:84:11)
    at LoadingBoundary (webpack-internal:///(app-pages-browser)/./node_modules/next/dist/client/components/layout-router.js:349:11)
    at ErrorBoundary (webpack-internal:///(app-pages-browser)/./node_modules/next/dist/client/components/error-boundary.js:160:11)
    at InnerScrollAndFocusHandler (webpack-internal:///(app-pages-browser)/./node_modules/next/dist/client/components/layout-router.js:153:9)
    at ScrollAndFocusHandler (webpack-internal:///(app-pages-browser)/./node_modules/next/dist/client/components/layout-router.js:228:11)
    at RenderFromTemplateContext (webpack-internal:///(app-pages-browser)/./node_modules/next/dist/client/components/render-from-template-context.js:16:44)
    at OuterLayoutRouter (webpack-internal:///(app-pages-browser)/./node_modules/next/dist/client/components/layout-router.js:370:11)
    at div
    at SiteLayout (Server)
    at InnerLayoutRouter (webpack-internal:///(app-pages-browser)/./node_modules/next/dist/client/components/layout-router.js:243:11)
    at RedirectErrorBoundary (webpack-internal:///(app-pages-browser)/./node_modules/next/dist/client/components/redirect-boundary.js:74:9)
    at RedirectBoundary (webpack-internal:///(app-pages-browser)/./node_modules/next/dist/client/components/redirect-boundary.js:82:11)
    at NotFoundBoundary (webpack-internal:///(app-pages-browser)/./node_modules/next/dist/client/components/not-found-boundary.js:84:11)
    at LoadingBoundary (webpack-internal:///(app-pages-browser)/./node_modules/next/dist/client/components/layout-router.js:349:11)
    at ErrorBoundary (webpack-internal:///(app-pages-browser)/./node_modules/next/dist/client/components/error-boundary.js:160:11)
    at InnerScrollAndFocusHandler (webpack-internal:///(app-pages-browser)/./node_modules/next/dist/client/components/layout-router.js:153:9)
    at ScrollAndFocusHandler (webpack-internal:///(app-pages-browser)/./node_modules/next/dist/client/components/layout-router.js:228:11)
    at RenderFromTemplateContext (webpack-internal:///(app-pages-browser)/./node_modules/next/dist/client/components/render-from-template-context.js:16:44)
    at OuterLayoutRouter (webpack-internal:///(app-pages-browser)/./node_modules/next/dist/client/components/layout-router.js:370:11)
    at InnerLayoutRouter (webpack-internal:///(app-pages-browser)/./node_modules/next/dist/client/components/layout-router.js:243:11)
    at RedirectErrorBoundary (webpack-internal:///(app-pages-browser)/./node_modules/next/dist/client/components/redirect-boundary.js:74:9)
    at RedirectBoundary (webpack-internal:///(app-pages-browser)/./node_modules/next/dist/client/components/redirect-boundary.js:82:11)
    at NotFoundErrorBoundary (webpack-internal:///(app-pages-browser)/./node_modules/next/dist/client/components/not-found-boundary.js:76:9)
    at NotFoundBoundary (webpack-internal:///(app-pages-browser)/./node_modules/next/dist/client/components/not-found-boundary.js:84:11)
    at LoadingBoundary (webpack-internal:///(app-pages-browser)/./node_modules/next/dist/client/components/layout-router.js:349:11)
    at ErrorBoundary (webpack-internal:///(app-pages-browser)/./node_modules/next/dist/client/components/error-boundary.js:160:11)
    at InnerScrollAndFocusHandler (webpack-internal:///(app-pages-browser)/./node_modules/next/dist/client/components/layout-router.js:153:9)
    at ScrollAndFocusHandler (webpack-internal:///(app-pages-browser)/./node_modules/next/dist/client/components/layout-router.js:228:11)
    at RenderFromTemplateContext (webpack-internal:///(app-pages-browser)/./node_modules/next/dist/client/components/render-from-template-context.js:16:44)
    at OuterLayoutRouter (webpack-internal:///(app-pages-browser)/./node_modules/next/dist/client/components/layout-router.js:370:11)
    at body
    at html
    at RootLayout (Server)
    at RedirectErrorBoundary (webpack-internal:///(app-pages-browser)/./node_modules/next/dist/client/components/redirect-boundary.js:74:9)
    at RedirectBoundary (webpack-internal:///(app-pages-browser)/./node_modules/next/dist/client/components/redirect-boundary.js:82:11)
    at NotFoundErrorBoundary (webpack-internal:///(app-pages-browser)/./node_modules/next/dist/client/components/not-found-boundary.js:76:9)
    at NotFoundBoundary (webpack-internal:///(app-pages-browser)/./node_modules/next/dist/client/components/not-found-boundary.js:84:11)
    at DevRootNotFoundBoundary (webpack-internal:///(app-pages-browser)/./node_modules/next/dist/client/components/dev-root-not-found-boundary.js:33:11)
    at ReactDevOverlay (webpack-internal:///(app-pages-browser)/./node_modules/next/dist/client/components/react-dev-overlay/app/ReactDevOverlay.js:87:9)
    at HotReload (webpack-internal:///(app-pages-browser)/./node_modules/next/dist/client/components/react-dev-overlay/app/hot-reloader-client.js:321:11)
    at Router (webpack-internal:///(app-pages-browser)/./node_modules/next/dist/client/components/app-router.js:207:11)
    at ErrorBoundaryHandler (webpack-internal:///(app-pages-browser)/./node_modules/next/dist/client/components/error-boundary.js:113:9)
    at ErrorBoundary (webpack-internal:///(app-pages-browser)/./node_modules/next/dist/client/components/error-boundary.js:160:11)
    at AppRouter (webpack-internal:///(app-pages-browser)/./node_modules/next/dist/client/components/app-router.js:585:13)
    at ServerRoot (webpack-internal:///(app-pages-browser)/./node_modules/next/dist/client/app-index.js:112:27)
    at Root (webpack-internal:///(app-pages-browser)/./node_modules/next/dist/client/app-index.js:117:11) @ webpack-internal:///(app-pages-browser)/./node_modules/next/dist/client/app-index.js:32
[  335469ms] [ERROR] Warning: An error occurred during hydration. The server HTML was replaced with client content in <%s>. #document @ webpack-internal:///(app-pages-browser)/./node_modules/next/dist/client/app-index.js:32
[  335535ms] Error: Text content does not match server-rendered HTML.
See more info here: https://nextjs.org/docs/messages/react-hydration-error
    at checkForUnmatchedText (webpack-internal:///(app-pages-browser)/./node_modules/next/dist/compiled/react-dom/cjs/react-dom.development.js:32797:11)
    at diffHydratedProperties (webpack-internal:///(app-pages-browser)/./node_modules/next/dist/compiled/react-dom/cjs/react-dom.development.js:35055:9)
    at hydrateInstance (webpack-internal:///(app-pages-browser)/./node_modules/next/dist/compiled/react-dom/cjs/react-dom.development.js:36127:3)
    at prepareToHydrateHostInstance (webpack-internal:///(app-pages-browser)/./node_modules/next/dist/compiled/react-dom/cjs/react-dom.development.js:7246:3)
    at completeWork (webpack-internal:///(app-pages-browser)/./node_modules/next/dist/compiled/react-dom/cjs/react-dom.development.js:19769:13)
    at completeUnitOfWork (webpack-internal:///(app-pages-browser)/./node_modules/next/dist/compiled/react-dom/cjs/react-dom.development.js:25963:14)
    at performUnitOfWork (webpack-internal:///(app-pages-browser)/./node_modules/next/dist/compiled/react-dom/cjs/react-dom.development.js:25759:5)
    at workLoopConcurrent (webpack-internal:///(app-pages-browser)/./node_modules/next/dist/compiled/react-dom/cjs/react-dom.development.js:25734:5)
    at renderRootConcurrent (webpack-internal:///(app-pages-browser)/./node_modules/next/dist/compiled/react-dom/cjs/react-dom.development.js:25690:9)
    at performConcurrentWorkOnRoot (webpack-internal:///(app-pages-browser)/./node_modules/next/dist/compiled/react-dom/cjs/react-dom.development.js:24504:38)
    at workLoop (webpack-internal:///(app-pages-browser)/./node_modules/next/dist/compiled/scheduler/cjs/scheduler.development.js:256:34)
    at flushWork (webpack-internal:///(app-pages-browser)/./node_modules/next/dist/compiled/scheduler/cjs/scheduler.development.js:225:14)
    at MessagePort.performWorkUntilDeadline (webpack-internal:///(app-pages-browser)/./node_modules/next/dist/compiled/scheduler/cjs/scheduler.development.js:534:21)
[  335536ms] Error: Text content does not match server-rendered HTML.
See more info here: https://nextjs.org/docs/messages/react-hydration-error
    at checkForUnmatchedText (webpack-internal:///(app-pages-browser)/./node_modules/next/dist/compiled/react-dom/cjs/react-dom.development.js:32797:11)
    at diffHydratedProperties (webpack-internal:///(app-pages-browser)/./node_modules/next/dist/compiled/react-dom/cjs/react-dom.development.js:35055:9)
    at hydrateInstance (webpack-internal:///(app-pages-browser)/./node_modules/next/dist/compiled/react-dom/cjs/react-dom.development.js:36127:3)
    at prepareToHydrateHostInstance (webpack-internal:///(app-pages-browser)/./node_modules/next/dist/compiled/react-dom/cjs/react-dom.development.js:7246:3)
    at completeWork (webpack-internal:///(app-pages-browser)/./node_modules/next/dist/compiled/react-dom/cjs/react-dom.development.js:19769:13)
    at completeUnitOfWork (webpack-internal:///(app-pages-browser)/./node_modules/next/dist/compiled/react-dom/cjs/react-dom.development.js:25963:14)
    at performUnitOfWork (webpack-internal:///(app-pages-browser)/./node_modules/next/dist/compiled/react-dom/cjs/react-dom.development.js:25759:5)
    at workLoopConcurrent (webpack-internal:///(app-pages-browser)/./node_modules/next/dist/compiled/react-dom/cjs/react-dom.development.js:25734:5)
    at renderRootConcurrent (webpack-internal:///(app-pages-browser)/./node_modules/next/dist/compiled/react-dom/cjs/react-dom.development.js:25690:9)
    at performConcurrentWorkOnRoot (webpack-internal:///(app-pages-browser)/./node_modules/next/dist/compiled/react-dom/cjs/react-dom.development.js:24504:38)
    at workLoop (webpack-internal:///(app-pages-browser)/./node_modules/next/dist/compiled/scheduler/cjs/scheduler.development.js:256:34)
    at flushWork (webpack-internal:///(app-pages-browser)/./node_modules/next/dist/compiled/scheduler/cjs/scheduler.development.js:225:14)
    at MessagePort.performWorkUntilDeadline (webpack-internal:///(app-pages-browser)/./node_modules/next/dist/compiled/scheduler/cjs/scheduler.development.js:534:21)
[  335537ms] Error: Text content does not match server-rendered HTML.
See more info here: https://nextjs.org/docs/messages/react-hydration-error
    at checkForUnmatchedText (webpack-internal:///(app-pages-browser)/./node_modules/next/dist/compiled/react-dom/cjs/react-dom.development.js:32797:11)
    at diffHydratedProperties (webpack-internal:///(app-pages-browser)/./node_modules/next/dist/compiled/react-dom/cjs/react-dom.development.js:35055:9)
    at hydrateInstance (webpack-internal:///(app-pages-browser)/./node_modules/next/dist/compiled/react-dom/cjs/react-dom.development.js:36127:3)
    at prepareToHydrateHostInstance (webpack-internal:///(app-pages-browser)/./node_modules/next/dist/compiled/react-dom/cjs/react-dom.development.js:7246:3)
    at completeWork (webpack-internal:///(app-pages-browser)/./node_modules/next/dist/compiled/react-dom/cjs/react-dom.development.js:19769:13)
    at completeUnitOfWork (webpack-internal:///(app-pages-browser)/./node_modules/next/dist/compiled/react-dom/cjs/react-dom.development.js:25963:14)
    at performUnitOfWork (webpack-internal:///(app-pages-browser)/./node_modules/next/dist/compiled/react-dom/cjs/react-dom.development.js:25759:5)
    at workLoopConcurrent (webpack-internal:///(app-pages-browser)/./node_modules/next/dist/compiled/react-dom/cjs/react-dom.development.js:25734:5)
    at renderRootConcurrent (webpack-internal:///(app-pages-browser)/./node_modules/next/dist/compiled/react-dom/cjs/react-dom.development.js:25690:9)
    at performConcurrentWorkOnRoot (webpack-internal:///(app-pages-browser)/./node_modules/next/dist/compiled/react-dom/cjs/react-dom.development.js:24504:38)
    at workLoop (webpack-internal:///(app-pages-browser)/./node_modules/next/dist/compiled/scheduler/cjs/scheduler.development.js:256:34)
    at flushWork (webpack-internal:///(app-pages-browser)/./node_modules/next/dist/compiled/scheduler/cjs/scheduler.development.js:225:14)
    at MessagePort.performWorkUntilDeadline (webpack-internal:///(app-pages-browser)/./node_modules/next/dist/compiled/scheduler/cjs/scheduler.development.js:534:21)
[  335538ms] Error: Text content does not match server-rendered HTML.
See more info here: https://nextjs.org/docs/messages/react-hydration-error
    at checkForUnmatchedText (webpack-internal:///(app-pages-browser)/./node_modules/next/dist/compiled/react-dom/cjs/react-dom.development.js:32797:11)
    at diffHydratedProperties (webpack-internal:///(app-pages-browser)/./node_modules/next/dist/compiled/react-dom/cjs/react-dom.development.js:35055:9)
    at hydrateInstance (webpack-internal:///(app-pages-browser)/./node_modules/next/dist/compiled/react-dom/cjs/react-dom.development.js:36127:3)
    at prepareToHydrateHostInstance (webpack-internal:///(app-pages-browser)/./node_modules/next/dist/compiled/react-dom/cjs/react-dom.development.js:7246:3)
    at completeWork (webpack-internal:///(app-pages-browser)/./node_modules/next/dist/compiled/react-dom/cjs/react-dom.development.js:19769:13)
    at completeUnitOfWork (webpack-internal:///(app-pages-browser)/./node_modules/next/dist/compiled/react-dom/cjs/react-dom.development.js:25963:14)
    at performUnitOfWork (webpack-internal:///(app-pages-browser)/./node_modules/next/dist/compiled/react-dom/cjs/react-dom.development.js:25759:5)
    at workLoopConcurrent (webpack-internal:///(app-pages-browser)/./node_modules/next/dist/compiled/react-dom/cjs/react-dom.development.js:25734:5)
    at renderRootConcurrent (webpack-internal:///(app-pages-browser)/./node_modules/next/dist/compiled/react-dom/cjs/react-dom.development.js:25690:9)
    at performConcurrentWorkOnRoot (webpack-internal:///(app-pages-browser)/./node_modules/next/dist/compiled/react-dom/cjs/react-dom.development.js:24504:38)
    at workLoop (webpack-internal:///(app-pages-browser)/./node_modules/next/dist/compiled/scheduler/cjs/scheduler.development.js:256:34)
    at flushWork (webpack-internal:///(app-pages-browser)/./node_modules/next/dist/compiled/scheduler/cjs/scheduler.development.js:225:14)
    at MessagePort.performWorkUntilDeadline (webpack-internal:///(app-pages-browser)/./node_modules/next/dist/compiled/scheduler/cjs/scheduler.development.js:534:21)
[  335540ms] Error: Text content does not match server-rendered HTML.
See more info here: https://nextjs.org/docs/messages/react-hydration-error
    at checkForUnmatchedText (webpack-internal:///(app-pages-browser)/./node_modules/next/dist/compiled/react-dom/cjs/react-dom.development.js:32797:11)
    at diffHydratedProperties (webpack-internal:///(app-pages-browser)/./node_modules/next/dist/compiled/react-dom/cjs/react-dom.development.js:35055:9)
    at hydrateInstance (webpack-internal:///(app-pages-browser)/./node_modules/next/dist/compiled/react-dom/cjs/react-dom.development.js:36127:3)
    at prepareToHydrateHostInstance (webpack-internal:///(app-pages-browser)/./node_modules/next/dist/compiled/react-dom/cjs/react-dom.development.js:7246:3)
    at completeWork (webpack-internal:///(app-pages-browser)/./node_modules/next/dist/compiled/react-dom/cjs/react-dom.development.js:19769:13)
    at completeUnitOfWork (webpack-internal:///(app-pages-browser)/./node_modules/next/dist/compiled/react-dom/cjs/react-dom.development.js:25963:14)
    at performUnitOfWork (webpack-internal:///(app-pages-browser)/./node_modules/next/dist/compiled/react-dom/cjs/react-dom.development.js:25759:5)
    at workLoopConcurrent (webpack-internal:///(app-pages-browser)/./node_modules/next/dist/compiled/react-dom/cjs/react-dom.development.js:25734:5)
    at renderRootConcurrent (webpack-internal:///(app-pages-browser)/./node_modules/next/dist/compiled/react-dom/cjs/react-dom.development.js:25690:9)
    at performConcurrentWorkOnRoot (webpack-internal:///(app-pages-browser)/./node_modules/next/dist/compiled/react-dom/cjs/react-dom.development.js:24504:38)
    at workLoop (webpack-internal:///(app-pages-browser)/./node_modules/next/dist/compiled/scheduler/cjs/scheduler.development.js:256:34)
    at flushWork (webpack-internal:///(app-pages-browser)/./node_modules/next/dist/compiled/scheduler/cjs/scheduler.development.js:225:14)
    at MessagePort.performWorkUntilDeadline (webpack-internal:///(app-pages-browser)/./node_modules/next/dist/compiled/scheduler/cjs/scheduler.development.js:534:21)
[  335540ms] Error: Text content does not match server-rendered HTML.
See more info here: https://nextjs.org/docs/messages/react-hydration-error
    at checkForUnmatchedText (webpack-internal:///(app-pages-browser)/./node_modules/next/dist/compiled/react-dom/cjs/react-dom.development.js:32797:11)
    at diffHydratedProperties (webpack-internal:///(app-pages-browser)/./node_modules/next/dist/compiled/react-dom/cjs/react-dom.development.js:35055:9)
    at hydrateInstance (webpack-internal:///(app-pages-browser)/./node_modules/next/dist/compiled/react-dom/cjs/react-dom.development.js:36127:3)
    at prepareToHydrateHostInstance (webpack-internal:///(app-pages-browser)/./node_modules/next/dist/compiled/react-dom/cjs/react-dom.development.js:7246:3)
    at completeWork (webpack-internal:///(app-pages-browser)/./node_modules/next/dist/compiled/react-dom/cjs/react-dom.development.js:19769:13)
    at completeUnitOfWork (webpack-internal:///(app-pages-browser)/./node_modules/next/dist/compiled/react-dom/cjs/react-dom.development.js:25963:14)
    at performUnitOfWork (webpack-internal:///(app-pages-browser)/./node_modules/next/dist/compiled/react-dom/cjs/react-dom.development.js:25759:5)
    at workLoopConcurrent (webpack-internal:///(app-pages-browser)/./node_modules/next/dist/compiled/react-dom/cjs/react-dom.development.js:25734:5)
    at renderRootConcurrent (webpack-internal:///(app-pages-browser)/./node_modules/next/dist/compiled/react-dom/cjs/react-dom.development.js:25690:9)
    at performConcurrentWorkOnRoot (webpack-internal:///(app-pages-browser)/./node_modules/next/dist/compiled/react-dom/cjs/react-dom.development.js:24504:38)
    at workLoop (webpack-internal:///(app-pages-browser)/./node_modules/next/dist/compiled/scheduler/cjs/scheduler.development.js:256:34)
    at flushWork (webpack-internal:///(app-pages-browser)/./node_modules/next/dist/compiled/scheduler/cjs/scheduler.development.js:225:14)
    at MessagePort.performWorkUntilDeadline (webpack-internal:///(app-pages-browser)/./node_modules/next/dist/compiled/scheduler/cjs/scheduler.development.js:534:21)
[  335541ms] Error: Text content does not match server-rendered HTML.
See more info here: https://nextjs.org/docs/messages/react-hydration-error
    at checkForUnmatchedText (webpack-internal:///(app-pages-browser)/./node_modules/next/dist/compiled/react-dom/cjs/react-dom.development.js:32797:11)
    at diffHydratedProperties (webpack-internal:///(app-pages-browser)/./node_modules/next/dist/compiled/react-dom/cjs/react-dom.development.js:35055:9)
    at hydrateInstance (webpack-internal:///(app-pages-browser)/./node_modules/next/dist/compiled/react-dom/cjs/react-dom.development.js:36127:3)
    at prepareToHydrateHostInstance (webpack-internal:///(app-pages-browser)/./node_modules/next/dist/compiled/react-dom/cjs/react-dom.development.js:7246:3)
    at completeWork (webpack-internal:///(app-pages-browser)/./node_modules/next/dist/compiled/react-dom/cjs/react-dom.development.js:19769:13)
    at completeUnitOfWork (webpack-internal:///(app-pages-browser)/./node_modules/next/dist/compiled/react-dom/cjs/react-dom.development.js:25963:14)
    at performUnitOfWork (webpack-internal:///(app-pages-browser)/./node_modules/next/dist/compiled/react-dom/cjs/react-dom.development.js:25759:5)
    at workLoopConcurrent (webpack-internal:///(app-pages-browser)/./node_modules/next/dist/compiled/react-dom/cjs/react-dom.development.js:25734:5)
    at renderRootConcurrent (webpack-internal:///(app-pages-browser)/./node_modules/next/dist/compiled/react-dom/cjs/react-dom.development.js:25690:9)
    at performConcurrentWorkOnRoot (webpack-internal:///(app-pages-browser)/./node_modules/next/dist/compiled/react-dom/cjs/react-dom.development.js:24504:38)
    at workLoop (webpack-internal:///(app-pages-browser)/./node_modules/next/dist/compiled/scheduler/cjs/scheduler.development.js:256:34)
    at flushWork (webpack-internal:///(app-pages-browser)/./node_modules/next/dist/compiled/scheduler/cjs/scheduler.development.js:225:14)
    at MessagePort.performWorkUntilDeadline (webpack-internal:///(app-pages-browser)/./node_modules/next/dist/compiled/scheduler/cjs/scheduler.development.js:534:21)
[  335541ms] Error: There was an error while hydrating. Because the error happened outside of a Suspense boundary, the entire root will switch to client rendering.
See more info here: https://nextjs.org/docs/messages/react-hydration-error
    at updateHostRoot (webpack-internal:///(app-pages-browser)/./node_modules/next/dist/compiled/react-dom/cjs/react-dom.development.js:16571:57)
    at beginWork$1 (webpack-internal:///(app-pages-browser)/./node_modules/next/dist/compiled/react-dom/cjs/react-dom.development.js:18486:14)
    at beginWork (webpack-internal:///(app-pages-browser)/./node_modules/next/dist/compiled/react-dom/cjs/react-dom.development.js:26927:14)
    at performUnitOfWork (webpack-internal:///(app-pages-browser)/./node_modules/next/dist/compiled/react-dom/cjs/react-dom.development.js:25748:12)
    at workLoopSync (webpack-internal:///(app-pages-browser)/./node_modules/next/dist/compiled/react-dom/cjs/react-dom.development.js:25464:5)
    at renderRootSync (webpack-internal:///(app-pages-browser)/./node_modules/next/dist/compiled/react-dom/cjs/react-dom.development.js:25419:7)
    at recoverFromConcurrentError (webpack-internal:///(app-pages-browser)/./node_modules/next/dist/compiled/react-dom/cjs/react-dom.development.js:24597:20)
    at performConcurrentWorkOnRoot (webpack-internal:///(app-pages-browser)/./node_modules/next/dist/compiled/react-dom/cjs/react-dom.development.js:24542:26)
    at workLoop (webpack-internal:///(app-pages-browser)/./node_modules/next/dist/compiled/scheduler/cjs/scheduler.development.js:256:34)
    at flushWork (webpack-internal:///(app-pages-browser)/./node_modules/next/dist/compiled/scheduler/cjs/scheduler.development.js:225:14)
    at MessagePort.performWorkUntilDeadline (webpack-internal:///(app-pages-browser)/./node_modules/next/dist/compiled/scheduler/cjs/scheduler.development.js:534:21)
